#
# There is insufficient memory for the Java Runtime Environment to continue.
# Native memory allocation (malloc) failed to allocate 2099168 bytes. Error detail: Chunk::new
# Possible reasons:
#   The system is out of physical RAM or swap space
#   This process is running with CompressedOops enabled, and the Java Heap may be blocking the growth of the native heap
# Possible solutions:
#   Reduce memory load on the system
#   Increase physical memory or swap space
#   Check if swap backing store is full
#   Decrease Java heap size (-Xmx/-Xms)
#   Decrease number of Java threads
#   Decrease Java thread stack sizes (-Xss)
#   Set larger code cache with -XX:ReservedCodeCacheSize=
#   JVM is running with Unscaled Compressed Oops mode in which the Java heap is
#     placed in the first 4GB address space. The Java Heap base address is the
#     maximum limit for the native heap growth. Please use -XX:HeapBaseMinAddress
#     to set the Java Heap base and to place the Java Heap above 4GB virtual address.
# This output file may be truncated or incomplete.
#
#  Out of Memory Error (arena.cpp:191), pid=91900, tid=102288
#
# JRE version: OpenJDK Runtime Environment Temurin-17.0.12+7 (17.0.12+7) (build 17.0.12+7)
# Java VM: OpenJDK 64-Bit Server VM Temurin-17.0.12+7 (17.0.12+7, mixed mode, tiered, compressed oops, compressed class ptrs, parallel gc, windows-amd64)
# No core dump will be written. Minidumps are not enabled by default on client versions of Windows
#

---------------  S U M M A R Y ------------

Command Line: --add-modules=ALL-SYSTEM --add-opens=java.base/java.util=ALL-UNNAMED --add-opens=java.base/java.lang=ALL-UNNAMED --add-opens=java.base/sun.nio.fs=ALL-UNNAMED -Declipse.application=org.eclipse.jdt.ls.core.id1 -Dosgi.bundles.defaultStartLevel=4 -Declipse.product=org.eclipse.jdt.ls.core.product -Djava.import.generatesMetadataFilesAtProjectRoot=false -DDetectVMInstallationsJob.disabled=true -Dfile.encoding=utf8 -XX:+UseParallelGC -XX:GCTimeRatio=4 -XX:AdaptiveSizePolicyWeight=90 -Dsun.zip.disableMemoryMapping=true -Xmx1G -Xms100m -Xlog:disable -javaagent:c:\Users\saiki\.vscode\extensions\redhat.java-1.34.0-win32-x64\lombok\lombok-1.18.33.jar -XX:+HeapDumpOnOutOfMemoryError -XX:HeapDumpPath=c:\Users\saiki\AppData\Roaming\Code\User\workspaceStorage\e3fd7e6f57146df4fcd031bbb4822ab2\redhat.java -Daether.dependencyCollector.impl=bf c:\Users\saiki\.vscode\extensions\redhat.java-1.34.0-win32-x64\server\plugins\org.eclipse.equinox.launcher_1.6.900.v20240613-2009.jar -configuration c:\Users\saiki\AppData\Roaming\Code\User\globalStorage\redhat.java\1.34.0\config_win -data c:\Users\saiki\AppData\Roaming\Code\User\workspaceStorage\e3fd7e6f57146df4fcd031bbb4822ab2\redhat.java\jdt_ws --pipe=\\.\pipe\lsp-206252cb1b0e52a1cfb79f28c230f8bb-sock

Host: AMD Ryzen 5 4500U with Radeon Graphics         , 6 cores, 7G,  Windows 11 , 64 bit Build 22621 (10.0.22621.3958)
Time: Fri Sep 13 13:36:12 2024 Central Summer Time elapsed time: 20.558112 seconds (0d 0h 0m 20s)

---------------  T H R E A D  ---------------

Current thread (0x000002737e600220):  JavaThread "C2 CompilerThread0" daemon [_thread_in_native, id=102288, stack(0x000000fa1f600000,0x000000fa1f700000)]


Current CompileTask:
C2:  20558 8262   !   4       org.eclipse.jdt.internal.compiler.classfmt.ClassFileReader::<init> (2158 bytes)

Stack: [0x000000fa1f600000,0x000000fa1f700000]
Native frames: (J=compiled Java code, j=interpreted, Vv=VM code, C=native code)
V  [jvm.dll+0x67f929]
V  [jvm.dll+0x8371ba]
V  [jvm.dll+0x838c7e]
V  [jvm.dll+0x8392e3]
V  [jvm.dll+0x24834f]
V  [jvm.dll+0xac9d4]
V  [jvm.dll+0xad01c]
V  [jvm.dll+0x3674a7]
V  [jvm.dll+0x33197a]
V  [jvm.dll+0x330e1a]
V  [jvm.dll+0x21a8b1]
V  [jvm.dll+0x219cf1]
V  [jvm.dll+0x1a58bd]
V  [jvm.dll+0x229a2d]
V  [jvm.dll+0x227bdc]
V  [jvm.dll+0x7ec1f7]
V  [jvm.dll+0x7e65dc]
V  [jvm.dll+0x67e7f7]
C  [ucrtbase.dll+0x29333]
C  [KERNEL32.DLL+0x1257d]
C  [ntdll.dll+0x5af28]


---------------  P R O C E S S  ---------------

Threads class SMR info:
_java_thread_list=0x0000027306a1c450, length=48, elements={
0x00000273690e2ad0, 0x000002737cf6e130, 0x000002737e5d4960, 0x000002737e5fd240,
0x000002737e5fde00, 0x000002737e5fe9c0, 0x000002737e5ff480, 0x000002737e600220,
0x000002737e661f00, 0x000002737e680cb0, 0x000002737e6bfb90, 0x000002737e952010,
0x000002737f2a12d0, 0x000002737f07f5d0, 0x000002737f080cf0, 0x00000273044bea40,
0x00000273042b07c0, 0x00000273048a44c0, 0x00000273048a6830, 0x00000273048a4ee0,
0x00000273048a49d0, 0x00000273048a53f0, 0x00000273048a3590, 0x00000273048a3aa0,
0x00000273048a3fb0, 0x00000273048a5900, 0x000002737ec2be60, 0x000002737ec2f100,
0x000002737ec2c370, 0x000002737ec2b950, 0x000002737ec2c880, 0x000002737ec2cd90,
0x000002737ec2d2a0, 0x000002737ec2e1d0, 0x000002737ec2ebf0, 0x0000027305c64900,
0x0000027305c60730, 0x0000027305c62fb0, 0x0000027305c64e10, 0x000002730555b950,
0x0000027305c639d0, 0x0000027305c67180, 0x0000027305c66760, 0x0000027305c65830,
0x0000027305c63ee0, 0x0000027305c62080, 0x0000027305c66250, 0x0000027305c66c70
}

Java Threads: ( => current thread )
  0x00000273690e2ad0 JavaThread "main" [_thread_blocked, id=92212, stack(0x000000fa1ed00000,0x000000fa1ee00000)]
  0x000002737cf6e130 JavaThread "Reference Handler" daemon [_thread_blocked, id=95612, stack(0x000000fa1f000000,0x000000fa1f100000)]
  0x000002737e5d4960 JavaThread "Finalizer" daemon [_thread_blocked, id=96020, stack(0x000000fa1f100000,0x000000fa1f200000)]
  0x000002737e5fd240 JavaThread "Signal Dispatcher" daemon [_thread_blocked, id=99432, stack(0x000000fa1f200000,0x000000fa1f300000)]
  0x000002737e5fde00 JavaThread "Attach Listener" daemon [_thread_blocked, id=101788, stack(0x000000fa1f300000,0x000000fa1f400000)]
  0x000002737e5fe9c0 JavaThread "Service Thread" daemon [_thread_blocked, id=106820, stack(0x000000fa1f400000,0x000000fa1f500000)]
  0x000002737e5ff480 JavaThread "Monitor Deflation Thread" daemon [_thread_blocked, id=101512, stack(0x000000fa1f500000,0x000000fa1f600000)]
=>0x000002737e600220 JavaThread "C2 CompilerThread0" daemon [_thread_in_native, id=102288, stack(0x000000fa1f600000,0x000000fa1f700000)]
  0x000002737e661f00 JavaThread "C1 CompilerThread0" daemon [_thread_blocked, id=103744, stack(0x000000fa1f700000,0x000000fa1f800000)]
  0x000002737e680cb0 JavaThread "Sweeper thread" daemon [_thread_blocked, id=102976, stack(0x000000fa1f800000,0x000000fa1f900000)]
  0x000002737e6bfb90 JavaThread "Common-Cleaner" daemon [_thread_blocked, id=96836, stack(0x000000fa1f900000,0x000000fa1fa00000)]
  0x000002737e952010 JavaThread "Notification Thread" daemon [_thread_blocked, id=105836, stack(0x000000fa1fa00000,0x000000fa1fb00000)]
  0x000002737f2a12d0 JavaThread "Active Thread: Equinox Container: 932c76b3-e6e7-4df8-b91c-3b2a6aa8226a" [_thread_blocked, id=91148, stack(0x000000fa20200000,0x000000fa20300000)]
  0x000002737f07f5d0 JavaThread "Framework Event Dispatcher: Equinox Container: 932c76b3-e6e7-4df8-b91c-3b2a6aa8226a" daemon [_thread_blocked, id=89880, stack(0x000000fa20300000,0x000000fa20400000)]
  0x000002737f080cf0 JavaThread "Start Level: Equinox Container: 932c76b3-e6e7-4df8-b91c-3b2a6aa8226a" daemon [_thread_blocked, id=96076, stack(0x000000fa20400000,0x000000fa20500000)]
  0x00000273044bea40 JavaThread "Bundle File Closer" daemon [_thread_blocked, id=79280, stack(0x000000fa20500000,0x000000fa20600000)]
  0x00000273042b07c0 JavaThread "SCR Component Actor" daemon [_thread_blocked, id=104040, stack(0x000000fa20600000,0x000000fa20700000)]
  0x00000273048a44c0 JavaThread "Worker-JM" [_thread_blocked, id=96588, stack(0x000000fa20100000,0x000000fa20200000)]
  0x00000273048a6830 JavaThread "JNA Cleaner" daemon [_thread_blocked, id=96976, stack(0x000000fa20800000,0x000000fa20900000)]
  0x00000273048a4ee0 JavaThread "Worker-0: Publish Diagnostics" [_thread_blocked, id=95180, stack(0x000000fa20900000,0x000000fa20a00000)]
  0x00000273048a49d0 JavaThread "Worker-1: Initialize workspace" [_thread_blocked, id=102384, stack(0x000000fa20a00000,0x000000fa20b00000)]
  0x00000273048a53f0 JavaThread "Java indexing" daemon [_thread_blocked, id=106648, stack(0x000000fa20b00000,0x000000fa20c00000)]
  0x00000273048a3590 JavaThread "Worker-2: Java indexing... " [_thread_blocked, id=102960, stack(0x000000fa20c00000,0x000000fa20d00000)]
  0x00000273048a3aa0 JavaThread "Worker-3" [_thread_blocked, id=104056, stack(0x000000fa20e00000,0x000000fa20f00000)]
  0x00000273048a3fb0 JavaThread "Thread-2" daemon [_thread_in_native, id=93572, stack(0x000000fa21100000,0x000000fa21200000)]
  0x00000273048a5900 JavaThread "Thread-3" daemon [_thread_in_native, id=97228, stack(0x000000fa21200000,0x000000fa21300000)]
  0x000002737ec2be60 JavaThread "Thread-4" daemon [_thread_in_native, id=104420, stack(0x000000fa21300000,0x000000fa21400000)]
  0x000002737ec2f100 JavaThread "Thread-5" daemon [_thread_in_native, id=96584, stack(0x000000fa21400000,0x000000fa21500000)]
  0x000002737ec2c370 JavaThread "Thread-6" daemon [_thread_in_native, id=101668, stack(0x000000fa21500000,0x000000fa21600000)]
  0x000002737ec2b950 JavaThread "Thread-7" daemon [_thread_in_native, id=99020, stack(0x000000fa21600000,0x000000fa21700000)]
  0x000002737ec2c880 JavaThread "Thread-8" daemon [_thread_in_native, id=98632, stack(0x000000fa21700000,0x000000fa21800000)]
  0x000002737ec2cd90 JavaThread "pool-2-thread-1" [_thread_blocked, id=106852, stack(0x000000fa21800000,0x000000fa21900000)]
  0x000002737ec2d2a0 JavaThread "WorkspaceEventsHandler" [_thread_blocked, id=94068, stack(0x000000fa20d00000,0x000000fa20e00000)]
  0x000002737ec2e1d0 JavaThread "pool-1-thread-1" [_thread_blocked, id=97600, stack(0x000000fa21900000,0x000000fa21a00000)]
  0x000002737ec2ebf0 JavaThread "ForkJoinPool.commonPool-worker-1" daemon [_thread_in_vm, id=106316, stack(0x000000fa20700000,0x000000fa20800000)]
  0x0000027305c64900 JavaThread "ForkJoinPool.commonPool-worker-2" daemon [_thread_blocked, id=93644, stack(0x000000fa21a00000,0x000000fa21b00000)]
  0x0000027305c60730 JavaThread "ForkJoinPool.commonPool-worker-3" daemon [_thread_blocked, id=102108, stack(0x000000fa21b00000,0x000000fa21c00000)]
  0x0000027305c62fb0 JavaThread "ForkJoinPool.commonPool-worker-4" daemon [_thread_blocked, id=104384, stack(0x000000fa21c00000,0x000000fa21d00000)]
  0x0000027305c64e10 JavaThread "ForkJoinPool.commonPool-worker-5" daemon [_thread_blocked, id=93552, stack(0x000000fa21d00000,0x000000fa21e00000)]
  0x000002730555b950 JavaThread "C2 CompilerThread1" daemon [_thread_in_vm, id=106484, stack(0x000000fa21e00000,0x000000fa21f00000)]
  0x0000027305c639d0 JavaThread "Compiler Source File Reader" daemon [_thread_blocked, id=96660, stack(0x000000fa21f00000,0x000000fa22000000)]
  0x0000027305c67180 JavaThread "Compiler Source File Reader" daemon [_thread_blocked, id=98796, stack(0x000000fa22000000,0x000000fa22100000)]
  0x0000027305c66760 JavaThread "Compiler Source File Reader" daemon [_thread_blocked, id=92800, stack(0x000000fa22100000,0x000000fa22200000)]
  0x0000027305c65830 JavaThread "Compiler Source File Reader" daemon [_thread_blocked, id=104980, stack(0x000000fa22200000,0x000000fa22300000)]
  0x0000027305c63ee0 JavaThread "Compiler Processing Task" daemon [_thread_blocked, id=89100, stack(0x000000fa22300000,0x000000fa22400000)]
  0x0000027305c62080 JavaThread "Worker-4" [_thread_blocked, id=94504, stack(0x000000fa22400000,0x000000fa22500000)]
  0x0000027305c66250 JavaThread "Thread-9" daemon [_thread_in_Java, id=99436, stack(0x000000fa22500000,0x000000fa22600000)]
  0x0000027305c66c70 JavaThread "SCR Component Registry" daemon [_thread_blocked, id=92572, stack(0x000000fa22600000,0x000000fa22700000)]

Other Threads:
  0x000002736916bce0 VMThread "VM Thread" [stack: 0x000000fa1ef00000,0x000000fa1f000000] [id=106968]
  0x000002737eb2f480 WatcherThread [stack: 0x000000fa1fb00000,0x000000fa1fc00000] [id=101156]
  0x00000273690f5eb0 GCTaskThread "GC Thread#0" [stack: 0x000000fa1ee00000,0x000000fa1ef00000] [id=91132]
  0x000002737f00b790 GCTaskThread "GC Thread#1" [stack: 0x000000fa1fc00000,0x000000fa1fd00000] [id=97104]
  0x000002737f02c2a0 GCTaskThread "GC Thread#2" [stack: 0x000000fa1fd00000,0x000000fa1fe00000] [id=102432]
  0x000002737f004a80 GCTaskThread "GC Thread#3" [stack: 0x000000fa1fe00000,0x000000fa1ff00000] [id=93064]
  0x000002737f004d40 GCTaskThread "GC Thread#4" [stack: 0x000000fa1ff00000,0x000000fa20000000] [id=97056]
  0x000002737f0edbd0 GCTaskThread "GC Thread#5" [stack: 0x000000fa20000000,0x000000fa20100000] [id=106336]

Threads with active compile tasks:
C2 CompilerThread0    20583 8262   !   4       org.eclipse.jdt.internal.compiler.classfmt.ClassFileReader::<init> (2158 bytes)
C2 CompilerThread1    20583 8411       4       java.util.ArrayList::toArray (57 bytes)

VM state: not at safepoint (normal execution)

VM Mutex/Monitor currently owned by a thread:  ([mutex/lock_event])
[0x00000273690df710] Heap_lock - owner thread: 0x00000273048a4ee0

Heap address: 0x00000000c0000000, size: 1024 MB, Compressed Oops mode: 32-bit

CDS archive(s) not mapped
Compressed class space mapped at: 0x0000000100000000-0x0000000140000000, reserved size: 1073741824
Narrow klass base: 0x0000000000000000, Narrow klass shift: 3, Narrow klass range: 0x140000000

GC Precious Log:
 CPUs: 6 total, 6 available
 Memory: 7564M
 Large Page Support: Disabled
 NUMA Support: Disabled
 Compressed Oops: Enabled (32-bit)
 Alignments: Space 512K, Generation 512K, Heap 2M
 Heap Min Capacity: 100M
 Heap Initial Capacity: 100M
 Heap Max Capacity: 1G
 Pre-touch: Disabled
 Parallel Workers: 6

Heap:
 PSYoungGen      total 19456K, used 11004K [0x00000000eab00000, 0x00000000ed180000, 0x0000000100000000)
  eden space 16896K, 49% used [0x00000000eab00000,0x00000000eb33f198,0x00000000ebb80000)
  from space 2560K, 100% used [0x00000000ebc00000,0x00000000ebe80000,0x00000000ebe80000)
  to   space 11264K, 0% used [0x00000000ec680000,0x00000000ec680000,0x00000000ed180000)
 ParOldGen       total 92672K, used 62380K [0x00000000c0000000, 0x00000000c5a80000, 0x00000000eab00000)
  object space 92672K, 67% used [0x00000000c0000000,0x00000000c3ceb090,0x00000000c5a80000)
 Metaspace       used 67752K, committed 68992K, reserved 1114112K
  class space    used 7216K, committed 7744K, reserved 1048576K

Card table byte_map: [0x0000027368a70000,0x0000027368c80000] _byte_map_base: 0x0000027368470000

Marking Bits: (ParMarkBitMap*) 0x00007ffc838d58b0
 Begin Bits: [0x000002737ad70000, 0x000002737bd70000)
 End Bits:   [0x000002737bd70000, 0x000002737cd70000)

Polling page: 0x0000027366f30000

Metaspace:

Usage:
  Non-class:     59.12 MB used.
      Class:      7.05 MB used.
       Both:     66.16 MB used.

Virtual space:
  Non-class space:       64.00 MB reserved,      59.81 MB ( 93%) committed,  1 nodes.
      Class space:        1.00 GB reserved,       7.56 MB ( <1%) committed,  1 nodes.
             Both:        1.06 GB reserved,      67.38 MB (  6%) committed. 

Chunk freelists:
   Non-Class:  3.30 MB
       Class:  8.48 MB
        Both:  11.78 MB

MaxMetaspaceSize: unlimited
CompressedClassSpaceSize: 1.00 GB
Initial GC threshold: 21.00 MB
Current GC threshold: 111.56 MB
CDS: off
MetaspaceReclaimPolicy: balanced
 - commit_granule_bytes: 65536.
 - commit_granule_words: 8192.
 - virtual_space_node_default_size: 8388608.
 - enlarge_chunks_in_place: 1.
 - new_chunks_are_fully_committed: 0.
 - uncommit_free_chunks: 1.
 - use_allocation_guard: 0.
 - handle_deallocations: 1.


Internal statistics:

num_allocs_failed_limit: 11.
num_arena_births: 884.
num_arena_deaths: 28.
num_vsnodes_births: 2.
num_vsnodes_deaths: 0.
num_space_committed: 1078.
num_space_uncommitted: 0.
num_chunks_returned_to_freelist: 39.
num_chunks_taken_from_freelist: 3729.
num_chunk_merges: 21.
num_chunk_splits: 2288.
num_chunks_enlarged: 1267.
num_inconsistent_stats: 0.

CodeHeap 'non-profiled nmethods': size=120000Kb used=4168Kb max_used=4513Kb free=115831Kb
 bounds [0x0000027373840000, 0x0000027373cb0000, 0x000002737ad70000]
CodeHeap 'profiled nmethods': size=120000Kb used=15814Kb max_used=16664Kb free=104185Kb
 bounds [0x000002736bd70000, 0x000002736cdc0000, 0x00000273732a0000]
CodeHeap 'non-nmethods': size=5760Kb used=1372Kb max_used=1437Kb free=4387Kb
 bounds [0x00000273732a0000, 0x0000027373510000, 0x0000027373840000]
 total_blobs=8108 nmethods=7387 adapters=633
 compilation: enabled
              stopped_count=0, restarted_count=0
 full_count=0

Compilation events (20 events):
Event: 20.555 Thread 0x000002730555b950 8530       4       com.google.gson.internal.LinkedTreeMap::rebalance (379 bytes)
Event: 20.555 Thread 0x000002737e661f00 nmethod 8565 0x000002736c883690 code [0x000002736c883ba0, 0x000002736c886fa8]
Event: 20.555 Thread 0x000002737e661f00 8568       2       org.eclipse.jdt.internal.compiler.flow.FlowContext::recordAbruptExit (40 bytes)
Event: 20.555 Thread 0x000002737e661f00 nmethod 8568 0x000002736c01ce10 code [0x000002736c01cfa0, 0x000002736c01d128]
Event: 20.555 Thread 0x000002737e661f00 8573       2       org.eclipse.jdt.internal.compiler.codegen.CodeStream::writeUnsignedShort (50 bytes)
Event: 20.555 Thread 0x000002737e661f00 nmethod 8573 0x000002736c0fef10 code [0x000002736c0ff0a0, 0x000002736c0ff218]
Event: 20.555 Thread 0x000002737e661f00 8566       2       org.eclipse.jdt.internal.compiler.flow.UnconditionalFlowInfo::isDefinitelyAssigned (38 bytes)
Event: 20.556 Thread 0x000002737e661f00 nmethod 8566 0x000002736c4bd390 code [0x000002736c4bd540, 0x000002736c4bd6c8]
Event: 20.556 Thread 0x000002737e661f00 8567       2       org.eclipse.jdt.internal.compiler.ast.SingleNameReference::traverse (14 bytes)
Event: 20.556 Thread 0x000002737e661f00 nmethod 8567 0x000002736c758590 code [0x000002736c758720, 0x000002736c758868]
Event: 20.556 Thread 0x000002737e661f00 8563       2       java.lang.invoke.LambdaForm$MH/0x000000010028e400::invoke (75 bytes)
Event: 20.556 Thread 0x000002737e661f00 nmethod 8563 0x000002736bec3390 code [0x000002736bec3580, 0x000002736bec3848]
Event: 20.556 Thread 0x000002737e661f00 8564       2       java.lang.invoke.LambdaForm$MH/0x000000010028e000::invoke (27 bytes)
Event: 20.556 Thread 0x000002737e661f00 nmethod 8564 0x000002736c5d3790 code [0x000002736c5d3940, 0x000002736c5d3ad8]
Event: 20.556 Thread 0x000002737e661f00 8569       1       org.eclipse.jdt.internal.compiler.ast.Expression::localVariableBinding (2 bytes)
Event: 20.556 Thread 0x000002737e661f00 nmethod 8569 0x0000027373859c90 code [0x0000027373859e20, 0x0000027373859ef8]
Event: 20.556 Thread 0x000002737e661f00 8571       2       org.eclipse.jdt.internal.compiler.lookup.VariableBinding::isFinal (14 bytes)
Event: 20.556 Thread 0x000002737e661f00 nmethod 8571 0x000002736c894290 code [0x000002736c894420, 0x000002736c894558]
Event: 20.556 Thread 0x000002737e661f00 8562       2       java.lang.StringConcatHelper::prepend (30 bytes)
Event: 20.556 Thread 0x000002737e661f00 nmethod 8562 0x000002736c107b90 code [0x000002736c107d40, 0x000002736c107eb8]

GC Heap History (20 events):
Event: 18.553 GC heap before
{Heap before GC invocations=37 (full 3):
 PSYoungGen      total 21504K, used 20677K [0x00000000eab00000, 0x00000000ec100000, 0x0000000100000000)
  eden space 19968K, 99% used [0x00000000eab00000,0x00000000ebe74c90,0x00000000ebe80000)
  from space 1536K, 49% used [0x00000000ebe80000,0x00000000ebf3c770,0x00000000ec000000)
  to   space 1024K, 0% used [0x00000000ec000000,0x00000000ec000000,0x00000000ec100000)
 ParOldGen       total 68608K, used 33769K [0x00000000c0000000, 0x00000000c4300000, 0x00000000eab00000)
  object space 68608K, 49% used [0x00000000c0000000,0x00000000c20fa6e0,0x00000000c4300000)
 Metaspace       used 61434K, committed 62592K, reserved 1114112K
  class space    used 6640K, committed 7104K, reserved 1048576K
}
Event: 18.556 GC heap after
{Heap after GC invocations=37 (full 3):
 PSYoungGen      total 20480K, used 1019K [0x00000000eab00000, 0x00000000ec280000, 0x0000000100000000)
  eden space 19456K, 0% used [0x00000000eab00000,0x00000000eab00000,0x00000000ebe00000)
  from space 1024K, 99% used [0x00000000ec000000,0x00000000ec0fec08,0x00000000ec100000)
  to   space 2048K, 0% used [0x00000000ebe00000,0x00000000ebe00000,0x00000000ec000000)
 ParOldGen       total 68608K, used 34414K [0x00000000c0000000, 0x00000000c4300000, 0x00000000eab00000)
  object space 68608K, 50% used [0x00000000c0000000,0x00000000c219b860,0x00000000c4300000)
 Metaspace       used 61434K, committed 62592K, reserved 1114112K
  class space    used 6640K, committed 7104K, reserved 1048576K
}
Event: 18.868 GC heap before
{Heap before GC invocations=38 (full 3):
 PSYoungGen      total 20480K, used 20475K [0x00000000eab00000, 0x00000000ec280000, 0x0000000100000000)
  eden space 19456K, 100% used [0x00000000eab00000,0x00000000ebe00000,0x00000000ebe00000)
  from space 1024K, 99% used [0x00000000ec000000,0x00000000ec0fec08,0x00000000ec100000)
  to   space 2048K, 0% used [0x00000000ebe00000,0x00000000ebe00000,0x00000000ec000000)
 ParOldGen       total 68608K, used 34414K [0x00000000c0000000, 0x00000000c4300000, 0x00000000eab00000)
  object space 68608K, 50% used [0x00000000c0000000,0x00000000c219b860,0x00000000c4300000)
 Metaspace       used 63474K, committed 64640K, reserved 1114112K
  class space    used 6851K, committed 7360K, reserved 1048576K
}
Event: 18.872 GC heap after
{Heap after GC invocations=38 (full 3):
 PSYoungGen      total 21504K, used 2043K [0x00000000eab00000, 0x00000000ec500000, 0x0000000100000000)
  eden space 19456K, 0% used [0x00000000eab00000,0x00000000eab00000,0x00000000ebe00000)
  from space 2048K, 99% used [0x00000000ebe00000,0x00000000ebffef48,0x00000000ec000000)
  to   space 3584K, 0% used [0x00000000ec180000,0x00000000ec180000,0x00000000ec500000)
 ParOldGen       total 68608K, used 35378K [0x00000000c0000000, 0x00000000c4300000, 0x00000000eab00000)
  object space 68608K, 51% used [0x00000000c0000000,0x00000000c228c868,0x00000000c4300000)
 Metaspace       used 63474K, committed 64640K, reserved 1114112K
  class space    used 6851K, committed 7360K, reserved 1048576K
}
Event: 19.347 GC heap before
{Heap before GC invocations=39 (full 3):
 PSYoungGen      total 21504K, used 21499K [0x00000000eab00000, 0x00000000ec500000, 0x0000000100000000)
  eden space 19456K, 100% used [0x00000000eab00000,0x00000000ebe00000,0x00000000ebe00000)
  from space 2048K, 99% used [0x00000000ebe00000,0x00000000ebffef48,0x00000000ec000000)
  to   space 3584K, 0% used [0x00000000ec180000,0x00000000ec180000,0x00000000ec500000)
 ParOldGen       total 68608K, used 35378K [0x00000000c0000000, 0x00000000c4300000, 0x00000000eab00000)
  object space 68608K, 51% used [0x00000000c0000000,0x00000000c228c868,0x00000000c4300000)
 Metaspace       used 65074K, committed 66304K, reserved 1114112K
  class space    used 7004K, committed 7488K, reserved 1048576K
}
Event: 19.350 GC heap after
{Heap after GC invocations=39 (full 3):
 PSYoungGen      total 22016K, used 2358K [0x00000000eab00000, 0x00000000ec400000, 0x0000000100000000)
  eden space 19456K, 0% used [0x00000000eab00000,0x00000000eab00000,0x00000000ebe00000)
  from space 2560K, 92% used [0x00000000ec180000,0x00000000ec3cdbe0,0x00000000ec400000)
  to   space 3072K, 0% used [0x00000000ebe00000,0x00000000ebe00000,0x00000000ec100000)
 ParOldGen       total 68608K, used 37257K [0x00000000c0000000, 0x00000000c4300000, 0x00000000eab00000)
  object space 68608K, 54% used [0x00000000c0000000,0x00000000c2462450,0x00000000c4300000)
 Metaspace       used 65074K, committed 66304K, reserved 1114112K
  class space    used 7004K, committed 7488K, reserved 1048576K
}
Event: 19.659 GC heap before
{Heap before GC invocations=40 (full 3):
 PSYoungGen      total 22016K, used 21814K [0x00000000eab00000, 0x00000000ec400000, 0x0000000100000000)
  eden space 19456K, 100% used [0x00000000eab00000,0x00000000ebe00000,0x00000000ebe00000)
  from space 2560K, 92% used [0x00000000ec180000,0x00000000ec3cdbe0,0x00000000ec400000)
  to   space 3072K, 0% used [0x00000000ebe00000,0x00000000ebe00000,0x00000000ec100000)
 ParOldGen       total 68608K, used 37257K [0x00000000c0000000, 0x00000000c4300000, 0x00000000eab00000)
  object space 68608K, 54% used [0x00000000c0000000,0x00000000c2462450,0x00000000c4300000)
 Metaspace       used 65952K, committed 67136K, reserved 1114112K
  class space    used 7070K, committed 7552K, reserved 1048576K
}
Event: 19.664 GC heap after
{Heap after GC invocations=40 (full 3):
 PSYoungGen      total 22528K, used 2851K [0x00000000eab00000, 0x00000000ec400000, 0x0000000100000000)
  eden space 19456K, 0% used [0x00000000eab00000,0x00000000eab00000,0x00000000ebe00000)
  from space 3072K, 92% used [0x00000000ebe00000,0x00000000ec0c8d60,0x00000000ec100000)
  to   space 3072K, 0% used [0x00000000ec100000,0x00000000ec100000,0x00000000ec400000)
 ParOldGen       total 68608K, used 39366K [0x00000000c0000000, 0x00000000c4300000, 0x00000000eab00000)
  object space 68608K, 57% used [0x00000000c0000000,0x00000000c2671a58,0x00000000c4300000)
 Metaspace       used 65952K, committed 67136K, reserved 1114112K
  class space    used 7070K, committed 7552K, reserved 1048576K
}
Event: 19.798 GC heap before
{Heap before GC invocations=41 (full 3):
 PSYoungGen      total 22528K, used 22300K [0x00000000eab00000, 0x00000000ec400000, 0x0000000100000000)
  eden space 19456K, 99% used [0x00000000eab00000,0x00000000ebdfe678,0x00000000ebe00000)
  from space 3072K, 92% used [0x00000000ebe00000,0x00000000ec0c8d60,0x00000000ec100000)
  to   space 3072K, 0% used [0x00000000ec100000,0x00000000ec100000,0x00000000ec400000)
 ParOldGen       total 68608K, used 39366K [0x00000000c0000000, 0x00000000c4300000, 0x00000000eab00000)
  object space 68608K, 57% used [0x00000000c0000000,0x00000000c2671a58,0x00000000c4300000)
 Metaspace       used 66096K, committed 67328K, reserved 1114112K
  class space    used 7094K, committed 7616K, reserved 1048576K
}
Event: 19.802 GC heap after
{Heap after GC invocations=41 (full 3):
 PSYoungGen      total 20480K, used 746K [0x00000000eab00000, 0x00000000ec200000, 0x0000000100000000)
  eden space 19456K, 0% used [0x00000000eab00000,0x00000000eab00000,0x00000000ebe00000)
  from space 1024K, 72% used [0x00000000ec100000,0x00000000ec1ba938,0x00000000ec200000)
  to   space 1536K, 0% used [0x00000000ebf00000,0x00000000ebf00000,0x00000000ec080000)
 ParOldGen       total 68608K, used 42097K [0x00000000c0000000, 0x00000000c4300000, 0x00000000eab00000)
  object space 68608K, 61% used [0x00000000c0000000,0x00000000c291c690,0x00000000c4300000)
 Metaspace       used 66096K, committed 67328K, reserved 1114112K
  class space    used 7094K, committed 7616K, reserved 1048576K
}
Event: 19.870 GC heap before
{Heap before GC invocations=42 (full 3):
 PSYoungGen      total 20480K, used 20202K [0x00000000eab00000, 0x00000000ec200000, 0x0000000100000000)
  eden space 19456K, 100% used [0x00000000eab00000,0x00000000ebe00000,0x00000000ebe00000)
  from space 1024K, 72% used [0x00000000ec100000,0x00000000ec1ba938,0x00000000ec200000)
  to   space 1536K, 0% used [0x00000000ebf00000,0x00000000ebf00000,0x00000000ec080000)
 ParOldGen       total 68608K, used 42097K [0x00000000c0000000, 0x00000000c4300000, 0x00000000eab00000)
  object space 68608K, 61% used [0x00000000c0000000,0x00000000c291c690,0x00000000c4300000)
 Metaspace       used 66243K, committed 67456K, reserved 1114112K
  class space    used 7107K, committed 7616K, reserved 1048576K
}
Event: 19.873 GC heap after
{Heap after GC invocations=42 (full 3):
 PSYoungGen      total 20992K, used 1507K [0x00000000eab00000, 0x00000000ec400000, 0x0000000100000000)
  eden space 19456K, 0% used [0x00000000eab00000,0x00000000eab00000,0x00000000ebe00000)
  from space 1536K, 98% used [0x00000000ebf00000,0x00000000ec078df8,0x00000000ec080000)
  to   space 3072K, 0% used [0x00000000ec100000,0x00000000ec100000,0x00000000ec400000)
 ParOldGen       total 68608K, used 43069K [0x00000000c0000000, 0x00000000c4300000, 0x00000000eab00000)
  object space 68608K, 62% used [0x00000000c0000000,0x00000000c2a0f730,0x00000000c4300000)
 Metaspace       used 66243K, committed 67456K, reserved 1114112K
  class space    used 7107K, committed 7616K, reserved 1048576K
}
Event: 20.139 GC heap before
{Heap before GC invocations=43 (full 3):
 PSYoungGen      total 20992K, used 20963K [0x00000000eab00000, 0x00000000ec400000, 0x0000000100000000)
  eden space 19456K, 100% used [0x00000000eab00000,0x00000000ebe00000,0x00000000ebe00000)
  from space 1536K, 98% used [0x00000000ebf00000,0x00000000ec078df8,0x00000000ec080000)
  to   space 3072K, 0% used [0x00000000ec100000,0x00000000ec100000,0x00000000ec400000)
 ParOldGen       total 68608K, used 43069K [0x00000000c0000000, 0x00000000c4300000, 0x00000000eab00000)
  object space 68608K, 62% used [0x00000000c0000000,0x00000000c2a0f730,0x00000000c4300000)
 Metaspace       used 67001K, committed 68160K, reserved 1114112K
  class space    used 7173K, committed 7616K, reserved 1048576K
}
Event: 20.143 GC heap after
{Heap after GC invocations=43 (full 3):
 PSYoungGen      total 19968K, used 3069K [0x00000000eab00000, 0x00000000ec900000, 0x0000000100000000)
  eden space 16896K, 0% used [0x00000000eab00000,0x00000000eab00000,0x00000000ebb80000)
  from space 3072K, 99% used [0x00000000ec100000,0x00000000ec3ff648,0x00000000ec400000)
  to   space 5632K, 0% used [0x00000000ebb80000,0x00000000ebb80000,0x00000000ec100000)
 ParOldGen       total 68608K, used 45063K [0x00000000c0000000, 0x00000000c4300000, 0x00000000eab00000)
  object space 68608K, 65% used [0x00000000c0000000,0x00000000c2c01f50,0x00000000c4300000)
 Metaspace       used 67001K, committed 68160K, reserved 1114112K
  class space    used 7173K, committed 7616K, reserved 1048576K
}
Event: 20.188 GC heap before
{Heap before GC invocations=44 (full 3):
 PSYoungGen      total 19968K, used 19965K [0x00000000eab00000, 0x00000000ec900000, 0x0000000100000000)
  eden space 16896K, 100% used [0x00000000eab00000,0x00000000ebb80000,0x00000000ebb80000)
  from space 3072K, 99% used [0x00000000ec100000,0x00000000ec3ff648,0x00000000ec400000)
  to   space 5632K, 0% used [0x00000000ebb80000,0x00000000ebb80000,0x00000000ec100000)
 ParOldGen       total 68608K, used 45063K [0x00000000c0000000, 0x00000000c4300000, 0x00000000eab00000)
  object space 68608K, 65% used [0x00000000c0000000,0x00000000c2c01f88,0x00000000c4300000)
 Metaspace       used 67087K, committed 68288K, reserved 1114112K
  class space    used 7177K, committed 7680K, reserved 1048576K
}
Event: 20.195 GC heap after
{Heap after GC invocations=44 (full 3):
 PSYoungGen      total 17920K, used 786K [0x00000000eab00000, 0x00000000ec300000, 0x0000000100000000)
  eden space 16896K, 0% used [0x00000000eab00000,0x00000000eab00000,0x00000000ebb80000)
  from space 1024K, 76% used [0x00000000ebb80000,0x00000000ebc44b20,0x00000000ebc80000)
  to   space 2560K, 0% used [0x00000000ec080000,0x00000000ec080000,0x00000000ec300000)
 ParOldGen       total 68608K, used 55335K [0x00000000c0000000, 0x00000000c4300000, 0x00000000eab00000)
  object space 68608K, 80% used [0x00000000c0000000,0x00000000c3609df8,0x00000000c4300000)
 Metaspace       used 67087K, committed 68288K, reserved 1114112K
  class space    used 7177K, committed 7680K, reserved 1048576K
}
Event: 20.318 GC heap before
{Heap before GC invocations=45 (full 4):
 PSYoungGen      total 17920K, used 17682K [0x00000000eab00000, 0x00000000ec300000, 0x0000000100000000)
  eden space 16896K, 100% used [0x00000000eab00000,0x00000000ebb80000,0x00000000ebb80000)
  from space 1024K, 76% used [0x00000000ebb80000,0x00000000ebc44b20,0x00000000ebc80000)
  to   space 2560K, 0% used [0x00000000ec080000,0x00000000ec080000,0x00000000ec300000)
 ParOldGen       total 83968K, used 81714K [0x00000000c0000000, 0x00000000c5200000, 0x00000000eab00000)
  object space 83968K, 97% used [0x00000000c0000000,0x00000000c4fcca08,0x00000000c5200000)
 Metaspace       used 67290K, committed 68544K, reserved 1114112K
  class space    used 7198K, committed 7744K, reserved 1048576K
}
Event: 20.371 GC heap after
{Heap after GC invocations=45 (full 4):
 PSYoungGen      total 17408K, used 0K [0x00000000eab00000, 0x00000000ec100000, 0x0000000100000000)
  eden space 16896K, 0% used [0x00000000eab00000,0x00000000eab00000,0x00000000ebb80000)
  from space 512K, 0% used [0x00000000ec080000,0x00000000ec080000,0x00000000ec100000)
  to   space 2560K, 0% used [0x00000000ebc00000,0x00000000ebc00000,0x00000000ebe80000)
 ParOldGen       total 92672K, used 55469K [0x00000000c0000000, 0x00000000c5a80000, 0x00000000eab00000)
  object space 92672K, 59% used [0x00000000c0000000,0x00000000c362b428,0x00000000c5a80000)
 Metaspace       used 67290K, committed 68544K, reserved 1114112K
  class space    used 7198K, committed 7744K, reserved 1048576K
}
Event: 20.495 GC heap before
{Heap before GC invocations=46 (full 4):
 PSYoungGen      total 17408K, used 16896K [0x00000000eab00000, 0x00000000ec100000, 0x0000000100000000)
  eden space 16896K, 100% used [0x00000000eab00000,0x00000000ebb80000,0x00000000ebb80000)
  from space 512K, 0% used [0x00000000ec080000,0x00000000ec080000,0x00000000ec100000)
  to   space 2560K, 0% used [0x00000000ebc00000,0x00000000ebc00000,0x00000000ebe80000)
 ParOldGen       total 92672K, used 55469K [0x00000000c0000000, 0x00000000c5a80000, 0x00000000eab00000)
  object space 92672K, 59% used [0x00000000c0000000,0x00000000c362b428,0x00000000c5a80000)
 Metaspace       used 67536K, committed 68800K, reserved 1114112K
  class space    used 7211K, committed 7744K, reserved 1048576K
}
Event: 20.505 GC heap after
{Heap after GC invocations=46 (full 4):
 PSYoungGen      total 19456K, used 2560K [0x00000000eab00000, 0x00000000ed180000, 0x0000000100000000)
  eden space 16896K, 0% used [0x00000000eab00000,0x00000000eab00000,0x00000000ebb80000)
  from space 2560K, 100% used [0x00000000ebc00000,0x00000000ebe80000,0x00000000ebe80000)
  to   space 11264K, 0% used [0x00000000ec680000,0x00000000ec680000,0x00000000ed180000)
 ParOldGen       total 92672K, used 62380K [0x00000000c0000000, 0x00000000c5a80000, 0x00000000eab00000)
  object space 92672K, 67% used [0x00000000c0000000,0x00000000c3ceb090,0x00000000c5a80000)
 Metaspace       used 67536K, committed 68800K, reserved 1114112K
  class space    used 7211K, committed 7744K, reserved 1048576K
}

Dll operation events (10 events):
Event: 0.022 Loaded shared library c:\Users\saiki\.vscode\extensions\redhat.java-1.34.0-win32-x64\jre\17.0.12-win32-x86_64\bin\java.dll
Event: 0.516 Loaded shared library c:\Users\saiki\.vscode\extensions\redhat.java-1.34.0-win32-x64\jre\17.0.12-win32-x86_64\bin\zip.dll
Event: 0.530 Loaded shared library C:\Users\saiki\.vscode\extensions\redhat.java-1.34.0-win32-x64\jre\17.0.12-win32-x86_64\bin\instrument.dll
Event: 0.572 Loaded shared library C:\Users\saiki\.vscode\extensions\redhat.java-1.34.0-win32-x64\jre\17.0.12-win32-x86_64\bin\net.dll
Event: 0.574 Loaded shared library C:\Users\saiki\.vscode\extensions\redhat.java-1.34.0-win32-x64\jre\17.0.12-win32-x86_64\bin\nio.dll
Event: 0.588 Loaded shared library C:\Users\saiki\.vscode\extensions\redhat.java-1.34.0-win32-x64\jre\17.0.12-win32-x86_64\bin\zip.dll
Event: 0.607 Loaded shared library C:\Users\saiki\.vscode\extensions\redhat.java-1.34.0-win32-x64\jre\17.0.12-win32-x86_64\bin\jimage.dll
Event: 0.679 Loaded shared library c:\Users\saiki\.vscode\extensions\redhat.java-1.34.0-win32-x64\jre\17.0.12-win32-x86_64\bin\verify.dll
Event: 2.784 Loaded shared library C:\Users\saiki\AppData\Roaming\Code\User\globalStorage\redhat.java\1.34.0\config_win\org.eclipse.equinox.launcher\org.eclipse.equinox.launcher.win32.win32.x86_64_1.2.1100.v20240722-2106\eclipse_11904.dll
Event: 5.293 Loaded shared library C:\Users\saiki\AppData\Local\Temp\jna-109198969\jna17601579078988731677.dll

Deoptimization events (20 events):
Event: 20.318 Thread 0x0000027305c66250 DEOPT PACKING pc=0x000002736c79e657 sp=0x000000fa225fe8f0
Event: 20.318 Thread 0x0000027305c66250 DEOPT UNPACKING pc=0x00000273732f6e43 sp=0x000000fa225fde00 mode 3
Event: 20.318 Thread 0x0000027305c66250 DEOPT PACKING pc=0x000002736c79e484 sp=0x000000fa225fea50
Event: 20.318 Thread 0x0000027305c66250 DEOPT UNPACKING pc=0x00000273732f6e43 sp=0x000000fa225fdf58 mode 0
Event: 20.318 Thread 0x0000027305c66250 DEOPT PACKING pc=0x000002736c79e484 sp=0x000000fa225febb0
Event: 20.318 Thread 0x0000027305c66250 DEOPT UNPACKING pc=0x00000273732f6e43 sp=0x000000fa225fe0b0 mode 0
Event: 20.372 Thread 0x0000027305c66250 Uncommon trap: trap_request=0xffffffc6 fr.pc=0x0000027373abc0d4 relative=0x0000000000000274
Event: 20.372 Thread 0x0000027305c66250 Uncommon trap: reason=bimorphic_or_optimized_type_check action=maybe_recompile pc=0x0000027373abc0d4 method=com.google.gson.internal.bind.TypeAdapterRuntimeTypeWrapper.read(Lcom/google/gson/stream/JsonReader;)Ljava/lang/Object; @ 5 c2
Event: 20.372 Thread 0x0000027305c66250 DEOPT PACKING pc=0x0000027373abc0d4 sp=0x000000fa225fec80
Event: 20.372 Thread 0x0000027305c66250 DEOPT UNPACKING pc=0x00000273732f66a3 sp=0x000000fa225fec08 mode 2
Event: 20.372 Thread 0x0000027305c66250 Uncommon trap: trap_request=0xffffffc6 fr.pc=0x0000027373abc0d4 relative=0x0000000000000274
Event: 20.372 Thread 0x0000027305c66250 Uncommon trap: reason=bimorphic_or_optimized_type_check action=maybe_recompile pc=0x0000027373abc0d4 method=com.google.gson.internal.bind.TypeAdapterRuntimeTypeWrapper.read(Lcom/google/gson/stream/JsonReader;)Ljava/lang/Object; @ 5 c2
Event: 20.372 Thread 0x0000027305c66250 DEOPT PACKING pc=0x0000027373abc0d4 sp=0x000000fa225feb70
Event: 20.372 Thread 0x0000027305c66250 DEOPT UNPACKING pc=0x00000273732f66a3 sp=0x000000fa225feb08 mode 2
Event: 20.423 Thread 0x000002737ec2ebf0 Uncommon trap: trap_request=0xffffff45 fr.pc=0x0000027373c9b2f4 relative=0x0000000000009e74
Event: 20.423 Thread 0x000002737ec2ebf0 Uncommon trap: reason=unstable_if action=reinterpret pc=0x0000027373c9b2f4 method=org.eclipse.jdt.internal.compiler.classfmt.MethodInfo.getMethodDescriptor()[C @ 4 c2
Event: 20.423 Thread 0x000002737ec2ebf0 DEOPT PACKING pc=0x0000027373c9b2f4 sp=0x000000fa207fc680
Event: 20.424 Thread 0x000002737ec2ebf0 DEOPT UNPACKING pc=0x00000273732f66a3 sp=0x000000fa207fc5e8 mode 2
Event: 20.428 Thread 0x000002737ec2ebf0 DEOPT PACKING pc=0x000002736c915c95 sp=0x000000fa207fc800
Event: 20.428 Thread 0x000002737ec2ebf0 DEOPT UNPACKING pc=0x00000273732f6e43 sp=0x000000fa207fbdc0 mode 0

Classes loaded (20 events):
Event: 20.033 Loading class com/sun/crypto/provider/FeedbackCipher done
Event: 20.033 Loading class com/sun/crypto/provider/ElectronicCodeBook done
Event: 20.033 Loading class com/sun/crypto/provider/PKCS5Padding
Event: 20.033 Loading class com/sun/crypto/provider/Padding
Event: 20.033 Loading class com/sun/crypto/provider/Padding done
Event: 20.033 Loading class com/sun/crypto/provider/PKCS5Padding done
Event: 20.033 Loading class com/sun/crypto/provider/CipherBlockChaining
Event: 20.034 Loading class com/sun/crypto/provider/CipherBlockChaining done
Event: 20.034 Loading class javax/crypto/NullCipher
Event: 20.034 Loading class javax/crypto/NullCipher done
Event: 20.034 Loading class sun/security/util/ArrayUtil
Event: 20.034 Loading class sun/security/util/ArrayUtil done
Event: 20.040 Loading class java/util/concurrent/ForkJoinTask$AdaptedCallable
Event: 20.040 Loading class java/util/concurrent/ForkJoinTask$AdaptedCallable done
Event: 20.040 Loading class java/util/concurrent/CountedCompleter
Event: 20.041 Loading class java/util/concurrent/CountedCompleter done
Event: 20.115 Loading class java/util/zip/CheckedInputStream
Event: 20.115 Loading class java/util/zip/CheckedInputStream done
Event: 20.285 Loading class java/util/zip/GZIPInputStream$1
Event: 20.286 Loading class java/util/zip/GZIPInputStream$1 done

Classes unloaded (14 events):
Event: 4.574 Thread 0x000002736916bce0 Unloading class 0x0000000100256400 'java/lang/invoke/LambdaForm$MH+0x0000000100256400'
Event: 4.574 Thread 0x000002736916bce0 Unloading class 0x0000000100256000 'java/lang/invoke/LambdaForm$MH+0x0000000100256000'
Event: 4.574 Thread 0x000002736916bce0 Unloading class 0x0000000100255c00 'java/lang/invoke/LambdaForm$MH+0x0000000100255c00'
Event: 4.574 Thread 0x000002736916bce0 Unloading class 0x0000000100255800 'java/lang/invoke/LambdaForm$MH+0x0000000100255800'
Event: 4.574 Thread 0x000002736916bce0 Unloading class 0x0000000100255400 'java/lang/invoke/LambdaForm$BMH+0x0000000100255400'
Event: 4.574 Thread 0x000002736916bce0 Unloading class 0x0000000100255000 'java/lang/invoke/LambdaForm$DMH+0x0000000100255000'
Event: 4.574 Thread 0x000002736916bce0 Unloading class 0x0000000100250400 'java/lang/invoke/LambdaForm$DMH+0x0000000100250400'
Event: 7.761 Thread 0x000002736916bce0 Unloading class 0x0000000100255c00 'java/lang/invoke/LambdaForm$MH+0x0000000100255c00'
Event: 7.761 Thread 0x000002736916bce0 Unloading class 0x0000000100255800 'java/lang/invoke/LambdaForm$MH+0x0000000100255800'
Event: 7.761 Thread 0x000002736916bce0 Unloading class 0x0000000100255400 'java/lang/invoke/LambdaForm$MH+0x0000000100255400'
Event: 7.761 Thread 0x000002736916bce0 Unloading class 0x0000000100255000 'java/lang/invoke/LambdaForm$MH+0x0000000100255000'
Event: 7.761 Thread 0x000002736916bce0 Unloading class 0x0000000100256400 'java/lang/invoke/LambdaForm$BMH+0x0000000100256400'
Event: 7.761 Thread 0x000002736916bce0 Unloading class 0x0000000100256000 'java/lang/invoke/LambdaForm$DMH+0x0000000100256000'
Event: 7.761 Thread 0x000002736916bce0 Unloading class 0x0000000100250400 'java/lang/invoke/LambdaForm$DMH+0x0000000100250400'

Classes redefined (0 events):
No events

Internal exceptions (20 events):
Event: 19.804 Thread 0x000002737ec2ebf0 Implicit null exception at 0x0000027373a8f0c6 to 0x0000027373a92dd4
Event: 19.806 Thread 0x000002737ec2ebf0 Exception <a 'java/lang/IncompatibleClassChangeError'{0x00000000eab05e18}: Found class java.lang.Object, but interface was expected> (0x00000000eab05e18) 
thrown [s\src\hotspot\share\interpreter\linkResolver.cpp, line 826]
Event: 19.841 Thread 0x0000027305c66250 Exception <a 'sun/nio/fs/WindowsException'{0x00000000eb7c16c0}> (0x00000000eb7c16c0) 
thrown [s\src\hotspot\share\prims\jni.cpp, line 516]
Event: 19.926 Thread 0x00000273048a3aa0 Exception <a 'sun/nio/fs/WindowsException'{0x00000000ead489f0}> (0x00000000ead489f0) 
thrown [s\src\hotspot\share\prims\jni.cpp, line 516]
Event: 19.926 Thread 0x00000273048a3aa0 Exception <a 'sun/nio/fs/WindowsException'{0x00000000ead49108}> (0x00000000ead49108) 
thrown [s\src\hotspot\share\prims\jni.cpp, line 516]
Event: 19.955 Thread 0x000002737ec2ebf0 Exception <a 'java/lang/NoSuchMethodError'{0x00000000eb478530}: 'int java.lang.invoke.DirectMethodHandle$Holder.invokeStatic(java.lang.Object, java.lang.Object, java.lang.Object, int)'> (0x00000000eb478530) 
thrown [s\src\hotspot\share\interpreter\linkResolver.cpp, line 759]
Event: 20.053 Thread 0x000002737ec2ebf0 Implicit null exception at 0x0000027373bdb4a1 to 0x0000027373bdb5d0
Event: 20.250 Thread 0x00000273048a49d0 Exception <a 'sun/nio/fs/WindowsException'{0x00000000eae16828}> (0x00000000eae16828) 
thrown [s\src\hotspot\share\prims\jni.cpp, line 516]
Event: 20.250 Thread 0x00000273048a49d0 Exception <a 'sun/nio/fs/WindowsException'{0x00000000eae16f40}> (0x00000000eae16f40) 
thrown [s\src\hotspot\share\prims\jni.cpp, line 516]
Event: 20.251 Thread 0x00000273048a49d0 Exception <a 'sun/nio/fs/WindowsException'{0x00000000eae17f80}> (0x00000000eae17f80) 
thrown [s\src\hotspot\share\prims\jni.cpp, line 516]
Event: 20.251 Thread 0x00000273048a49d0 Exception <a 'sun/nio/fs/WindowsException'{0x00000000eae18698}> (0x00000000eae18698) 
thrown [s\src\hotspot\share\prims\jni.cpp, line 516]
Event: 20.267 Thread 0x00000273048a49d0 Exception <a 'java/io/FileNotFoundException'{0x00000000eae2f6d0}> (0x00000000eae2f6d0) 
thrown [s\src\hotspot\share\prims\jni.cpp, line 516]
Event: 20.267 Thread 0x00000273048a49d0 Exception <a 'java/io/FileNotFoundException'{0x00000000eae30448}> (0x00000000eae30448) 
thrown [s\src\hotspot\share\prims\jni.cpp, line 516]
Event: 20.282 Thread 0x00000273048a49d0 Exception <a 'sun/nio/fs/WindowsException'{0x00000000eafa82c8}> (0x00000000eafa82c8) 
thrown [s\src\hotspot\share\prims\jni.cpp, line 516]
Event: 20.282 Thread 0x00000273048a49d0 Exception <a 'sun/nio/fs/WindowsException'{0x00000000eafa89e0}> (0x00000000eafa89e0) 
thrown [s\src\hotspot\share\prims\jni.cpp, line 516]
Event: 20.516 Thread 0x000002737ec2ebf0 Exception <a 'java/lang/ArrayIndexOutOfBoundsException'{0x00000000eaba3870}> (0x00000000eaba3870) 
thrown [s\src\hotspot\share\runtime\sharedRuntime.cpp, line 631]
Event: 20.516 Thread 0x000002737ec2ebf0 Exception <a 'java/lang/ArrayIndexOutOfBoundsException'{0x00000000eabfc7c8}> (0x00000000eabfc7c8) 
thrown [s\src\hotspot\share\runtime\sharedRuntime.cpp, line 631]
Event: 20.516 Thread 0x000002737ec2ebf0 Exception <a 'java/lang/ArrayIndexOutOfBoundsException'{0x00000000eac01240}> (0x00000000eac01240) 
thrown [s\src\hotspot\share\runtime\sharedRuntime.cpp, line 631]
Event: 20.516 Thread 0x000002737ec2ebf0 Exception <a 'java/lang/ArrayIndexOutOfBoundsException'{0x00000000eac05ca0}> (0x00000000eac05ca0) 
thrown [s\src\hotspot\share\runtime\sharedRuntime.cpp, line 631]
Event: 20.517 Thread 0x000002737ec2ebf0 Exception <a 'java/lang/ArrayIndexOutOfBoundsException'{0x00000000eac103d0}> (0x00000000eac103d0) 
thrown [s\src\hotspot\share\runtime\sharedRuntime.cpp, line 631]

VM Operations (20 events):
Event: 19.977 Executing VM operation: HandshakeAllThreads done
Event: 20.088 Executing VM operation: ICBufferFull
Event: 20.138 Executing VM operation: ICBufferFull done
Event: 20.138 Executing VM operation: ParallelGCFailedAllocation
Event: 20.143 Executing VM operation: ParallelGCFailedAllocation done
Event: 20.187 Executing VM operation: ParallelGCFailedAllocation
Event: 20.187 Executing VM operation: ParallelGCFailedAllocation done
Event: 20.188 Executing VM operation: ParallelGCSystemGC
Event: 20.197 Executing VM operation: ParallelGCSystemGC done
Event: 20.303 Executing VM operation: HandshakeAllThreads
Event: 20.312 Executing VM operation: HandshakeAllThreads done
Event: 20.318 Executing VM operation: HandshakeAllThreads
Event: 20.318 Executing VM operation: HandshakeAllThreads done
Event: 20.318 Executing VM operation: ParallelGCFailedAllocation
Event: 20.372 Executing VM operation: ParallelGCFailedAllocation done
Event: 20.423 Executing VM operation: HandshakeAllThreads
Event: 20.426 Executing VM operation: HandshakeAllThreads done
Event: 20.450 Executing VM operation: HandshakeAllThreads
Event: 20.453 Executing VM operation: HandshakeAllThreads done
Event: 20.488 Executing VM operation: ParallelGCFailedAllocation

Events (20 events):
Event: 20.463 Thread 0x000002737e680cb0 flushing nmethod 0x000002736c87a790
Event: 20.463 Thread 0x000002737e680cb0 flushing nmethod 0x000002736c87d390
Event: 20.463 Thread 0x000002737e680cb0 flushing nmethod 0x000002736c87d710
Event: 20.463 Thread 0x000002737e680cb0 flushing nmethod 0x000002736c87eb90
Event: 20.463 Thread 0x000002737e680cb0 flushing nmethod 0x000002736c87f710
Event: 20.463 Thread 0x000002737e680cb0 flushing nmethod 0x000002736c87fb90
Event: 20.463 Thread 0x000002737e680cb0 flushing nmethod 0x000002736c881710
Event: 20.463 Thread 0x000002737e680cb0 flushing nmethod 0x000002736c883690
Event: 20.463 Thread 0x000002737e680cb0 flushing nmethod 0x000002736c884690
Event: 20.463 Thread 0x000002737e680cb0 flushing nmethod 0x000002736c890290
Event: 20.463 Thread 0x000002737e680cb0 flushing nmethod 0x000002736c894290
Event: 20.463 Thread 0x000002737e680cb0 flushing nmethod 0x000002736c895790
Event: 20.463 Thread 0x000002737e680cb0 flushing nmethod 0x000002736c896110
Event: 20.463 Thread 0x000002737e680cb0 flushing nmethod 0x000002736c89db10
Event: 20.463 Thread 0x000002737e680cb0 flushing nmethod 0x000002736c8a3090
Event: 20.463 Thread 0x000002737e680cb0 flushing nmethod 0x000002736c8afd90
Event: 20.463 Thread 0x000002737e680cb0 flushing nmethod 0x000002736c8b0d90
Event: 20.463 Thread 0x000002737e680cb0 flushing nmethod 0x000002736c8bda10
Event: 20.464 Thread 0x000002737e680cb0 flushing nmethod 0x000002736c8ebc10
Event: 20.464 Thread 0x000002737e680cb0 flushing nmethod 0x000002736c8fd990


Dynamic libraries:
0x00007ff68d2c0000 - 0x00007ff68d2ce000 	c:\Users\saiki\.vscode\extensions\redhat.java-1.34.0-win32-x64\jre\17.0.12-win32-x86_64\bin\java.exe
0x00007ffcf1130000 - 0x00007ffcf1347000 	C:\WINDOWS\SYSTEM32\ntdll.dll
0x00007ffcf03a0000 - 0x00007ffcf0464000 	C:\WINDOWS\System32\KERNEL32.DLL
0x00007ffcee450000 - 0x00007ffcee7fd000 	C:\WINDOWS\System32\KERNELBASE.dll
0x00007ffcee8d0000 - 0x00007ffcee9e1000 	C:\WINDOWS\System32\ucrtbase.dll
0x00007ffcdd1a0000 - 0x00007ffcdd1b7000 	c:\Users\saiki\.vscode\extensions\redhat.java-1.34.0-win32-x64\jre\17.0.12-win32-x86_64\bin\jli.dll
0x00007ffcef850000 - 0x00007ffcef9fe000 	C:\WINDOWS\System32\USER32.dll
0x00007ffceee30000 - 0x00007ffceee56000 	C:\WINDOWS\System32\win32u.dll
0x00007ffcf0290000 - 0x00007ffcf02b9000 	C:\WINDOWS\System32\GDI32.dll
0x00007ffceeb60000 - 0x00007ffceec79000 	C:\WINDOWS\System32\gdi32full.dll
0x00007ffcee830000 - 0x00007ffcee8ca000 	C:\WINDOWS\System32\msvcp_win.dll
0x00007ffcd77a0000 - 0x00007ffcd77bb000 	c:\Users\saiki\.vscode\extensions\redhat.java-1.34.0-win32-x64\jre\17.0.12-win32-x86_64\bin\VCRUNTIME140.dll
0x00007ffcce8d0000 - 0x00007ffcceb63000 	C:\WINDOWS\WinSxS\amd64_microsoft.windows.common-controls_6595b64144ccf1df_6.0.22621.3672_none_2713b9d173822955\COMCTL32.dll
0x00007ffcf00c0000 - 0x00007ffcf0167000 	C:\WINDOWS\System32\msvcrt.dll
0x00007ffcefb90000 - 0x00007ffcefbc1000 	C:\WINDOWS\System32\IMM32.DLL
0x00007ffce7490000 - 0x00007ffce749c000 	c:\Users\saiki\.vscode\extensions\redhat.java-1.34.0-win32-x64\jre\17.0.12-win32-x86_64\bin\vcruntime140_1.dll
0x00007ffcbb820000 - 0x00007ffcbb8ad000 	c:\Users\saiki\.vscode\extensions\redhat.java-1.34.0-win32-x64\jre\17.0.12-win32-x86_64\bin\msvcp140.dll
0x00007ffc82d30000 - 0x00007ffc8399a000 	c:\Users\saiki\.vscode\extensions\redhat.java-1.34.0-win32-x64\jre\17.0.12-win32-x86_64\bin\server\jvm.dll
0x00007ffcf01c0000 - 0x00007ffcf0272000 	C:\WINDOWS\System32\ADVAPI32.dll
0x00007ffcf0db0000 - 0x00007ffcf0e59000 	C:\WINDOWS\System32\sechost.dll
0x00007ffcee800000 - 0x00007ffcee828000 	C:\WINDOWS\System32\bcrypt.dll
0x00007ffcf0810000 - 0x00007ffcf0924000 	C:\WINDOWS\System32\RPCRT4.dll
0x00007ffcf04b0000 - 0x00007ffcf0521000 	C:\WINDOWS\System32\WS2_32.dll
0x00007ffcee270000 - 0x00007ffcee2bd000 	C:\WINDOWS\SYSTEM32\POWRPROF.dll
0x00007ffce7140000 - 0x00007ffce7174000 	C:\WINDOWS\SYSTEM32\WINMM.dll
0x00007ffce3060000 - 0x00007ffce306a000 	C:\WINDOWS\SYSTEM32\VERSION.dll
0x00007ffcee150000 - 0x00007ffcee163000 	C:\WINDOWS\SYSTEM32\UMPDC.dll
0x00007ffced460000 - 0x00007ffced478000 	C:\WINDOWS\SYSTEM32\kernel.appcore.dll
0x00007ffcdd330000 - 0x00007ffcdd33a000 	c:\Users\saiki\.vscode\extensions\redhat.java-1.34.0-win32-x64\jre\17.0.12-win32-x86_64\bin\jimage.dll
0x00007ffcebcf0000 - 0x00007ffcebf22000 	C:\WINDOWS\SYSTEM32\DBGHELP.DLL
0x00007ffcefbd0000 - 0x00007ffceff5e000 	C:\WINDOWS\System32\combase.dll
0x00007ffcf1010000 - 0x00007ffcf10e7000 	C:\WINDOWS\System32\OLEAUT32.dll
0x00007ffcdfc70000 - 0x00007ffcdfca2000 	C:\WINDOWS\SYSTEM32\dbgcore.DLL
0x00007ffceedb0000 - 0x00007ffceee2b000 	C:\WINDOWS\System32\bcryptPrimitives.dll
0x00007ffcd7790000 - 0x00007ffcd779e000 	c:\Users\saiki\.vscode\extensions\redhat.java-1.34.0-win32-x64\jre\17.0.12-win32-x86_64\bin\instrument.dll
0x00007ffcd6210000 - 0x00007ffcd6235000 	c:\Users\saiki\.vscode\extensions\redhat.java-1.34.0-win32-x64\jre\17.0.12-win32-x86_64\bin\java.dll
0x00007ffcbb800000 - 0x00007ffcbb818000 	c:\Users\saiki\.vscode\extensions\redhat.java-1.34.0-win32-x64\jre\17.0.12-win32-x86_64\bin\zip.dll
0x00007ffceef80000 - 0x00007ffcef7e7000 	C:\WINDOWS\System32\SHELL32.dll
0x00007ffcec380000 - 0x00007ffcecc7f000 	C:\WINDOWS\SYSTEM32\windows.storage.dll
0x00007ffcec240000 - 0x00007ffcec37f000 	C:\WINDOWS\SYSTEM32\wintypes.dll
0x00007ffcf0530000 - 0x00007ffcf0629000 	C:\WINDOWS\System32\SHCORE.dll
0x00007ffcef7f0000 - 0x00007ffcef84e000 	C:\WINDOWS\System32\shlwapi.dll
0x00007ffcee380000 - 0x00007ffcee3a7000 	C:\WINDOWS\SYSTEM32\profapi.dll
0x00007ffcd6540000 - 0x00007ffcd6559000 	C:\Users\saiki\.vscode\extensions\redhat.java-1.34.0-win32-x64\jre\17.0.12-win32-x86_64\bin\net.dll
0x00007ffcea390000 - 0x00007ffcea4c6000 	C:\WINDOWS\SYSTEM32\WINHTTP.dll
0x00007ffced8c0000 - 0x00007ffced929000 	C:\WINDOWS\system32\mswsock.dll
0x00007ffcd6110000 - 0x00007ffcd6126000 	C:\Users\saiki\.vscode\extensions\redhat.java-1.34.0-win32-x64\jre\17.0.12-win32-x86_64\bin\nio.dll
0x00007ffcd6510000 - 0x00007ffcd6520000 	c:\Users\saiki\.vscode\extensions\redhat.java-1.34.0-win32-x64\jre\17.0.12-win32-x86_64\bin\verify.dll
0x00007ffcd4b40000 - 0x00007ffcd4b85000 	C:\Users\saiki\AppData\Roaming\Code\User\globalStorage\redhat.java\1.34.0\config_win\org.eclipse.equinox.launcher\org.eclipse.equinox.launcher.win32.win32.x86_64_1.2.1100.v20240722-2106\eclipse_11904.dll
0x00007ffcf0e60000 - 0x00007ffcf1005000 	C:\WINDOWS\System32\ole32.dll
0x00007ffcedc10000 - 0x00007ffcedc2b000 	C:\WINDOWS\SYSTEM32\CRYPTSP.dll
0x00007ffced3c0000 - 0x00007ffced3f5000 	C:\WINDOWS\system32\rsaenh.dll
0x00007ffced960000 - 0x00007ffced988000 	C:\WINDOWS\SYSTEM32\USERENV.dll
0x00007ffcedac0000 - 0x00007ffcedacc000 	C:\WINDOWS\SYSTEM32\CRYPTBASE.dll
0x00007ffcecee0000 - 0x00007ffcecf0d000 	C:\WINDOWS\SYSTEM32\IPHLPAPI.DLL
0x00007ffcf0280000 - 0x00007ffcf0289000 	C:\WINDOWS\System32\NSI.dll
0x00007ffce7b30000 - 0x00007ffce7b49000 	C:\WINDOWS\SYSTEM32\dhcpcsvc6.DLL
0x00007ffce7660000 - 0x00007ffce767f000 	C:\WINDOWS\SYSTEM32\dhcpcsvc.DLL
0x00007ffcecf10000 - 0x00007ffced008000 	C:\WINDOWS\SYSTEM32\DNSAPI.dll
0x00007ffcc39c0000 - 0x00007ffcc3a05000 	C:\Users\saiki\AppData\Local\Temp\jna-109198969\jna17601579078988731677.dll
0x00007ffcf04a0000 - 0x00007ffcf04a8000 	C:\WINDOWS\System32\PSAPI.DLL

dbghelp: loaded successfully - version: 4.0.5 - missing functions: none
symbol engine: initialized successfully - sym options: 0x614 - pdb path: .;c:\Users\saiki\.vscode\extensions\redhat.java-1.34.0-win32-x64\jre\17.0.12-win32-x86_64\bin;C:\WINDOWS\SYSTEM32;C:\WINDOWS\WinSxS\amd64_microsoft.windows.common-controls_6595b64144ccf1df_6.0.22621.3672_none_2713b9d173822955;c:\Users\saiki\.vscode\extensions\redhat.java-1.34.0-win32-x64\jre\17.0.12-win32-x86_64\bin\server;C:\Users\saiki\AppData\Roaming\Code\User\globalStorage\redhat.java\1.34.0\config_win\org.eclipse.equinox.launcher\org.eclipse.equinox.launcher.win32.win32.x86_64_1.2.1100.v20240722-2106;C:\Users\saiki\AppData\Local\Temp\jna-109198969

VM Arguments:
jvm_args: --add-modules=ALL-SYSTEM --add-opens=java.base/java.util=ALL-UNNAMED --add-opens=java.base/java.lang=ALL-UNNAMED --add-opens=java.base/sun.nio.fs=ALL-UNNAMED -Declipse.application=org.eclipse.jdt.ls.core.id1 -Dosgi.bundles.defaultStartLevel=4 -Declipse.product=org.eclipse.jdt.ls.core.product -Djava.import.generatesMetadataFilesAtProjectRoot=false -DDetectVMInstallationsJob.disabled=true -Dfile.encoding=utf8 -XX:+UseParallelGC -XX:GCTimeRatio=4 -XX:AdaptiveSizePolicyWeight=90 -Dsun.zip.disableMemoryMapping=true -Xmx1G -Xms100m -Xlog:disable -javaagent:c:\Users\saiki\.vscode\extensions\redhat.java-1.34.0-win32-x64\lombok\lombok-1.18.33.jar -XX:+HeapDumpOnOutOfMemoryError -XX:HeapDumpPath=c:\Users\saiki\AppData\Roaming\Code\User\workspaceStorage\e3fd7e6f57146df4fcd031bbb4822ab2\redhat.java -Daether.dependencyCollector.impl=bf 
java_command: c:\Users\saiki\.vscode\extensions\redhat.java-1.34.0-win32-x64\server\plugins\org.eclipse.equinox.launcher_1.6.900.v20240613-2009.jar -configuration c:\Users\saiki\AppData\Roaming\Code\User\globalStorage\redhat.java\1.34.0\config_win -data c:\Users\saiki\AppData\Roaming\Code\User\workspaceStorage\e3fd7e6f57146df4fcd031bbb4822ab2\redhat.java\jdt_ws --pipe=\\.\pipe\lsp-206252cb1b0e52a1cfb79f28c230f8bb-sock
java_class_path (initial): c:\Users\saiki\.vscode\extensions\redhat.java-1.34.0-win32-x64\server\plugins\org.eclipse.equinox.launcher_1.6.900.v20240613-2009.jar
Launcher Type: SUN_STANDARD

[Global flags]
    uintx AdaptiveSizePolicyWeight                 = 90                                        {product} {command line}
     intx CICompilerCount                          = 3                                         {product} {ergonomic}
    uintx GCTimeRatio                              = 4                                         {product} {command line}
     bool HeapDumpOnOutOfMemoryError               = true                                   {manageable} {command line}
    ccstr HeapDumpPath                             = c:\Users\saiki\AppData\Roaming\Code\User\workspaceStorage\e3fd7e6f57146df4fcd031bbb4822ab2\redhat.java         {manageable} {command line}
   size_t InitialHeapSize                          = 104857600                                 {product} {command line}
   size_t MaxHeapSize                              = 1073741824                                {product} {command line}
   size_t MaxNewSize                               = 357564416                                 {product} {ergonomic}
   size_t MinHeapDeltaBytes                        = 524288                                    {product} {ergonomic}
   size_t MinHeapSize                              = 104857600                                 {product} {command line}
   size_t NewSize                                  = 34603008                                  {product} {ergonomic}
    uintx NonNMethodCodeHeapSize                   = 5832780                                {pd product} {ergonomic}
    uintx NonProfiledCodeHeapSize                  = 122912730                              {pd product} {ergonomic}
   size_t OldSize                                  = 70254592                                  {product} {ergonomic}
    uintx ProfiledCodeHeapSize                     = 122912730                              {pd product} {ergonomic}
    uintx ReservedCodeCacheSize                    = 251658240                              {pd product} {ergonomic}
     bool SegmentedCodeCache                       = true                                      {product} {ergonomic}
   size_t SoftMaxHeapSize                          = 1073741824                             {manageable} {ergonomic}
     bool UseCompressedClassPointers               = true                           {product lp64_product} {ergonomic}
     bool UseCompressedOops                        = true                           {product lp64_product} {ergonomic}
     bool UseLargePagesIndividualAllocation        = false                                  {pd product} {ergonomic}
     bool UseParallelGC                            = true                                      {product} {command line}

Logging:
Log output configuration:
 #0: stdout all=off uptime,level,tags
 #1: stderr all=off uptime,level,tags

Environment Variables:
JAVA_HOME=C:\Program Files\Java\jdk-22
PATH=C:\Program Files\Eclipse Adoptium\jdk-21.0.4.7-hotspot\bin;C:\Program Files\Eclipse Adoptium\jdk-21.0.4.7-hotspot\\bin;C:\Program Files\MongoDB\Server\7.0\bin;C:\Program Files\Common Files\Oracle\Java\javapath;C:\Program Files (x86)\Common Files\Oracle\Java\java8path;C:\Program Files (x86)\Common Files\Oracle\Java\javapath;C:\WINDOWS\system32;C:\WINDOWS;C:\WINDOWS\System32\Wbem;C:\WINDOWS\System32\WindowsPowerShell\v1.0\;C:\WINDOWS\System32\OpenSSH\;C:\Program Files\Microsoft SQL Server\150\Tools\Binn\;C:\Program Files\Microsoft SQL Server\Client SDK\ODBC\170\Tools\Binn\;C:\winlibs-x86_64-mcf-seh-gcc-13.2.0-llvm-16.0.6-mingw-w64ucrt-11.0.1-r2 (1)\mingw64\bin;C:\Strawberry\c\bin;C:\Strawberry\perl\site\bin;C:\Strawberry\perl\bin;C:\MinGW\bin;C:\Program Files\PowerShell\7-preview\preview;C:\Program Files\dotnet\;C:\Program Files\PuTTY\;C:\Users\saiki\AppData\Local\Android\Sdk\platform-tools;C:\Users\saiki\AppData\Local\Android\Sdk\platforms;C:\Users\saiki\AppData\Local\Android\Sdk\cmdline-tools\latest\bin;C:\Users\saiki\AppData\Local\Android\Sdk\emulator;C:\Program Files\Git\cmd;C:\ProgramData\chocolatey\bin;C:\Users\saiki\AppData\Roaming\nvm;C:\Program Files\nodejs;C:\Program Files\nodejs\;C:\Users\saiki\miniconda3;C:\Users\saiki\miniconda3\Scripts;C:\Users\saiki\miniconda3\Library\bin;C:\Program Files\PowerShell\7\;C:\Users\saiki\Desktop\CSP-584-Assignments\Assignment-1\apache-maven-3.9.9\bin;C:\Users\saiki\AppData\Local\Programs\Python\Python310\Scripts\;C:\Users\saiki\AppData\Local\Programs\Python\Python310\;C:\Users\saiki\dev\flutter\bin;C:\Program Files\Java\jdk-22\bin;C:\Users\saiki\AppData\Local\Programs\Python\Launcher\;C:\Program Files\MySQL\MySQL Shell 8.0\bin\;C:\Users\saiki\AppData\Local\Microsoft\WindowsApps;C:\Program Files\JetBrains\CLion 2023.3.4\bin;;C:\Program Files\JetBrains\PyCharm 2023.3.4\bin;;C:\Users\saiki\.dotnet\tools;C:\Program Files\JetBrains\IntelliJ IDEA 2024.1\bin;;C:\Users\saiki\AppData\Local\GitHubDesktop\bin;C:\Users\saiki\AppData\
USERNAME=saiki
OS=Windows_NT
PROCESSOR_IDENTIFIER=AMD64 Family 23 Model 96 Stepping 1, AuthenticAMD
TMP=C:\Users\saiki\AppData\Local\Temp
TEMP=C:\Users\saiki\AppData\Local\Temp



Periodic native trim disabled


---------------  S Y S T E M  ---------------

OS:
 Windows 11 , 64 bit Build 22621 (10.0.22621.3958)
OS uptime: 2 days 12:49 hours
Hyper-V role detected

CPU: total 6 (initial active 6) (6 cores per cpu, 1 threads per core) family 23 model 96 stepping 1 microcode 0x0, cx8, cmov, fxsr, mmx, 3dnowpref, sse, sse2, sse3, ssse3, sse4a, sse4.1, sse4.2, popcnt, lzcnt, tsc, tscinvbit, avx, avx2, aes, clmul, bmi1, bmi2, adx, sha, fma, vzeroupper, clflush, clflushopt, hv
Processor Information for all 6 processors :
  Max Mhz: 2375, Current Mhz: 2375, Mhz Limit: 2375

Memory: 4k page, system-wide physical 7564M (315M free)
TotalPageFile size 31116M (AvailPageFile size 5M)
current process WorkingSet (physical memory assigned to process): 309M, peak: 316M
current process commit charge ("private bytes"): 369M, peak: 371M

vm_info: OpenJDK 64-Bit Server VM (17.0.12+7) for windows-amd64 JRE (17.0.12+7), built on Jul 16 2024 22:08:24 by "admin" with MS VC++ 16.10 / 16.11 (VS2019)

END.
