#
# There is insufficient memory for the Java Runtime Environment to continue.
# Native memory allocation (malloc) failed to allocate 32744 bytes. Error detail: ChunkPool::allocate
# Possible reasons:
#   The system is out of physical RAM or swap space
#   This process is running with CompressedOops enabled, and the Java Heap may be blocking the growth of the native heap
# Possible solutions:
#   Reduce memory load on the system
#   Increase physical memory or swap space
#   Check if swap backing store is full
#   Decrease Java heap size (-Xmx/-Xms)
#   Decrease number of Java threads
#   Decrease Java thread stack sizes (-Xss)
#   Set larger code cache with -XX:ReservedCodeCacheSize=
#   JVM is running with Unscaled Compressed Oops mode in which the Java heap is
#     placed in the first 4GB address space. The Java Heap base address is the
#     maximum limit for the native heap growth. Please use -XX:HeapBaseMinAddress
#     to set the Java Heap base and to place the Java Heap above 4GB virtual address.
# This output file may be truncated or incomplete.
#
#  Out of Memory Error (arena.cpp:79), pid=106508, tid=92924
#
# JRE version: OpenJDK Runtime Environment Temurin-17.0.12+7 (17.0.12+7) (build 17.0.12+7)
# Java VM: OpenJDK 64-Bit Server VM Temurin-17.0.12+7 (17.0.12+7, mixed mode, tiered, compressed oops, compressed class ptrs, parallel gc, windows-amd64)
# No core dump will be written. Minidumps are not enabled by default on client versions of Windows
#

---------------  S U M M A R Y ------------

Command Line: --add-modules=ALL-SYSTEM --add-opens=java.base/java.util=ALL-UNNAMED --add-opens=java.base/java.lang=ALL-UNNAMED --add-opens=java.base/sun.nio.fs=ALL-UNNAMED -Declipse.application=org.eclipse.jdt.ls.core.id1 -Dosgi.bundles.defaultStartLevel=4 -Declipse.product=org.eclipse.jdt.ls.core.product -Djava.import.generatesMetadataFilesAtProjectRoot=false -DDetectVMInstallationsJob.disabled=true -Dfile.encoding=utf8 -XX:+UseParallelGC -XX:GCTimeRatio=4 -XX:AdaptiveSizePolicyWeight=90 -Dsun.zip.disableMemoryMapping=true -Xmx1G -Xms100m -Xlog:disable -javaagent:c:\Users\saiki\.vscode\extensions\redhat.java-1.34.0-win32-x64\lombok\lombok-1.18.33.jar -XX:+HeapDumpOnOutOfMemoryError -XX:HeapDumpPath=c:\Users\saiki\AppData\Roaming\Code\User\workspaceStorage\e3fd7e6f57146df4fcd031bbb4822ab2\redhat.java -Daether.dependencyCollector.impl=bf c:\Users\saiki\.vscode\extensions\redhat.java-1.34.0-win32-x64\server\plugins\org.eclipse.equinox.launcher_1.6.900.v20240613-2009.jar -configuration c:\Users\saiki\AppData\Roaming\Code\User\globalStorage\redhat.java\1.34.0\config_win -data c:\Users\saiki\AppData\Roaming\Code\User\workspaceStorage\e3fd7e6f57146df4fcd031bbb4822ab2\redhat.java\jdt_ws --pipe=\\.\pipe\lsp-42169d0ba6b4523e32452eef78257dca-sock

Host: AMD Ryzen 5 4500U with Radeon Graphics         , 6 cores, 7G,  Windows 11 , 64 bit Build 22621 (10.0.22621.3958)
Time: Fri Sep 13 13:36:17 2024 Central Summer Time elapsed time: 5.301797 seconds (0d 0h 0m 5s)

---------------  T H R E A D  ---------------

Current thread (0x000001ed584afc00):  JavaThread "C1 CompilerThread0" daemon [_thread_in_native, id=92924, stack(0x0000007b0a000000,0x0000007b0a100000)]


Current CompileTask:
C1:   5301 3646       3       java.net.URLStreamHandler::parseURL (1201 bytes)

Stack: [0x0000007b0a000000,0x0000007b0a100000]
Native frames: (J=compiled Java code, j=interpreted, Vv=VM code, C=native code)
V  [jvm.dll+0x67f929]
V  [jvm.dll+0x8371ba]
V  [jvm.dll+0x838c7e]
V  [jvm.dll+0x8392e3]
V  [jvm.dll+0x24834f]
V  [jvm.dll+0xacbd1]
V  [jvm.dll+0xad01c]
V  [jvm.dll+0x11e325]
V  [jvm.dll+0x182d36]
V  [jvm.dll+0x18fb0e]
V  [jvm.dll+0x1361dd]
V  [jvm.dll+0x136440]
V  [jvm.dll+0x136706]
V  [jvm.dll+0x135b9a]
V  [jvm.dll+0x137851]
V  [jvm.dll+0x229a2d]
V  [jvm.dll+0x227bdc]
V  [jvm.dll+0x7ec1f7]
V  [jvm.dll+0x7e65dc]
V  [jvm.dll+0x67e7f7]
C  [ucrtbase.dll+0x29333]
C  [KERNEL32.DLL+0x1257d]
C  [ntdll.dll+0x5af28]


---------------  P R O C E S S  ---------------

Threads class SMR info:
_java_thread_list=0x000001ed59cc4d10, length=22, elements={
0x000001ed3cf64090, 0x000001ed52d38390, 0x000001ed52d38f50, 0x000001ed58453030,
0x000001ed58453bf0, 0x000001ed584547b0, 0x000001ed58455170, 0x000001ed58455f10,
0x000001ed584afc00, 0x000001ed584bc9c0, 0x000001ed585d4340, 0x000001ed587b3fe0,
0x000001ed58e4e740, 0x000001ed5901bd80, 0x000001ed59029420, 0x000001ed5930e7a0,
0x000001ed598ae440, 0x000001ed5930cd70, 0x000001ed59111580, 0x000001ed59110650,
0x000001ed59110140, 0x000001ed5910f720
}

Java Threads: ( => current thread )
  0x000001ed3cf64090 JavaThread "main" [_thread_blocked, id=90360, stack(0x0000007b09500000,0x0000007b09600000)]
  0x000001ed52d38390 JavaThread "Reference Handler" daemon [_thread_blocked, id=100008, stack(0x0000007b09900000,0x0000007b09a00000)]
  0x000001ed52d38f50 JavaThread "Finalizer" daemon [_thread_blocked, id=94836, stack(0x0000007b09a00000,0x0000007b09b00000)]
  0x000001ed58453030 JavaThread "Signal Dispatcher" daemon [_thread_blocked, id=101044, stack(0x0000007b09b00000,0x0000007b09c00000)]
  0x000001ed58453bf0 JavaThread "Attach Listener" daemon [_thread_blocked, id=107356, stack(0x0000007b09c00000,0x0000007b09d00000)]
  0x000001ed584547b0 JavaThread "Service Thread" daemon [_thread_blocked, id=100316, stack(0x0000007b09d00000,0x0000007b09e00000)]
  0x000001ed58455170 JavaThread "Monitor Deflation Thread" daemon [_thread_blocked, id=90664, stack(0x0000007b09e00000,0x0000007b09f00000)]
  0x000001ed58455f10 JavaThread "C2 CompilerThread0" daemon [_thread_in_native, id=89952, stack(0x0000007b09f00000,0x0000007b0a000000)]
=>0x000001ed584afc00 JavaThread "C1 CompilerThread0" daemon [_thread_in_native, id=92924, stack(0x0000007b0a000000,0x0000007b0a100000)]
  0x000001ed584bc9c0 JavaThread "Sweeper thread" daemon [_thread_blocked, id=104968, stack(0x0000007b0a100000,0x0000007b0a200000)]
  0x000001ed585d4340 JavaThread "Common-Cleaner" daemon [_thread_blocked, id=104060, stack(0x0000007b0a200000,0x0000007b0a300000)]
  0x000001ed587b3fe0 JavaThread "Notification Thread" daemon [_thread_blocked, id=36840, stack(0x0000007b0a400000,0x0000007b0a500000)]
  0x000001ed58e4e740 JavaThread "Active Thread: Equinox Container: 4206f289-9602-4985-9a2a-f976d0605b93" [_thread_blocked, id=106436, stack(0x0000007b0ab00000,0x0000007b0ac00000)]
  0x000001ed5901bd80 JavaThread "Framework Event Dispatcher: Equinox Container: 4206f289-9602-4985-9a2a-f976d0605b93" daemon [_thread_blocked, id=95664, stack(0x0000007b0aa00000,0x0000007b0ab00000)]
  0x000001ed59029420 JavaThread "Start Level: Equinox Container: 4206f289-9602-4985-9a2a-f976d0605b93" daemon [_thread_in_native, id=90296, stack(0x0000007b0ac00000,0x0000007b0ad00000)]
  0x000001ed5930e7a0 JavaThread "Bundle File Closer" daemon [_thread_blocked, id=3484, stack(0x0000007b0ad00000,0x0000007b0ae00000)]
  0x000001ed598ae440 JavaThread "SCR Component Actor" daemon [_thread_blocked, id=93816, stack(0x0000007b0ae00000,0x0000007b0af00000)]
  0x000001ed5930cd70 JavaThread "SCR Component Registry" daemon [_thread_blocked, id=99164, stack(0x0000007b0af00000,0x0000007b0b000000)]
  0x000001ed59111580 JavaThread "Worker-JM" [_thread_blocked, id=1612, stack(0x0000007b0b000000,0x0000007b0b100000)]
  0x000001ed59110650 JavaThread "JNA Cleaner" daemon [_thread_blocked, id=102056, stack(0x0000007b0b100000,0x0000007b0b200000)]
  0x000001ed59110140 JavaThread "Worker-0" [_thread_blocked, id=91428, stack(0x0000007b0b200000,0x0000007b0b300000)]
  0x000001ed5910f720 JavaThread "Worker-1" [_thread_blocked, id=90324, stack(0x0000007b0b300000,0x0000007b0b400000)]

Other Threads:
  0x000001ed3d00ea80 VMThread "VM Thread" [stack: 0x0000007b09800000,0x0000007b09900000] [id=95324]
  0x000001ed587819f0 WatcherThread [stack: 0x0000007b0a500000,0x0000007b0a600000] [id=95340]
  0x000001ed3cf77370 GCTaskThread "GC Thread#0" [stack: 0x0000007b09700000,0x0000007b09800000] [id=97784]
  0x000001ed592bb200 GCTaskThread "GC Thread#1" [stack: 0x0000007b0a300000,0x0000007b0a400000] [id=92532]
  0x000001ed58d9c690 GCTaskThread "GC Thread#2" [stack: 0x0000007b0a600000,0x0000007b0a700000] [id=97300]
  0x000001ed5877a830 GCTaskThread "GC Thread#3" [stack: 0x0000007b0a700000,0x0000007b0a800000] [id=91124]
  0x000001ed58c29710 GCTaskThread "GC Thread#4" [stack: 0x0000007b0a800000,0x0000007b0a900000] [id=96872]
  0x000001ed58c299d0 GCTaskThread "GC Thread#5" [stack: 0x0000007b0a900000,0x0000007b0aa00000] [id=87820]

Threads with active compile tasks:
C2 CompilerThread0     5321 3553       4       org.lombokweb.asm.ClassReader::readMethod (1066 bytes)
C1 CompilerThread0     5321 3646       3       java.net.URLStreamHandler::parseURL (1201 bytes)

VM state: not at safepoint (normal execution)

VM Mutex/Monitor currently owned by a thread: None

Heap address: 0x00000000c0000000, size: 1024 MB, Compressed Oops mode: 32-bit

CDS archive(s) not mapped
Compressed class space mapped at: 0x0000000100000000-0x0000000140000000, reserved size: 1073741824
Narrow klass base: 0x0000000000000000, Narrow klass shift: 3, Narrow klass range: 0x140000000

GC Precious Log:
 CPUs: 6 total, 6 available
 Memory: 7564M
 Large Page Support: Disabled
 NUMA Support: Disabled
 Compressed Oops: Enabled (32-bit)
 Alignments: Space 512K, Generation 512K, Heap 2M
 Heap Min Capacity: 100M
 Heap Initial Capacity: 100M
 Heap Max Capacity: 1G
 Pre-touch: Disabled
 Parallel Workers: 6

Heap:
 PSYoungGen      total 27136K, used 19695K [0x00000000eab00000, 0x00000000ec900000, 0x0000000100000000)
  eden space 23552K, 70% used [0x00000000eab00000,0x00000000ebb226d8,0x00000000ec200000)
  from space 3584K, 88% used [0x00000000ec300000,0x00000000ec6195f8,0x00000000ec680000)
  to   space 2560K, 0% used [0x00000000ec680000,0x00000000ec680000,0x00000000ec900000)
 ParOldGen       total 68608K, used 12687K [0x00000000c0000000, 0x00000000c4300000, 0x00000000eab00000)
  object space 68608K, 18% used [0x00000000c0000000,0x00000000c0c63d78,0x00000000c4300000)
 Metaspace       used 33795K, committed 34624K, reserved 1114112K
  class space    used 3341K, committed 3712K, reserved 1048576K

Card table byte_map: [0x000001ed505b0000,0x000001ed507c0000] _byte_map_base: 0x000001ed4ffb0000

Marking Bits: (ParMarkBitMap*) 0x00007ffc838d58b0
 Begin Bits: [0x000001ed50920000, 0x000001ed51920000)
 End Bits:   [0x000001ed51920000, 0x000001ed52920000)

Polling page: 0x000001ed3d010000

Metaspace:

Usage:
  Non-class:     29.74 MB used.
      Class:      3.26 MB used.
       Both:     33.00 MB used.

Virtual space:
  Non-class space:       64.00 MB reserved,      30.19 MB ( 47%) committed,  1 nodes.
      Class space:        1.00 GB reserved,       3.62 MB ( <1%) committed,  1 nodes.
             Both:        1.06 GB reserved,      33.81 MB (  3%) committed. 

Chunk freelists:
   Non-Class:  1.70 MB
       Class:  12.38 MB
        Both:  14.09 MB

MaxMetaspaceSize: unlimited
CompressedClassSpaceSize: 1.00 GB
Initial GC threshold: 21.00 MB
Current GC threshold: 35.00 MB
CDS: off
MetaspaceReclaimPolicy: balanced
 - commit_granule_bytes: 65536.
 - commit_granule_words: 8192.
 - virtual_space_node_default_size: 8388608.
 - enlarge_chunks_in_place: 1.
 - new_chunks_are_fully_committed: 0.
 - uncommit_free_chunks: 1.
 - use_allocation_guard: 0.
 - handle_deallocations: 1.


Internal statistics:

num_allocs_failed_limit: 3.
num_arena_births: 586.
num_arena_deaths: 14.
num_vsnodes_births: 2.
num_vsnodes_deaths: 0.
num_space_committed: 541.
num_space_uncommitted: 0.
num_chunks_returned_to_freelist: 17.
num_chunks_taken_from_freelist: 1655.
num_chunk_merges: 8.
num_chunk_splits: 1079.
num_chunks_enlarged: 675.
num_inconsistent_stats: 0.

CodeHeap 'non-profiled nmethods': size=120000Kb used=1480Kb max_used=1480Kb free=118519Kb
 bounds [0x000001ed48e90000, 0x000001ed49100000, 0x000001ed503c0000]
CodeHeap 'profiled nmethods': size=120000Kb used=7636Kb max_used=7636Kb free=112364Kb
 bounds [0x000001ed413c0000, 0x000001ed41b40000, 0x000001ed488f0000]
CodeHeap 'non-nmethods': size=5760Kb used=1252Kb max_used=1252Kb free=4507Kb
 bounds [0x000001ed488f0000, 0x000001ed48b60000, 0x000001ed48e90000]
 total_blobs=4210 nmethods=3634 adapters=489
 compilation: enabled
              stopped_count=0, restarted_count=0
 full_count=0

Compilation events (20 events):
Event: 5.272 Thread 0x000001ed584afc00 nmethod 3641 0x000001ed41b2e990 code [0x000001ed41b2ed20, 0x000001ed41b30218]
Event: 5.272 Thread 0x000001ed584afc00 3636       1       lombok.patcher.scripts.ReplaceMethodCallScript::access$0 (5 bytes)
Event: 5.272 Thread 0x000001ed584afc00 nmethod 3636 0x000001ed49001b90 code [0x000001ed49001d20, 0x000001ed49001dd8]
Event: 5.272 Thread 0x000001ed584afc00 3639       3       lombok.patcher.Hook::getClassSpec (8 bytes)
Event: 5.272 Thread 0x000001ed584afc00 nmethod 3639 0x000001ed41b30b90 code [0x000001ed41b30d20, 0x000001ed41b30e68]
Event: 5.272 Thread 0x000001ed584afc00 3640       3       org.lombokweb.asm.MethodVisitor::visitFrame (22 bytes)
Event: 5.272 Thread 0x000001ed584afc00 nmethod 3640 0x000001ed41b30f10 code [0x000001ed41b310c0, 0x000001ed41b312c8]
Event: 5.272 Thread 0x000001ed584afc00 3633       1       lombok.patcher.scripts.WrapReturnValuesScript::access$1 (5 bytes)
Event: 5.272 Thread 0x000001ed584afc00 nmethod 3633 0x000001ed49001e90 code [0x000001ed49002020, 0x000001ed490020d8]
Event: 5.272 Thread 0x000001ed584afc00 3634       3       org.lombokweb.asm.SymbolTable::put (150 bytes)
Event: 5.273 Thread 0x000001ed584afc00 nmethod 3634 0x000001ed41b31390 code [0x000001ed41b31560, 0x000001ed41b31c78]
Event: 5.273 Thread 0x000001ed584afc00 3630       3       java.util.regex.Matcher::group (112 bytes)
Event: 5.274 Thread 0x000001ed584afc00 nmethod 3630 0x000001ed41b31f90 code [0x000001ed41b32220, 0x000001ed41b32d28]
Event: 5.281 Thread 0x000001ed584afc00 3643       3       org.eclipse.osgi.internal.hookregistry.ClassLoaderHook::preFindLocalResource (1 bytes)
Event: 5.281 Thread 0x000001ed584afc00 nmethod 3643 0x000001ed41b33190 code [0x000001ed41b33320, 0x000001ed41b33438]
Event: 5.281 Thread 0x000001ed584afc00 3644       3       org.eclipse.osgi.internal.hookregistry.ClassLoaderHook::postFindLocalResource (1 bytes)
Event: 5.281 Thread 0x000001ed584afc00 nmethod 3644 0x000001ed41b33510 code [0x000001ed41b336a0, 0x000001ed41b337b8]
Event: 5.294 Thread 0x000001ed584afc00 3645 %     3       lombok.launch.PackageShader::apply @ 119 (252 bytes)
Event: 5.295 Thread 0x000001ed584afc00 nmethod 3645% 0x000001ed41b33890 code [0x000001ed41b33ae0, 0x000001ed41b34908]
Event: 5.295 Thread 0x000001ed584afc00 3646       3       java.net.URLStreamHandler::parseURL (1201 bytes)

GC Heap History (20 events):
Event: 0.914 GC heap before
{Heap before GC invocations=1 (full 0):
 PSYoungGen      total 29696K, used 25600K [0x00000000eab00000, 0x00000000ecc00000, 0x0000000100000000)
  eden space 25600K, 100% used [0x00000000eab00000,0x00000000ec400000,0x00000000ec400000)
  from space 4096K, 0% used [0x00000000ec800000,0x00000000ec800000,0x00000000ecc00000)
  to   space 4096K, 0% used [0x00000000ec400000,0x00000000ec400000,0x00000000ec800000)
 ParOldGen       total 68608K, used 0K [0x00000000c0000000, 0x00000000c4300000, 0x00000000eab00000)
  object space 68608K, 0% used [0x00000000c0000000,0x00000000c0000000,0x00000000c4300000)
 Metaspace       used 10956K, committed 11136K, reserved 1114112K
  class space    used 1087K, committed 1216K, reserved 1048576K
}
Event: 0.920 GC heap after
{Heap after GC invocations=1 (full 0):
 PSYoungGen      total 29696K, used 3133K [0x00000000eab00000, 0x00000000ecc00000, 0x0000000100000000)
  eden space 25600K, 0% used [0x00000000eab00000,0x00000000eab00000,0x00000000ec400000)
  from space 4096K, 76% used [0x00000000ec400000,0x00000000ec70f748,0x00000000ec800000)
  to   space 4096K, 0% used [0x00000000ec800000,0x00000000ec800000,0x00000000ecc00000)
 ParOldGen       total 68608K, used 16K [0x00000000c0000000, 0x00000000c4300000, 0x00000000eab00000)
  object space 68608K, 0% used [0x00000000c0000000,0x00000000c0004000,0x00000000c4300000)
 Metaspace       used 10956K, committed 11136K, reserved 1114112K
  class space    used 1087K, committed 1216K, reserved 1048576K
}
Event: 1.779 GC heap before
{Heap before GC invocations=2 (full 0):
 PSYoungGen      total 29696K, used 28733K [0x00000000eab00000, 0x00000000ecc00000, 0x0000000100000000)
  eden space 25600K, 100% used [0x00000000eab00000,0x00000000ec400000,0x00000000ec400000)
  from space 4096K, 76% used [0x00000000ec400000,0x00000000ec70f748,0x00000000ec800000)
  to   space 4096K, 0% used [0x00000000ec800000,0x00000000ec800000,0x00000000ecc00000)
 ParOldGen       total 68608K, used 16K [0x00000000c0000000, 0x00000000c4300000, 0x00000000eab00000)
  object space 68608K, 0% used [0x00000000c0000000,0x00000000c0004000,0x00000000c4300000)
 Metaspace       used 14538K, committed 14784K, reserved 1114112K
  class space    used 1454K, committed 1600K, reserved 1048576K
}
Event: 1.785 GC heap after
{Heap after GC invocations=2 (full 0):
 PSYoungGen      total 29696K, used 4084K [0x00000000eab00000, 0x00000000ecc00000, 0x0000000100000000)
  eden space 25600K, 0% used [0x00000000eab00000,0x00000000eab00000,0x00000000ec400000)
  from space 4096K, 99% used [0x00000000ec800000,0x00000000ecbfd2d0,0x00000000ecc00000)
  to   space 4096K, 0% used [0x00000000ec400000,0x00000000ec400000,0x00000000ec800000)
 ParOldGen       total 68608K, used 1468K [0x00000000c0000000, 0x00000000c4300000, 0x00000000eab00000)
  object space 68608K, 2% used [0x00000000c0000000,0x00000000c016f310,0x00000000c4300000)
 Metaspace       used 14538K, committed 14784K, reserved 1114112K
  class space    used 1454K, committed 1600K, reserved 1048576K
}
Event: 2.292 GC heap before
{Heap before GC invocations=3 (full 0):
 PSYoungGen      total 29696K, used 29684K [0x00000000eab00000, 0x00000000ecc00000, 0x0000000100000000)
  eden space 25600K, 100% used [0x00000000eab00000,0x00000000ec400000,0x00000000ec400000)
  from space 4096K, 99% used [0x00000000ec800000,0x00000000ecbfd2d0,0x00000000ecc00000)
  to   space 4096K, 0% used [0x00000000ec400000,0x00000000ec400000,0x00000000ec800000)
 ParOldGen       total 68608K, used 1468K [0x00000000c0000000, 0x00000000c4300000, 0x00000000eab00000)
  object space 68608K, 2% used [0x00000000c0000000,0x00000000c016f310,0x00000000c4300000)
 Metaspace       used 16045K, committed 16320K, reserved 1114112K
  class space    used 1611K, committed 1728K, reserved 1048576K
}
Event: 2.299 GC heap after
{Heap after GC invocations=3 (full 0):
 PSYoungGen      total 29696K, used 4090K [0x00000000eab00000, 0x00000000ecc00000, 0x0000000100000000)
  eden space 25600K, 0% used [0x00000000eab00000,0x00000000eab00000,0x00000000ec400000)
  from space 4096K, 99% used [0x00000000ec400000,0x00000000ec7fea80,0x00000000ec800000)
  to   space 4096K, 0% used [0x00000000ec800000,0x00000000ec800000,0x00000000ecc00000)
 ParOldGen       total 68608K, used 5247K [0x00000000c0000000, 0x00000000c4300000, 0x00000000eab00000)
  object space 68608K, 7% used [0x00000000c0000000,0x00000000c051ff70,0x00000000c4300000)
 Metaspace       used 16045K, committed 16320K, reserved 1114112K
  class space    used 1611K, committed 1728K, reserved 1048576K
}
Event: 2.985 GC heap before
{Heap before GC invocations=4 (full 0):
 PSYoungGen      total 29696K, used 29690K [0x00000000eab00000, 0x00000000ecc00000, 0x0000000100000000)
  eden space 25600K, 100% used [0x00000000eab00000,0x00000000ec400000,0x00000000ec400000)
  from space 4096K, 99% used [0x00000000ec400000,0x00000000ec7fea80,0x00000000ec800000)
  to   space 4096K, 0% used [0x00000000ec800000,0x00000000ec800000,0x00000000ecc00000)
 ParOldGen       total 68608K, used 5247K [0x00000000c0000000, 0x00000000c4300000, 0x00000000eab00000)
  object space 68608K, 7% used [0x00000000c0000000,0x00000000c051ff70,0x00000000c4300000)
 Metaspace       used 20556K, committed 21056K, reserved 1114112K
  class space    used 2084K, committed 2304K, reserved 1048576K
}
Event: 2.991 GC heap after
{Heap after GC invocations=4 (full 0):
 PSYoungGen      total 29696K, used 4072K [0x00000000eab00000, 0x00000000ecc00000, 0x0000000100000000)
  eden space 25600K, 0% used [0x00000000eab00000,0x00000000eab00000,0x00000000ec400000)
  from space 4096K, 99% used [0x00000000ec800000,0x00000000ecbfa1d0,0x00000000ecc00000)
  to   space 4096K, 0% used [0x00000000ec400000,0x00000000ec400000,0x00000000ec800000)
 ParOldGen       total 68608K, used 6318K [0x00000000c0000000, 0x00000000c4300000, 0x00000000eab00000)
  object space 68608K, 9% used [0x00000000c0000000,0x00000000c062b8a0,0x00000000c4300000)
 Metaspace       used 20556K, committed 21056K, reserved 1114112K
  class space    used 2084K, committed 2304K, reserved 1048576K
}
Event: 3.112 GC heap before
{Heap before GC invocations=5 (full 0):
 PSYoungGen      total 29696K, used 8655K [0x00000000eab00000, 0x00000000ecc00000, 0x0000000100000000)
  eden space 25600K, 17% used [0x00000000eab00000,0x00000000eaf79c98,0x00000000ec400000)
  from space 4096K, 99% used [0x00000000ec800000,0x00000000ecbfa1d0,0x00000000ecc00000)
  to   space 4096K, 0% used [0x00000000ec400000,0x00000000ec400000,0x00000000ec800000)
 ParOldGen       total 68608K, used 6318K [0x00000000c0000000, 0x00000000c4300000, 0x00000000eab00000)
  object space 68608K, 9% used [0x00000000c0000000,0x00000000c062b8a0,0x00000000c4300000)
 Metaspace       used 21107K, committed 21504K, reserved 1114112K
  class space    used 2148K, committed 2304K, reserved 1048576K
}
Event: 3.126 GC heap after
{Heap after GC invocations=5 (full 0):
 PSYoungGen      total 29696K, used 4081K [0x00000000eab00000, 0x00000000ece00000, 0x0000000100000000)
  eden space 25600K, 0% used [0x00000000eab00000,0x00000000eab00000,0x00000000ec400000)
  from space 4096K, 99% used [0x00000000ec400000,0x00000000ec7fc530,0x00000000ec800000)
  to   space 5120K, 0% used [0x00000000ec900000,0x00000000ec900000,0x00000000ece00000)
 ParOldGen       total 68608K, used 6715K [0x00000000c0000000, 0x00000000c4300000, 0x00000000eab00000)
  object space 68608K, 9% used [0x00000000c0000000,0x00000000c068ec20,0x00000000c4300000)
 Metaspace       used 21107K, committed 21504K, reserved 1114112K
  class space    used 2148K, committed 2304K, reserved 1048576K
}
Event: 3.126 GC heap before
{Heap before GC invocations=6 (full 1):
 PSYoungGen      total 29696K, used 4081K [0x00000000eab00000, 0x00000000ece00000, 0x0000000100000000)
  eden space 25600K, 0% used [0x00000000eab00000,0x00000000eab00000,0x00000000ec400000)
  from space 4096K, 99% used [0x00000000ec400000,0x00000000ec7fc530,0x00000000ec800000)
  to   space 5120K, 0% used [0x00000000ec900000,0x00000000ec900000,0x00000000ece00000)
 ParOldGen       total 68608K, used 6715K [0x00000000c0000000, 0x00000000c4300000, 0x00000000eab00000)
  object space 68608K, 9% used [0x00000000c0000000,0x00000000c068ec20,0x00000000c4300000)
 Metaspace       used 21107K, committed 21504K, reserved 1114112K
  class space    used 2148K, committed 2304K, reserved 1048576K
}
Event: 3.157 GC heap after
{Heap after GC invocations=6 (full 1):
 PSYoungGen      total 29696K, used 0K [0x00000000eab00000, 0x00000000ece00000, 0x0000000100000000)
  eden space 25600K, 0% used [0x00000000eab00000,0x00000000eab00000,0x00000000ec400000)
  from space 4096K, 0% used [0x00000000ec400000,0x00000000ec400000,0x00000000ec800000)
  to   space 5120K, 0% used [0x00000000ec900000,0x00000000ec900000,0x00000000ece00000)
 ParOldGen       total 68608K, used 10522K [0x00000000c0000000, 0x00000000c4300000, 0x00000000eab00000)
  object space 68608K, 15% used [0x00000000c0000000,0x00000000c0a46968,0x00000000c4300000)
 Metaspace       used 21094K, committed 21504K, reserved 1114112K
  class space    used 2145K, committed 2304K, reserved 1048576K
}
Event: 3.900 GC heap before
{Heap before GC invocations=7 (full 1):
 PSYoungGen      total 29696K, used 25600K [0x00000000eab00000, 0x00000000ece00000, 0x0000000100000000)
  eden space 25600K, 100% used [0x00000000eab00000,0x00000000ec400000,0x00000000ec400000)
  from space 4096K, 0% used [0x00000000ec400000,0x00000000ec400000,0x00000000ec800000)
  to   space 5120K, 0% used [0x00000000ec900000,0x00000000ec900000,0x00000000ece00000)
 ParOldGen       total 68608K, used 10522K [0x00000000c0000000, 0x00000000c4300000, 0x00000000eab00000)
  object space 68608K, 15% used [0x00000000c0000000,0x00000000c0a46968,0x00000000c4300000)
 Metaspace       used 24804K, committed 25344K, reserved 1114112K
  class space    used 2541K, committed 2752K, reserved 1048576K
}
Event: 3.903 GC heap after
{Heap after GC invocations=7 (full 1):
 PSYoungGen      total 26112K, used 884K [0x00000000eab00000, 0x00000000eca00000, 0x0000000100000000)
  eden space 25088K, 0% used [0x00000000eab00000,0x00000000eab00000,0x00000000ec380000)
  from space 1024K, 86% used [0x00000000ec900000,0x00000000ec9dd158,0x00000000eca00000)
  to   space 2560K, 0% used [0x00000000ec500000,0x00000000ec500000,0x00000000ec780000)
 ParOldGen       total 68608K, used 10530K [0x00000000c0000000, 0x00000000c4300000, 0x00000000eab00000)
  object space 68608K, 15% used [0x00000000c0000000,0x00000000c0a48968,0x00000000c4300000)
 Metaspace       used 24804K, committed 25344K, reserved 1114112K
  class space    used 2541K, committed 2752K, reserved 1048576K
}
Event: 4.401 GC heap before
{Heap before GC invocations=8 (full 1):
 PSYoungGen      total 26112K, used 25972K [0x00000000eab00000, 0x00000000eca00000, 0x0000000100000000)
  eden space 25088K, 100% used [0x00000000eab00000,0x00000000ec380000,0x00000000ec380000)
  from space 1024K, 86% used [0x00000000ec900000,0x00000000ec9dd158,0x00000000eca00000)
  to   space 2560K, 0% used [0x00000000ec500000,0x00000000ec500000,0x00000000ec780000)
 ParOldGen       total 68608K, used 10530K [0x00000000c0000000, 0x00000000c4300000, 0x00000000eab00000)
  object space 68608K, 15% used [0x00000000c0000000,0x00000000c0a48968,0x00000000c4300000)
 Metaspace       used 27574K, committed 28352K, reserved 1114112K
  class space    used 2882K, committed 3200K, reserved 1048576K
}
Event: 4.404 GC heap after
{Heap after GC invocations=8 (full 1):
 PSYoungGen      total 27136K, used 2542K [0x00000000eab00000, 0x00000000eca00000, 0x0000000100000000)
  eden space 24576K, 0% used [0x00000000eab00000,0x00000000eab00000,0x00000000ec300000)
  from space 2560K, 99% used [0x00000000ec500000,0x00000000ec77ba10,0x00000000ec780000)
  to   space 2560K, 0% used [0x00000000ec780000,0x00000000ec780000,0x00000000eca00000)
 ParOldGen       total 68608K, used 10802K [0x00000000c0000000, 0x00000000c4300000, 0x00000000eab00000)
  object space 68608K, 15% used [0x00000000c0000000,0x00000000c0a8c978,0x00000000c4300000)
 Metaspace       used 27574K, committed 28352K, reserved 1114112K
  class space    used 2882K, committed 3200K, reserved 1048576K
}
Event: 4.633 GC heap before
{Heap before GC invocations=9 (full 1):
 PSYoungGen      total 27136K, used 27118K [0x00000000eab00000, 0x00000000eca00000, 0x0000000100000000)
  eden space 24576K, 100% used [0x00000000eab00000,0x00000000ec300000,0x00000000ec300000)
  from space 2560K, 99% used [0x00000000ec500000,0x00000000ec77ba10,0x00000000ec780000)
  to   space 2560K, 0% used [0x00000000ec780000,0x00000000ec780000,0x00000000eca00000)
 ParOldGen       total 68608K, used 10802K [0x00000000c0000000, 0x00000000c4300000, 0x00000000eab00000)
  object space 68608K, 15% used [0x00000000c0000000,0x00000000c0a8c978,0x00000000c4300000)
 Metaspace       used 29930K, committed 30784K, reserved 1114112K
  class space    used 3049K, committed 3392K, reserved 1048576K
}
Event: 4.636 GC heap after
{Heap after GC invocations=9 (full 1):
 PSYoungGen      total 26624K, used 2547K [0x00000000eab00000, 0x00000000eca00000, 0x0000000100000000)
  eden space 24064K, 0% used [0x00000000eab00000,0x00000000eab00000,0x00000000ec280000)
  from space 2560K, 99% used [0x00000000ec780000,0x00000000ec9fcc38,0x00000000eca00000)
  to   space 3584K, 0% used [0x00000000ec300000,0x00000000ec300000,0x00000000ec680000)
 ParOldGen       total 68608K, used 11371K [0x00000000c0000000, 0x00000000c4300000, 0x00000000eab00000)
  object space 68608K, 16% used [0x00000000c0000000,0x00000000c0b1ae08,0x00000000c4300000)
 Metaspace       used 29930K, committed 30784K, reserved 1114112K
  class space    used 3049K, committed 3392K, reserved 1048576K
}
Event: 5.039 GC heap before
{Heap before GC invocations=10 (full 1):
 PSYoungGen      total 26624K, used 26611K [0x00000000eab00000, 0x00000000eca00000, 0x0000000100000000)
  eden space 24064K, 100% used [0x00000000eab00000,0x00000000ec280000,0x00000000ec280000)
  from space 2560K, 99% used [0x00000000ec780000,0x00000000ec9fcc38,0x00000000eca00000)
  to   space 3584K, 0% used [0x00000000ec300000,0x00000000ec300000,0x00000000ec680000)
 ParOldGen       total 68608K, used 11371K [0x00000000c0000000, 0x00000000c4300000, 0x00000000eab00000)
  object space 68608K, 16% used [0x00000000c0000000,0x00000000c0b1ae08,0x00000000c4300000)
 Metaspace       used 33255K, committed 34048K, reserved 1114112K
  class space    used 3314K, committed 3648K, reserved 1048576K
}
Event: 5.045 GC heap after
{Heap after GC invocations=10 (full 1):
 PSYoungGen      total 27136K, used 3173K [0x00000000eab00000, 0x00000000ec900000, 0x0000000100000000)
  eden space 23552K, 0% used [0x00000000eab00000,0x00000000eab00000,0x00000000ec200000)
  from space 3584K, 88% used [0x00000000ec300000,0x00000000ec6195f8,0x00000000ec680000)
  to   space 2560K, 0% used [0x00000000ec680000,0x00000000ec680000,0x00000000ec900000)
 ParOldGen       total 68608K, used 12687K [0x00000000c0000000, 0x00000000c4300000, 0x00000000eab00000)
  object space 68608K, 18% used [0x00000000c0000000,0x00000000c0c63d78,0x00000000c4300000)
 Metaspace       used 33255K, committed 34048K, reserved 1114112K
  class space    used 3314K, committed 3648K, reserved 1048576K
}

Dll operation events (10 events):
Event: 0.019 Loaded shared library c:\Users\saiki\.vscode\extensions\redhat.java-1.34.0-win32-x64\jre\17.0.12-win32-x86_64\bin\java.dll
Event: 0.218 Loaded shared library c:\Users\saiki\.vscode\extensions\redhat.java-1.34.0-win32-x64\jre\17.0.12-win32-x86_64\bin\zip.dll
Event: 0.222 Loaded shared library C:\Users\saiki\.vscode\extensions\redhat.java-1.34.0-win32-x64\jre\17.0.12-win32-x86_64\bin\instrument.dll
Event: 0.235 Loaded shared library C:\Users\saiki\.vscode\extensions\redhat.java-1.34.0-win32-x64\jre\17.0.12-win32-x86_64\bin\net.dll
Event: 0.237 Loaded shared library C:\Users\saiki\.vscode\extensions\redhat.java-1.34.0-win32-x64\jre\17.0.12-win32-x86_64\bin\nio.dll
Event: 0.246 Loaded shared library C:\Users\saiki\.vscode\extensions\redhat.java-1.34.0-win32-x64\jre\17.0.12-win32-x86_64\bin\zip.dll
Event: 0.264 Loaded shared library C:\Users\saiki\.vscode\extensions\redhat.java-1.34.0-win32-x64\jre\17.0.12-win32-x86_64\bin\jimage.dll
Event: 0.332 Loaded shared library c:\Users\saiki\.vscode\extensions\redhat.java-1.34.0-win32-x64\jre\17.0.12-win32-x86_64\bin\verify.dll
Event: 1.673 Loaded shared library C:\Users\saiki\AppData\Roaming\Code\User\globalStorage\redhat.java\1.34.0\config_win\org.eclipse.equinox.launcher\org.eclipse.equinox.launcher.win32.win32.x86_64_1.2.1100.v20240722-2106\eclipse_11904.dll
Event: 3.440 Loaded shared library C:\Users\saiki\AppData\Local\Temp\jna-109198969\jna14737740745117636403.dll

Deoptimization events (20 events):
Event: 4.204 Thread 0x000001ed59029420 DEOPT PACKING pc=0x000001ed48eaad74 sp=0x0000007b0acf25a0
Event: 4.204 Thread 0x000001ed59029420 DEOPT UNPACKING pc=0x000001ed489466a3 sp=0x0000007b0acf24c8 mode 2
Event: 4.204 Thread 0x000001ed59029420 Uncommon trap: trap_request=0xffffff45 fr.pc=0x000001ed48eaa454 relative=0x0000000000000334
Event: 4.204 Thread 0x000001ed59029420 Uncommon trap: reason=unstable_if action=reinterpret pc=0x000001ed48eaa454 method=java.lang.AbstractStringBuilder.isLatin1()Z @ 10 c2
Event: 4.204 Thread 0x000001ed59029420 DEOPT PACKING pc=0x000001ed48eaa454 sp=0x0000007b0acf25b0
Event: 4.204 Thread 0x000001ed59029420 DEOPT UNPACKING pc=0x000001ed489466a3 sp=0x0000007b0acf2530 mode 2
Event: 4.204 Thread 0x000001ed59029420 Uncommon trap: trap_request=0xffffff45 fr.pc=0x000001ed48eb25dc relative=0x000000000000005c
Event: 4.205 Thread 0x000001ed59029420 Uncommon trap: reason=unstable_if action=reinterpret pc=0x000001ed48eb25dc method=java.lang.AbstractStringBuilder.isLatin1()Z @ 10 c2
Event: 4.205 Thread 0x000001ed59029420 DEOPT PACKING pc=0x000001ed48eb25dc sp=0x0000007b0acf2590
Event: 4.205 Thread 0x000001ed59029420 DEOPT UNPACKING pc=0x000001ed489466a3 sp=0x0000007b0acf2520 mode 2
Event: 4.208 Thread 0x000001ed59029420 Uncommon trap: trap_request=0xffffff45 fr.pc=0x000001ed48eb2eb8 relative=0x0000000000000038
Event: 4.208 Thread 0x000001ed59029420 Uncommon trap: reason=unstable_if action=reinterpret pc=0x000001ed48eb2eb8 method=java.lang.StringLatin1.canEncode(I)Z @ 4 c2
Event: 4.208 Thread 0x000001ed59029420 DEOPT PACKING pc=0x000001ed48eb2eb8 sp=0x0000007b0acf2530
Event: 4.208 Thread 0x000001ed59029420 DEOPT UNPACKING pc=0x000001ed489466a3 sp=0x0000007b0acf24c0 mode 2
Event: 4.391 Thread 0x000001ed59029420 Uncommon trap: trap_request=0xffffffc6 fr.pc=0x000001ed48f6f454 relative=0x0000000000001134
Event: 4.391 Thread 0x000001ed59029420 Uncommon trap: reason=bimorphic_or_optimized_type_check action=maybe_recompile pc=0x000001ed48f6f454 method=java.util.Properties$LineReader.readLine()I @ 479 c2
Event: 4.391 Thread 0x000001ed59029420 DEOPT PACKING pc=0x000001ed48f6f454 sp=0x0000007b0acf4100
Event: 4.391 Thread 0x000001ed59029420 DEOPT UNPACKING pc=0x000001ed489466a3 sp=0x0000007b0acf4090 mode 2
Event: 4.561 Thread 0x000001ed59029420 DEOPT PACKING pc=0x000001ed418bec43 sp=0x0000007b0aceebb0
Event: 4.561 Thread 0x000001ed59029420 DEOPT UNPACKING pc=0x000001ed48946e43 sp=0x0000007b0acee0d0 mode 0

Classes loaded (20 events):
Event: 4.514 Loading class java/io/StringReader
Event: 4.514 Loading class java/io/StringReader done
Event: 4.517 Loading class java/util/zip/GZIPInputStream
Event: 4.518 Loading class java/util/zip/GZIPInputStream done
Event: 4.522 Loading class java/net/SocketTimeoutException
Event: 4.522 Loading class java/io/InterruptedIOException
Event: 4.522 Loading class java/io/InterruptedIOException done
Event: 4.522 Loading class java/net/SocketTimeoutException done
Event: 4.522 Loading class java/net/SocketException
Event: 4.522 Loading class java/net/SocketException done
Event: 4.522 Loading class java/net/UnknownHostException
Event: 4.522 Loading class java/net/UnknownHostException done
Event: 4.522 Loading class java/net/ProtocolException
Event: 4.522 Loading class java/net/ProtocolException done
Event: 4.540 Loading class java/lang/ThreadLocal$SuppliedThreadLocal
Event: 4.540 Loading class java/lang/ThreadLocal$SuppliedThreadLocal done
Event: 4.550 Loading class java/lang/NegativeArraySizeException
Event: 4.550 Loading class java/lang/NegativeArraySizeException done
Event: 4.550 Loading class java/io/FileWriter
Event: 4.550 Loading class java/io/FileWriter done

Classes unloaded (7 events):
Event: 3.131 Thread 0x000001ed3d00ea80 Unloading class 0x000000010024b400 'java/lang/invoke/LambdaForm$MH+0x000000010024b400'
Event: 3.131 Thread 0x000001ed3d00ea80 Unloading class 0x000000010024b000 'java/lang/invoke/LambdaForm$MH+0x000000010024b000'
Event: 3.131 Thread 0x000001ed3d00ea80 Unloading class 0x000000010024ac00 'java/lang/invoke/LambdaForm$MH+0x000000010024ac00'
Event: 3.131 Thread 0x000001ed3d00ea80 Unloading class 0x000000010024a800 'java/lang/invoke/LambdaForm$MH+0x000000010024a800'
Event: 3.131 Thread 0x000001ed3d00ea80 Unloading class 0x000000010024a400 'java/lang/invoke/LambdaForm$BMH+0x000000010024a400'
Event: 3.131 Thread 0x000001ed3d00ea80 Unloading class 0x000000010024a000 'java/lang/invoke/LambdaForm$DMH+0x000000010024a000'
Event: 3.132 Thread 0x000001ed3d00ea80 Unloading class 0x0000000100244400 'java/lang/invoke/LambdaForm$DMH+0x0000000100244400'

Classes redefined (0 events):
No events

Internal exceptions (20 events):
Event: 4.322 Thread 0x000001ed59029420 Exception <a 'java/lang/NoSuchMethodError'{0x00000000ebf27278}: 'int java.lang.invoke.DirectMethodHandle$Holder.invokeStatic(java.lang.Object, long)'> (0x00000000ebf27278) 
thrown [s\src\hotspot\share\interpreter\linkResolver.cpp, line 759]
Event: 4.325 Thread 0x000001ed59029420 Exception <a 'java/lang/NoSuchMethodError'{0x00000000ebf4fa18}: 'int java.lang.invoke.Invokers$Holder.linkToTargetMethod(java.lang.Object, java.lang.Object)'> (0x00000000ebf4fa18) 
thrown [s\src\hotspot\share\interpreter\linkResolver.cpp, line 759]
Event: 4.336 Thread 0x000001ed59029420 Exception <a 'java/lang/NoSuchMethodError'{0x00000000ebfd8358}: 'java.lang.Object java.lang.invoke.DirectMethodHandle$Holder.invokeSpecial(java.lang.Object, java.lang.Object, java.lang.Object, java.lang.Object, java.lang.Object, java.lang.Object, java.lang.Object, java.lang.Object, java.lang.Object, java.lang.Object, java.lang.Object)'> (0x00000000ebfd8358) 
thrown [s\src\hotspot\share\interpreter\linkResolver.cpp, line 759]
Event: 4.337 Thread 0x000001ed59029420 Exception <a 'java/lang/NoSuchMethodError'{0x00000000ebfdd870}: 'java.lang.Object java.lang.invoke.Invokers$Holder.invoke_MT(java.lang.Object, java.lang.Object, java.lang.Object, java.lang.Object, java.lang.Object, java.lang.Object, java.lang.Object, java.lang.Object, java.lang.Object, java.lang.Object, java.lang.Object)'> (0x00000000ebfdd870) 
thrown [s\src\hotspot\share\interpreter\linkResolver.cpp, line 759]
Event: 4.348 Thread 0x000001ed59029420 Exception <a 'java/lang/NoSuchMethodError'{0x00000000ec06cfb8}: 'java.lang.Object java.lang.invoke.DirectMethodHandle$Holder.invokeSpecial(java.lang.Object, java.lang.Object, java.lang.Object, java.lang.Object, java.lang.Object, java.lang.Object, java.lang.Object, java.lang.Object, java.lang.Object, java.lang.Object)'> (0x00000000ec06cfb8) 
thrown [s\src\hotspot\share\interpreter\linkResolver.cpp, line 759]
Event: 4.349 Thread 0x000001ed59029420 Exception <a 'java/lang/NoSuchMethodError'{0x00000000ec072460}: 'java.lang.Object java.lang.invoke.Invokers$Holder.invoke_MT(java.lang.Object, java.lang.Object, java.lang.Object, java.lang.Object, java.lang.Object, java.lang.Object, java.lang.Object, java.lang.Object, java.lang.Object, java.lang.Object)'> (0x00000000ec072460) 
thrown [s\src\hotspot\share\interpreter\linkResolver.cpp, line 759]
Event: 4.357 Thread 0x000001ed59029420 Exception <a 'java/lang/NoSuchMethodError'{0x00000000ec0feb58}: 'java.lang.Object java.lang.invoke.DirectMethodHandle$Holder.newInvokeSpecial(java.lang.Object, java.lang.Object, java.lang.Object, java.lang.Object, java.lang.Object, java.lang.Object, java.lang.Object)'> (0x00000000ec0feb58) 
thrown [s\src\hotspot\share\interpreter\linkResolver.cpp, line 759]
Event: 4.366 Thread 0x000001ed59029420 Exception <a 'java/lang/NoSuchMethodError'{0x00000000ec16c3c0}: 'java.lang.Object java.lang.invoke.DirectMethodHandle$Holder.invokeSpecial(java.lang.Object, java.lang.Object, java.lang.Object, java.lang.Object, java.lang.Object, java.lang.Object, java.lang.Object, java.lang.Object, java.lang.Object, java.lang.Object, java.lang.Object, java.lang.Object, java.lang.Object)'> (0x00000000ec16c3c0) 
thrown [s\src\hotspot\share\interpreter\linkResolver.cpp, line 759]
Event: 4.366 Thread 0x000001ed59029420 Exception <a 'java/lang/NoSuchMethodError'{0x00000000ec171ef0}: 'java.lang.Object java.lang.invoke.Invokers$Holder.invoker(java.lang.Object, java.lang.Object, java.lang.Object, java.lang.Object, java.lang.Object, java.lang.Object, java.lang.Object, java.lang.Object, java.lang.Object, java.lang.Object, java.lang.Object, java.lang.Object, java.lang.Object)'> (0x00000000ec171ef0) 
thrown [s\src\hotspot\share\interpreter\linkResolver.cpp, line 759]
Event: 4.366 Thread 0x000001ed59029420 Exception <a 'java/lang/NoSuchMethodError'{0x00000000ec178bf0}: 'java.lang.Object java.lang.invoke.DirectMethodHandle$Holder.invokeSpecial(java.lang.Object, java.lang.Object, java.lang.Object, java.lang.Object, java.lang.Object, java.lang.Object, java.lang.Object, java.lang.Object, java.lang.Object, java.lang.Object, java.lang.Object, java.lang.Object, java.lang.Object, java.lang.Object)'> (0x00000000ec178bf0) 
thrown [s\src\hotspot\share\interpreter\linkResolver.cpp, line 759]
Event: 4.373 Thread 0x000001ed59029420 Exception <a 'java/lang/NoSuchMethodError'{0x00000000ec1e38d0}: static Lorg/eclipse/m2e/core/internal/lifecyclemapping/model/PluginExecutionMetadata;.<clinit>()V> (0x00000000ec1e38d0) 
thrown [s\src\hotspot\share\prims\jni.cpp, line 1112]
Event: 4.382 Thread 0x000001ed59029420 Exception <a 'java/lang/NoSuchMethodError'{0x00000000ec23eca8}: static Lorg/eclipse/m2e/core/internal/lifecyclemapping/model/PluginExecutionFilter;.<clinit>()V> (0x00000000ec23eca8) 
thrown [s\src\hotspot\share\prims\jni.cpp, line 1112]
Event: 4.387 Thread 0x000001ed59029420 Exception <a 'java/lang/NoSuchMethodError'{0x00000000ec2817f8}: static Lorg/eclipse/m2e/core/internal/project/registry/MavenProjectFacade$MavenProjectConfiguration;.<clinit>()V> (0x00000000ec2817f8) 
thrown [s\src\hotspot\share\prims\jni.cpp, line 1112]
Event: 4.478 Thread 0x000001ed59029420 Exception <a 'java/lang/NoSuchMethodError'{0x00000000eaf35c10}: 'double java.lang.invoke.DirectMethodHandle$Holder.invokeStatic(java.lang.Object, java.lang.Object)'> (0x00000000eaf35c10) 
thrown [s\src\hotspot\share\interpreter\linkResolver.cpp, line 759]
Event: 4.479 Thread 0x000001ed59029420 Exception <a 'java/lang/NoSuchMethodError'{0x00000000eaf39528}: 'double java.lang.invoke.DirectMethodHandle$Holder.invokeStaticInit(java.lang.Object, java.lang.Object)'> (0x00000000eaf39528) 
thrown [s\src\hotspot\share\interpreter\linkResolver.cpp, line 759]
Event: 4.605 Thread 0x000001ed59029420 Exception <a 'java/io/FileNotFoundException'{0x00000000ec047bd8}> (0x00000000ec047bd8) 
thrown [s\src\hotspot\share\prims\jni.cpp, line 516]
Event: 4.605 Thread 0x000001ed59029420 Exception <a 'java/io/FileNotFoundException'{0x00000000ec0489f0}> (0x00000000ec0489f0) 
thrown [s\src\hotspot\share\prims\jni.cpp, line 516]
Event: 4.605 Thread 0x000001ed59029420 Exception <a 'java/io/FileNotFoundException'{0x00000000ec049958}> (0x00000000ec049958) 
thrown [s\src\hotspot\share\prims\jni.cpp, line 516]
Event: 5.067 Thread 0x000001ed59029420 Exception <a 'java/lang/NoSuchMethodError'{0x00000000eb494490}: 'java.lang.Object java.lang.invoke.DirectMethodHandle$Holder.newInvokeSpecial(java.lang.Object, int, java.lang.Object, java.lang.Object)'> (0x00000000eb494490) 
thrown [s\src\hotspot\share\interpreter\linkResolver.cpp, line 759]
Event: 5.070 Thread 0x000001ed59029420 Exception <a 'java/io/FileNotFoundException'{0x00000000eb4b7550}> (0x00000000eb4b7550) 
thrown [s\src\hotspot\share\prims\jni.cpp, line 516]

VM Operations (20 events):
Event: 3.450 Executing VM operation: HandshakeAllThreads
Event: 3.450 Executing VM operation: HandshakeAllThreads done
Event: 3.669 Executing VM operation: HandshakeAllThreads
Event: 3.669 Executing VM operation: HandshakeAllThreads done
Event: 3.714 Executing VM operation: HandshakeAllThreads
Event: 3.714 Executing VM operation: HandshakeAllThreads done
Event: 3.723 Executing VM operation: HandshakeAllThreads
Event: 3.723 Executing VM operation: HandshakeAllThreads done
Event: 3.900 Executing VM operation: ParallelGCFailedAllocation
Event: 3.903 Executing VM operation: ParallelGCFailedAllocation done
Event: 4.302 Executing VM operation: HandshakeAllThreads
Event: 4.303 Executing VM operation: HandshakeAllThreads done
Event: 4.303 Executing VM operation: HandshakeAllThreads
Event: 4.303 Executing VM operation: HandshakeAllThreads done
Event: 4.401 Executing VM operation: ParallelGCFailedAllocation
Event: 4.404 Executing VM operation: ParallelGCFailedAllocation done
Event: 4.633 Executing VM operation: ParallelGCFailedAllocation
Event: 4.636 Executing VM operation: ParallelGCFailedAllocation done
Event: 5.039 Executing VM operation: ParallelGCFailedAllocation
Event: 5.045 Executing VM operation: ParallelGCFailedAllocation done

Events (20 events):
Event: 0.081 Thread 0x000001ed58455170 Thread added: 0x000001ed58455170
Event: 0.081 Thread 0x000001ed58455f10 Thread added: 0x000001ed58455f10
Event: 0.087 Thread 0x000001ed584afc00 Thread added: 0x000001ed584afc00
Event: 0.089 Thread 0x000001ed584bc9c0 Thread added: 0x000001ed584bc9c0
Event: 0.169 Thread 0x000001ed585d4340 Thread added: 0x000001ed585d4340
Event: 0.330 Thread 0x000001ed587796f0 Thread added: 0x000001ed587796f0
Event: 0.435 Thread 0x000001ed587b3fe0 Thread added: 0x000001ed587b3fe0
Event: 0.908 Thread 0x000001ed587796f0 Thread exited: 0x000001ed587796f0
Event: 1.014 Thread 0x000001ed592a45e0 Thread added: 0x000001ed592a45e0
Event: 1.288 Thread 0x000001ed58e4e740 Thread added: 0x000001ed58e4e740
Event: 1.430 Thread 0x000001ed592a45e0 Thread exited: 0x000001ed592a45e0
Event: 1.665 Thread 0x000001ed5901bd80 Thread added: 0x000001ed5901bd80
Event: 1.668 Thread 0x000001ed59029420 Thread added: 0x000001ed59029420
Event: 2.104 Thread 0x000001ed5930e7a0 Thread added: 0x000001ed5930e7a0
Event: 2.323 Thread 0x000001ed598ae440 Thread added: 0x000001ed598ae440
Event: 2.498 Thread 0x000001ed5930cd70 Thread added: 0x000001ed5930cd70
Event: 2.920 Thread 0x000001ed59111580 Thread added: 0x000001ed59111580
Event: 3.464 Thread 0x000001ed59110650 Thread added: 0x000001ed59110650
Event: 3.510 Thread 0x000001ed59110140 Thread added: 0x000001ed59110140
Event: 3.558 Thread 0x000001ed5910f720 Thread added: 0x000001ed5910f720


Dynamic libraries:
0x00007ff68d2c0000 - 0x00007ff68d2ce000 	c:\Users\saiki\.vscode\extensions\redhat.java-1.34.0-win32-x64\jre\17.0.12-win32-x86_64\bin\java.exe
0x00007ffcf1130000 - 0x00007ffcf1347000 	C:\WINDOWS\SYSTEM32\ntdll.dll
0x00007ffcf03a0000 - 0x00007ffcf0464000 	C:\WINDOWS\System32\KERNEL32.DLL
0x00007ffcee450000 - 0x00007ffcee7fd000 	C:\WINDOWS\System32\KERNELBASE.dll
0x00007ffcee8d0000 - 0x00007ffcee9e1000 	C:\WINDOWS\System32\ucrtbase.dll
0x00007ffcdd1a0000 - 0x00007ffcdd1b7000 	c:\Users\saiki\.vscode\extensions\redhat.java-1.34.0-win32-x64\jre\17.0.12-win32-x86_64\bin\jli.dll
0x00007ffcef850000 - 0x00007ffcef9fe000 	C:\WINDOWS\System32\USER32.dll
0x00007ffceee30000 - 0x00007ffceee56000 	C:\WINDOWS\System32\win32u.dll
0x00007ffcf0290000 - 0x00007ffcf02b9000 	C:\WINDOWS\System32\GDI32.dll
0x00007ffceeb60000 - 0x00007ffceec79000 	C:\WINDOWS\System32\gdi32full.dll
0x00007ffcee830000 - 0x00007ffcee8ca000 	C:\WINDOWS\System32\msvcp_win.dll
0x00007ffcd77a0000 - 0x00007ffcd77bb000 	c:\Users\saiki\.vscode\extensions\redhat.java-1.34.0-win32-x64\jre\17.0.12-win32-x86_64\bin\VCRUNTIME140.dll
0x00007ffcce8d0000 - 0x00007ffcceb63000 	C:\WINDOWS\WinSxS\amd64_microsoft.windows.common-controls_6595b64144ccf1df_6.0.22621.3672_none_2713b9d173822955\COMCTL32.dll
0x00007ffcf00c0000 - 0x00007ffcf0167000 	C:\WINDOWS\System32\msvcrt.dll
0x00007ffcefb90000 - 0x00007ffcefbc1000 	C:\WINDOWS\System32\IMM32.DLL
0x00007ffce7490000 - 0x00007ffce749c000 	c:\Users\saiki\.vscode\extensions\redhat.java-1.34.0-win32-x64\jre\17.0.12-win32-x86_64\bin\vcruntime140_1.dll
0x00007ffcbb820000 - 0x00007ffcbb8ad000 	c:\Users\saiki\.vscode\extensions\redhat.java-1.34.0-win32-x64\jre\17.0.12-win32-x86_64\bin\msvcp140.dll
0x00007ffc82d30000 - 0x00007ffc8399a000 	c:\Users\saiki\.vscode\extensions\redhat.java-1.34.0-win32-x64\jre\17.0.12-win32-x86_64\bin\server\jvm.dll
0x00007ffcf01c0000 - 0x00007ffcf0272000 	C:\WINDOWS\System32\ADVAPI32.dll
0x00007ffcf0db0000 - 0x00007ffcf0e59000 	C:\WINDOWS\System32\sechost.dll
0x00007ffcee800000 - 0x00007ffcee828000 	C:\WINDOWS\System32\bcrypt.dll
0x00007ffcf0810000 - 0x00007ffcf0924000 	C:\WINDOWS\System32\RPCRT4.dll
0x00007ffcf04b0000 - 0x00007ffcf0521000 	C:\WINDOWS\System32\WS2_32.dll
0x00007ffcee270000 - 0x00007ffcee2bd000 	C:\WINDOWS\SYSTEM32\POWRPROF.dll
0x00007ffce7140000 - 0x00007ffce7174000 	C:\WINDOWS\SYSTEM32\WINMM.dll
0x00007ffce3060000 - 0x00007ffce306a000 	C:\WINDOWS\SYSTEM32\VERSION.dll
0x00007ffcee150000 - 0x00007ffcee163000 	C:\WINDOWS\SYSTEM32\UMPDC.dll
0x00007ffced460000 - 0x00007ffced478000 	C:\WINDOWS\SYSTEM32\kernel.appcore.dll
0x00007ffcdd330000 - 0x00007ffcdd33a000 	c:\Users\saiki\.vscode\extensions\redhat.java-1.34.0-win32-x64\jre\17.0.12-win32-x86_64\bin\jimage.dll
0x00007ffcebcf0000 - 0x00007ffcebf22000 	C:\WINDOWS\SYSTEM32\DBGHELP.DLL
0x00007ffcefbd0000 - 0x00007ffceff5e000 	C:\WINDOWS\System32\combase.dll
0x00007ffcf1010000 - 0x00007ffcf10e7000 	C:\WINDOWS\System32\OLEAUT32.dll
0x00007ffcdfc70000 - 0x00007ffcdfca2000 	C:\WINDOWS\SYSTEM32\dbgcore.DLL
0x00007ffceedb0000 - 0x00007ffceee2b000 	C:\WINDOWS\System32\bcryptPrimitives.dll
0x00007ffcd7790000 - 0x00007ffcd779e000 	c:\Users\saiki\.vscode\extensions\redhat.java-1.34.0-win32-x64\jre\17.0.12-win32-x86_64\bin\instrument.dll
0x00007ffcd6210000 - 0x00007ffcd6235000 	c:\Users\saiki\.vscode\extensions\redhat.java-1.34.0-win32-x64\jre\17.0.12-win32-x86_64\bin\java.dll
0x00007ffcd6540000 - 0x00007ffcd6558000 	c:\Users\saiki\.vscode\extensions\redhat.java-1.34.0-win32-x64\jre\17.0.12-win32-x86_64\bin\zip.dll
0x00007ffceef80000 - 0x00007ffcef7e7000 	C:\WINDOWS\System32\SHELL32.dll
0x00007ffcec380000 - 0x00007ffcecc7f000 	C:\WINDOWS\SYSTEM32\windows.storage.dll
0x00007ffcec240000 - 0x00007ffcec37f000 	C:\WINDOWS\SYSTEM32\wintypes.dll
0x00007ffcf0530000 - 0x00007ffcf0629000 	C:\WINDOWS\System32\SHCORE.dll
0x00007ffcef7f0000 - 0x00007ffcef84e000 	C:\WINDOWS\System32\shlwapi.dll
0x00007ffcee380000 - 0x00007ffcee3a7000 	C:\WINDOWS\SYSTEM32\profapi.dll
0x00007ffcb3d40000 - 0x00007ffcb3d59000 	C:\Users\saiki\.vscode\extensions\redhat.java-1.34.0-win32-x64\jre\17.0.12-win32-x86_64\bin\net.dll
0x00007ffcea390000 - 0x00007ffcea4c6000 	C:\WINDOWS\SYSTEM32\WINHTTP.dll
0x00007ffced8c0000 - 0x00007ffced929000 	C:\WINDOWS\system32\mswsock.dll
0x00007ffcb1420000 - 0x00007ffcb1436000 	C:\Users\saiki\.vscode\extensions\redhat.java-1.34.0-win32-x64\jre\17.0.12-win32-x86_64\bin\nio.dll
0x00007ffcd6510000 - 0x00007ffcd6520000 	c:\Users\saiki\.vscode\extensions\redhat.java-1.34.0-win32-x64\jre\17.0.12-win32-x86_64\bin\verify.dll
0x00007ffc9faf0000 - 0x00007ffc9fb35000 	C:\Users\saiki\AppData\Roaming\Code\User\globalStorage\redhat.java\1.34.0\config_win\org.eclipse.equinox.launcher\org.eclipse.equinox.launcher.win32.win32.x86_64_1.2.1100.v20240722-2106\eclipse_11904.dll
0x00007ffcf0e60000 - 0x00007ffcf1005000 	C:\WINDOWS\System32\ole32.dll
0x00007ffcedc10000 - 0x00007ffcedc2b000 	C:\WINDOWS\SYSTEM32\CRYPTSP.dll
0x00007ffced3c0000 - 0x00007ffced3f5000 	C:\WINDOWS\system32\rsaenh.dll
0x00007ffced960000 - 0x00007ffced988000 	C:\WINDOWS\SYSTEM32\USERENV.dll
0x00007ffcedac0000 - 0x00007ffcedacc000 	C:\WINDOWS\SYSTEM32\CRYPTBASE.dll
0x00007ffcecee0000 - 0x00007ffcecf0d000 	C:\WINDOWS\SYSTEM32\IPHLPAPI.DLL
0x00007ffcf0280000 - 0x00007ffcf0289000 	C:\WINDOWS\System32\NSI.dll
0x00007ffce7b30000 - 0x00007ffce7b49000 	C:\WINDOWS\SYSTEM32\dhcpcsvc6.DLL
0x00007ffce7660000 - 0x00007ffce767f000 	C:\WINDOWS\SYSTEM32\dhcpcsvc.DLL
0x00007ffcecf10000 - 0x00007ffced008000 	C:\WINDOWS\SYSTEM32\DNSAPI.dll
0x00007ffc9f340000 - 0x00007ffc9f385000 	C:\Users\saiki\AppData\Local\Temp\jna-109198969\jna14737740745117636403.dll
0x00007ffcf04a0000 - 0x00007ffcf04a8000 	C:\WINDOWS\System32\PSAPI.DLL

dbghelp: loaded successfully - version: 4.0.5 - missing functions: none
symbol engine: initialized successfully - sym options: 0x614 - pdb path: .;c:\Users\saiki\.vscode\extensions\redhat.java-1.34.0-win32-x64\jre\17.0.12-win32-x86_64\bin;C:\WINDOWS\SYSTEM32;C:\WINDOWS\WinSxS\amd64_microsoft.windows.common-controls_6595b64144ccf1df_6.0.22621.3672_none_2713b9d173822955;c:\Users\saiki\.vscode\extensions\redhat.java-1.34.0-win32-x64\jre\17.0.12-win32-x86_64\bin\server;C:\Users\saiki\AppData\Roaming\Code\User\globalStorage\redhat.java\1.34.0\config_win\org.eclipse.equinox.launcher\org.eclipse.equinox.launcher.win32.win32.x86_64_1.2.1100.v20240722-2106;C:\Users\saiki\AppData\Local\Temp\jna-109198969

VM Arguments:
jvm_args: --add-modules=ALL-SYSTEM --add-opens=java.base/java.util=ALL-UNNAMED --add-opens=java.base/java.lang=ALL-UNNAMED --add-opens=java.base/sun.nio.fs=ALL-UNNAMED -Declipse.application=org.eclipse.jdt.ls.core.id1 -Dosgi.bundles.defaultStartLevel=4 -Declipse.product=org.eclipse.jdt.ls.core.product -Djava.import.generatesMetadataFilesAtProjectRoot=false -DDetectVMInstallationsJob.disabled=true -Dfile.encoding=utf8 -XX:+UseParallelGC -XX:GCTimeRatio=4 -XX:AdaptiveSizePolicyWeight=90 -Dsun.zip.disableMemoryMapping=true -Xmx1G -Xms100m -Xlog:disable -javaagent:c:\Users\saiki\.vscode\extensions\redhat.java-1.34.0-win32-x64\lombok\lombok-1.18.33.jar -XX:+HeapDumpOnOutOfMemoryError -XX:HeapDumpPath=c:\Users\saiki\AppData\Roaming\Code\User\workspaceStorage\e3fd7e6f57146df4fcd031bbb4822ab2\redhat.java -Daether.dependencyCollector.impl=bf 
java_command: c:\Users\saiki\.vscode\extensions\redhat.java-1.34.0-win32-x64\server\plugins\org.eclipse.equinox.launcher_1.6.900.v20240613-2009.jar -configuration c:\Users\saiki\AppData\Roaming\Code\User\globalStorage\redhat.java\1.34.0\config_win -data c:\Users\saiki\AppData\Roaming\Code\User\workspaceStorage\e3fd7e6f57146df4fcd031bbb4822ab2\redhat.java\jdt_ws --pipe=\\.\pipe\lsp-42169d0ba6b4523e32452eef78257dca-sock
java_class_path (initial): c:\Users\saiki\.vscode\extensions\redhat.java-1.34.0-win32-x64\server\plugins\org.eclipse.equinox.launcher_1.6.900.v20240613-2009.jar
Launcher Type: SUN_STANDARD

[Global flags]
    uintx AdaptiveSizePolicyWeight                 = 90                                        {product} {command line}
     intx CICompilerCount                          = 3                                         {product} {ergonomic}
    uintx GCTimeRatio                              = 4                                         {product} {command line}
     bool HeapDumpOnOutOfMemoryError               = true                                   {manageable} {command line}
    ccstr HeapDumpPath                             = c:\Users\saiki\AppData\Roaming\Code\User\workspaceStorage\e3fd7e6f57146df4fcd031bbb4822ab2\redhat.java         {manageable} {command line}
   size_t InitialHeapSize                          = 104857600                                 {product} {command line}
   size_t MaxHeapSize                              = 1073741824                                {product} {command line}
   size_t MaxNewSize                               = 357564416                                 {product} {ergonomic}
   size_t MinHeapDeltaBytes                        = 524288                                    {product} {ergonomic}
   size_t MinHeapSize                              = 104857600                                 {product} {command line}
   size_t NewSize                                  = 34603008                                  {product} {ergonomic}
    uintx NonNMethodCodeHeapSize                   = 5832780                                {pd product} {ergonomic}
    uintx NonProfiledCodeHeapSize                  = 122912730                              {pd product} {ergonomic}
   size_t OldSize                                  = 70254592                                  {product} {ergonomic}
    uintx ProfiledCodeHeapSize                     = 122912730                              {pd product} {ergonomic}
    uintx ReservedCodeCacheSize                    = 251658240                              {pd product} {ergonomic}
     bool SegmentedCodeCache                       = true                                      {product} {ergonomic}
   size_t SoftMaxHeapSize                          = 1073741824                             {manageable} {ergonomic}
     bool UseCompressedClassPointers               = true                           {product lp64_product} {ergonomic}
     bool UseCompressedOops                        = true                           {product lp64_product} {ergonomic}
     bool UseLargePagesIndividualAllocation        = false                                  {pd product} {ergonomic}
     bool UseParallelGC                            = true                                      {product} {command line}

Logging:
Log output configuration:
 #0: stdout all=off uptime,level,tags
 #1: stderr all=off uptime,level,tags

Environment Variables:
JAVA_HOME=C:\Program Files\Java\jdk-22
PATH=C:\Program Files\Eclipse Adoptium\jdk-21.0.4.7-hotspot\bin;C:\Program Files\Eclipse Adoptium\jdk-21.0.4.7-hotspot\\bin;C:\Program Files\MongoDB\Server\7.0\bin;C:\Program Files\Common Files\Oracle\Java\javapath;C:\Program Files (x86)\Common Files\Oracle\Java\java8path;C:\Program Files (x86)\Common Files\Oracle\Java\javapath;C:\WINDOWS\system32;C:\WINDOWS;C:\WINDOWS\System32\Wbem;C:\WINDOWS\System32\WindowsPowerShell\v1.0\;C:\WINDOWS\System32\OpenSSH\;C:\Program Files\Microsoft SQL Server\150\Tools\Binn\;C:\Program Files\Microsoft SQL Server\Client SDK\ODBC\170\Tools\Binn\;C:\winlibs-x86_64-mcf-seh-gcc-13.2.0-llvm-16.0.6-mingw-w64ucrt-11.0.1-r2 (1)\mingw64\bin;C:\Strawberry\c\bin;C:\Strawberry\perl\site\bin;C:\Strawberry\perl\bin;C:\MinGW\bin;C:\Program Files\PowerShell\7-preview\preview;C:\Program Files\dotnet\;C:\Program Files\PuTTY\;C:\Users\saiki\AppData\Local\Android\Sdk\platform-tools;C:\Users\saiki\AppData\Local\Android\Sdk\platforms;C:\Users\saiki\AppData\Local\Android\Sdk\cmdline-tools\latest\bin;C:\Users\saiki\AppData\Local\Android\Sdk\emulator;C:\Program Files\Git\cmd;C:\ProgramData\chocolatey\bin;C:\Users\saiki\AppData\Roaming\nvm;C:\Program Files\nodejs;C:\Program Files\nodejs\;C:\Users\saiki\miniconda3;C:\Users\saiki\miniconda3\Scripts;C:\Users\saiki\miniconda3\Library\bin;C:\Program Files\PowerShell\7\;C:\Users\saiki\Desktop\CSP-584-Assignments\Assignment-1\apache-maven-3.9.9\bin;C:\Users\saiki\AppData\Local\Programs\Python\Python310\Scripts\;C:\Users\saiki\AppData\Local\Programs\Python\Python310\;C:\Users\saiki\dev\flutter\bin;C:\Program Files\Java\jdk-22\bin;C:\Users\saiki\AppData\Local\Programs\Python\Launcher\;C:\Program Files\MySQL\MySQL Shell 8.0\bin\;C:\Users\saiki\AppData\Local\Microsoft\WindowsApps;C:\Program Files\JetBrains\CLion 2023.3.4\bin;;C:\Program Files\JetBrains\PyCharm 2023.3.4\bin;;C:\Users\saiki\.dotnet\tools;C:\Program Files\JetBrains\IntelliJ IDEA 2024.1\bin;;C:\Users\saiki\AppData\Local\GitHubDesktop\bin;C:\Users\saiki\AppData\
USERNAME=saiki
OS=Windows_NT
PROCESSOR_IDENTIFIER=AMD64 Family 23 Model 96 Stepping 1, AuthenticAMD
TMP=C:\Users\saiki\AppData\Local\Temp
TEMP=C:\Users\saiki\AppData\Local\Temp



Periodic native trim disabled


---------------  S Y S T E M  ---------------

OS:
 Windows 11 , 64 bit Build 22621 (10.0.22621.3958)
OS uptime: 2 days 12:50 hours
Hyper-V role detected

CPU: total 6 (initial active 6) (6 cores per cpu, 1 threads per core) family 23 model 96 stepping 1 microcode 0x0, cx8, cmov, fxsr, mmx, 3dnowpref, sse, sse2, sse3, ssse3, sse4a, sse4.1, sse4.2, popcnt, lzcnt, tsc, tscinvbit, avx, avx2, aes, clmul, bmi1, bmi2, adx, sha, fma, vzeroupper, clflush, clflushopt, hv
Processor Information for all 6 processors :
  Max Mhz: 2375, Current Mhz: 2375, Mhz Limit: 2375

Memory: 4k page, system-wide physical 7564M (199M free)
TotalPageFile size 31116M (AvailPageFile size 1M)
current process WorkingSet (physical memory assigned to process): 157M, peak: 161M
current process commit charge ("private bytes"): 251M, peak: 255M

vm_info: OpenJDK 64-Bit Server VM (17.0.12+7) for windows-amd64 JRE (17.0.12+7), built on Jul 16 2024 22:08:24 by "admin" with MS VC++ 16.10 / 16.11 (VS2019)

END.
