#
# There is insufficient memory for the Java Runtime Environment to continue.
# Native memory allocation (malloc) failed to allocate 3366896 bytes. Error detail: Chunk::new
# Possible reasons:
#   The system is out of physical RAM or swap space
#   This process is running with CompressedOops enabled, and the Java Heap may be blocking the growth of the native heap
# Possible solutions:
#   Reduce memory load on the system
#   Increase physical memory or swap space
#   Check if swap backing store is full
#   Decrease Java heap size (-Xmx/-Xms)
#   Decrease number of Java threads
#   Decrease Java thread stack sizes (-Xss)
#   Set larger code cache with -XX:ReservedCodeCacheSize=
#   JVM is running with Unscaled Compressed Oops mode in which the Java heap is
#     placed in the first 4GB address space. The Java Heap base address is the
#     maximum limit for the native heap growth. Please use -XX:HeapBaseMinAddress
#     to set the Java Heap base and to place the Java Heap above 4GB virtual address.
# This output file may be truncated or incomplete.
#
#  Out of Memory Error (arena.cpp:191), pid=103728, tid=99608
#
# JRE version: OpenJDK Runtime Environment Temurin-17.0.12+7 (17.0.12+7) (build 17.0.12+7)
# Java VM: OpenJDK 64-Bit Server VM Temurin-17.0.12+7 (17.0.12+7, mixed mode, tiered, compressed oops, compressed class ptrs, parallel gc, windows-amd64)
# No core dump will be written. Minidumps are not enabled by default on client versions of Windows
#

---------------  S U M M A R Y ------------

Command Line: --add-modules=ALL-SYSTEM --add-opens=java.base/java.util=ALL-UNNAMED --add-opens=java.base/java.lang=ALL-UNNAMED --add-opens=java.base/sun.nio.fs=ALL-UNNAMED -Declipse.application=org.eclipse.jdt.ls.core.id1 -Dosgi.bundles.defaultStartLevel=4 -Declipse.product=org.eclipse.jdt.ls.core.product -Djava.import.generatesMetadataFilesAtProjectRoot=false -DDetectVMInstallationsJob.disabled=true -Dfile.encoding=utf8 -XX:+UseParallelGC -XX:GCTimeRatio=4 -XX:AdaptiveSizePolicyWeight=90 -Dsun.zip.disableMemoryMapping=true -Xmx1G -Xms100m -Xlog:disable -javaagent:c:\Users\saiki\.vscode\extensions\redhat.java-1.34.0-win32-x64\lombok\lombok-1.18.33.jar c:\Users\saiki\.vscode\extensions\redhat.java-1.34.0-win32-x64\server\plugins\org.eclipse.equinox.launcher_1.6.900.v20240613-2009.jar -configuration c:\Users\saiki\AppData\Roaming\Code\User\globalStorage\redhat.java\1.34.0\config_ss_win -data c:\Users\saiki\AppData\Roaming\Code\User\workspaceStorage\e3fd7e6f57146df4fcd031bbb4822ab2\redhat.java\ss_ws --pipe=\\.\pipe\lsp-f9fe998f1ea6f2259d62e49bb849964a-sock

Host: AMD Ryzen 5 4500U with Radeon Graphics         , 6 cores, 7G,  Windows 11 , 64 bit Build 22621 (10.0.22621.3958)
Time: Fri Sep 13 13:36:02 2024 Central Summer Time elapsed time: 11.639685 seconds (0d 0h 0m 11s)

---------------  T H R E A D  ---------------

Current thread (0x0000018f375b1740):  JavaThread "C2 CompilerThread0" daemon [_thread_in_native, id=99608, stack(0x0000002639600000,0x0000002639700000)]


Current CompileTask:
C2:  11639 3834       4       org.lombokweb.asm.ClassReader::readMethod (1066 bytes)

Stack: [0x0000002639600000,0x0000002639700000]
Native frames: (J=compiled Java code, j=interpreted, Vv=VM code, C=native code)
V  [jvm.dll+0x67f929]
V  [jvm.dll+0x8371ba]
V  [jvm.dll+0x838c7e]
V  [jvm.dll+0x8392e3]
V  [jvm.dll+0x24834f]
V  [jvm.dll+0xac9d4]
V  [jvm.dll+0xad01c]
V  [jvm.dll+0x3674a7]
V  [jvm.dll+0x1bd562]
V  [jvm.dll+0x21aa09]
V  [jvm.dll+0x219cf1]
V  [jvm.dll+0x1a58bd]
V  [jvm.dll+0x229a2d]
V  [jvm.dll+0x227bdc]
V  [jvm.dll+0x7ec1f7]
V  [jvm.dll+0x7e65dc]
V  [jvm.dll+0x67e7f7]
C  [ucrtbase.dll+0x29333]
C  [KERNEL32.DLL+0x1257d]
C  [ntdll.dll+0x5af28]


---------------  P R O C E S S  ---------------

Threads class SMR info:
_java_thread_list=0x0000018f38d7df60, length=34, elements={
0x0000018f1e053060, 0x0000018f31ed6030, 0x0000018f37580820, 0x0000018f375acf10,
0x0000018f375ad7e0, 0x0000018f375b01c0, 0x0000018f375b0a90, 0x0000018f375b1740,
0x0000018f3760fc10, 0x0000018f376148f0, 0x0000018f1e0b6850, 0x0000018f37ae87e0,
0x0000018f380106b0, 0x0000018f385702f0, 0x0000018f38570aa0, 0x0000018f3805ac60,
0x0000018f3861c820, 0x0000018f3861be00, 0x0000018f3861a9c0, 0x0000018f38619070,
0x0000018f3861aed0, 0x0000018f38619580, 0x0000018f3861b3e0, 0x0000018f38619a90,
0x0000018f3861a4b0, 0x0000018f38619fa0, 0x0000018f3861b8f0, 0x0000018f38796750,
0x0000018f38792fa0, 0x0000018f387943e0, 0x0000018f38798fd0, 0x0000018f38798ac0,
0x0000018f38795d30, 0x0000018f38792580
}

Java Threads: ( => current thread )
  0x0000018f1e053060 JavaThread "main" [_thread_blocked, id=90508, stack(0x0000002638d00000,0x0000002638e00000)]
  0x0000018f31ed6030 JavaThread "Reference Handler" daemon [_thread_blocked, id=88852, stack(0x0000002639000000,0x0000002639100000)]
  0x0000018f37580820 JavaThread "Finalizer" daemon [_thread_blocked, id=94420, stack(0x0000002639100000,0x0000002639200000)]
  0x0000018f375acf10 JavaThread "Signal Dispatcher" daemon [_thread_blocked, id=44312, stack(0x0000002639200000,0x0000002639300000)]
  0x0000018f375ad7e0 JavaThread "Attach Listener" daemon [_thread_blocked, id=98820, stack(0x0000002639300000,0x0000002639400000)]
  0x0000018f375b01c0 JavaThread "Service Thread" daemon [_thread_blocked, id=95952, stack(0x0000002639400000,0x0000002639500000)]
  0x0000018f375b0a90 JavaThread "Monitor Deflation Thread" daemon [_thread_blocked, id=90144, stack(0x0000002639500000,0x0000002639600000)]
=>0x0000018f375b1740 JavaThread "C2 CompilerThread0" daemon [_thread_in_native, id=99608, stack(0x0000002639600000,0x0000002639700000)]
  0x0000018f3760fc10 JavaThread "C1 CompilerThread0" daemon [_thread_in_native, id=96148, stack(0x0000002639700000,0x0000002639800000)]
  0x0000018f376148f0 JavaThread "Sweeper thread" daemon [_thread_blocked, id=100904, stack(0x0000002639800000,0x0000002639900000)]
  0x0000018f1e0b6850 JavaThread "Common-Cleaner" daemon [_thread_blocked, id=88488, stack(0x0000002639900000,0x0000002639a00000)]
  0x0000018f37ae87e0 JavaThread "Notification Thread" daemon [_thread_blocked, id=98852, stack(0x0000002639a00000,0x0000002639b00000)]
  0x0000018f380106b0 JavaThread "Active Thread: Equinox Container: e7e5615e-ec85-493c-8548-c690572ceb7b" [_thread_blocked, id=106120, stack(0x0000002639c00000,0x0000002639d00000)]
  0x0000018f385702f0 JavaThread "Framework Event Dispatcher: Equinox Container: e7e5615e-ec85-493c-8548-c690572ceb7b" daemon [_thread_blocked, id=94040, stack(0x000000263a200000,0x000000263a300000)]
  0x0000018f38570aa0 JavaThread "Start Level: Equinox Container: e7e5615e-ec85-493c-8548-c690572ceb7b" daemon [_thread_blocked, id=90672, stack(0x000000263a300000,0x000000263a400000)]
  0x0000018f3805ac60 JavaThread "SCR Component Actor" daemon [_thread_blocked, id=101380, stack(0x000000263a400000,0x000000263a500000)]
  0x0000018f3861c820 JavaThread "Worker-JM" [_thread_blocked, id=99212, stack(0x000000263a600000,0x000000263a700000)]
  0x0000018f3861be00 JavaThread "Worker-0" [_thread_blocked, id=104332, stack(0x000000263a700000,0x000000263a800000)]
  0x0000018f3861a9c0 JavaThread "Worker-1" [_thread_blocked, id=94804, stack(0x000000263a800000,0x000000263a900000)]
  0x0000018f38619070 JavaThread "JNA Cleaner" daemon [_thread_blocked, id=85112, stack(0x000000263a900000,0x000000263aa00000)]
  0x0000018f3861aed0 JavaThread "Thread-2" daemon [_thread_in_native, id=44308, stack(0x000000263ac00000,0x000000263ad00000)]
  0x0000018f38619580 JavaThread "Thread-3" daemon [_thread_in_native, id=103196, stack(0x000000263ad00000,0x000000263ae00000)]
  0x0000018f3861b3e0 JavaThread "Thread-4" daemon [_thread_in_native, id=106544, stack(0x000000263ae00000,0x000000263af00000)]
  0x0000018f38619a90 JavaThread "Thread-5" daemon [_thread_in_native, id=100872, stack(0x000000263af00000,0x000000263b000000)]
  0x0000018f3861a4b0 JavaThread "Thread-6" daemon [_thread_in_native, id=103004, stack(0x000000263b000000,0x000000263b100000)]
  0x0000018f38619fa0 JavaThread "Thread-7" daemon [_thread_in_native, id=95416, stack(0x000000263b100000,0x000000263b200000)]
  0x0000018f3861b8f0 JavaThread "Thread-8" daemon [_thread_in_native, id=103948, stack(0x000000263b200000,0x000000263b300000)]
  0x0000018f38796750 JavaThread "pool-2-thread-1" [_thread_blocked, id=92336, stack(0x000000263b300000,0x000000263b400000)]
  0x0000018f38792fa0 JavaThread "WorkspaceEventsHandler" [_thread_blocked, id=96844, stack(0x000000263b400000,0x000000263b500000)]
  0x0000018f387943e0 JavaThread "pool-1-thread-1" [_thread_in_native, id=99280, stack(0x000000263b500000,0x000000263b600000)]
  0x0000018f38798fd0 JavaThread "ForkJoinPool.commonPool-worker-1" daemon [_thread_in_Java, id=90188, stack(0x000000263b600000,0x000000263b700000)]
  0x0000018f38798ac0 JavaThread "ForkJoinPool.commonPool-worker-2" daemon [_thread_blocked, id=101916, stack(0x000000263b700000,0x000000263b800000)]
  0x0000018f38795d30 JavaThread "ForkJoinPool.commonPool-worker-3" daemon [_thread_in_vm, id=100028, stack(0x000000263b800000,0x000000263b900000)]
  0x0000018f38792580 JavaThread "Worker-2: Updating workspace" [_thread_blocked, id=105684, stack(0x000000263b900000,0x000000263ba00000)]

Other Threads:
  0x0000018f1e0fecd0 VMThread "VM Thread" [stack: 0x0000002638f00000,0x0000002639000000] [id=97172]
  0x0000018f37af1710 WatcherThread [stack: 0x0000002639b00000,0x0000002639c00000] [id=94748]
  0x0000018f1e0685b0 GCTaskThread "GC Thread#0" [stack: 0x0000002638e00000,0x0000002638f00000] [id=91912]
  0x0000018f380e2450 GCTaskThread "GC Thread#1" [stack: 0x0000002639d00000,0x0000002639e00000] [id=100944]
  0x0000018f37d50ab0 GCTaskThread "GC Thread#2" [stack: 0x0000002639e00000,0x0000002639f00000] [id=1692]
  0x0000018f37d50d70 GCTaskThread "GC Thread#3" [stack: 0x0000002639f00000,0x000000263a000000] [id=77808]
  0x0000018f37e7bf40 GCTaskThread "GC Thread#4" [stack: 0x000000263a000000,0x000000263a100000] [id=90988]
  0x0000018f37e7c200 GCTaskThread "GC Thread#5" [stack: 0x000000263a100000,0x000000263a200000] [id=92324]

Threads with active compile tasks:
C2 CompilerThread0    11678 3834       4       org.lombokweb.asm.ClassReader::readMethod (1066 bytes)
C1 CompilerThread0    11678 4070   !   3       org.eclipse.jdt.internal.compiler.parser.Scanner::scanForStringLiteral (764 bytes)

VM state: not at safepoint (normal execution)

VM Mutex/Monitor currently owned by a thread: None

Heap address: 0x00000000c0000000, size: 1024 MB, Compressed Oops mode: 32-bit

CDS archive(s) not mapped
Compressed class space mapped at: 0x0000000100000000-0x0000000140000000, reserved size: 1073741824
Narrow klass base: 0x0000000000000000, Narrow klass shift: 3, Narrow klass range: 0x140000000

GC Precious Log:
 CPUs: 6 total, 6 available
 Memory: 7564M
 Large Page Support: Disabled
 NUMA Support: Disabled
 Compressed Oops: Enabled (32-bit)
 Alignments: Space 512K, Generation 512K, Heap 2M
 Heap Min Capacity: 100M
 Heap Initial Capacity: 100M
 Heap Max Capacity: 1G
 Pre-touch: Disabled
 Parallel Workers: 6

Heap:
 PSYoungGen      total 23040K, used 2763K [0x00000000eab00000, 0x00000000ec580000, 0x0000000100000000)
  eden space 22016K, 8% used [0x00000000eab00000,0x00000000eace7c30,0x00000000ec080000)
  from space 1024K, 79% used [0x00000000ec480000,0x00000000ec54b120,0x00000000ec580000)
  to   space 1024K, 0% used [0x00000000ec380000,0x00000000ec380000,0x00000000ec480000)
 ParOldGen       total 68608K, used 16165K [0x00000000c0000000, 0x00000000c4300000, 0x00000000eab00000)
  object space 68608K, 23% used [0x00000000c0000000,0x00000000c0fc9748,0x00000000c4300000)
 Metaspace       used 43720K, committed 44480K, reserved 1114112K
  class space    used 4420K, committed 4736K, reserved 1048576K

Card table byte_map: [0x0000018f1d9e0000,0x0000018f1dbf0000] _byte_map_base: 0x0000018f1d3e0000

Marking Bits: (ParMarkBitMap*) 0x00007ffc838d58b0
 Begin Bits: [0x0000018f2fce0000, 0x0000018f30ce0000)
 End Bits:   [0x0000018f30ce0000, 0x0000018f31ce0000)

Polling page: 0x0000018f1bf70000

Metaspace:

Usage:
  Non-class:     38.38 MB used.
      Class:      4.32 MB used.
       Both:     42.70 MB used.

Virtual space:
  Non-class space:       64.00 MB reserved,      38.81 MB ( 61%) committed,  1 nodes.
      Class space:        1.00 GB reserved,       4.62 MB ( <1%) committed,  1 nodes.
             Both:        1.06 GB reserved,      43.44 MB (  4%) committed. 

Chunk freelists:
   Non-Class:  9.21 MB
       Class:  11.26 MB
        Both:  20.47 MB

MaxMetaspaceSize: unlimited
CompressedClassSpaceSize: 1.00 GB
Initial GC threshold: 21.00 MB
Current GC threshold: 58.38 MB
CDS: off
MetaspaceReclaimPolicy: balanced
 - commit_granule_bytes: 65536.
 - commit_granule_words: 8192.
 - virtual_space_node_default_size: 8388608.
 - enlarge_chunks_in_place: 1.
 - new_chunks_are_fully_committed: 0.
 - uncommit_free_chunks: 1.
 - use_allocation_guard: 0.
 - handle_deallocations: 1.


Internal statistics:

num_allocs_failed_limit: 6.
num_arena_births: 414.
num_arena_deaths: 14.
num_vsnodes_births: 2.
num_vsnodes_deaths: 0.
num_space_committed: 695.
num_space_uncommitted: 0.
num_chunks_returned_to_freelist: 20.
num_chunks_taken_from_freelist: 1868.
num_chunk_merges: 8.
num_chunk_splits: 1201.
num_chunks_enlarged: 784.
num_inconsistent_stats: 0.

CodeHeap 'non-profiled nmethods': size=120000Kb used=1898Kb max_used=1898Kb free=118101Kb
 bounds [0x0000018f287b0000, 0x0000018f28a20000, 0x0000018f2fce0000]
CodeHeap 'profiled nmethods': size=120000Kb used=8737Kb max_used=8737Kb free=111262Kb
 bounds [0x0000018f20ce0000, 0x0000018f21570000, 0x0000018f28210000]
CodeHeap 'non-nmethods': size=5760Kb used=1321Kb max_used=1379Kb free=4438Kb
 bounds [0x0000018f28210000, 0x0000018f28480000, 0x0000018f287b0000]
 total_blobs=4713 nmethods=4055 adapters=572
 compilation: enabled
              stopped_count=0, restarted_count=0
 full_count=0

Compilation events (20 events):
Event: 11.592 Thread 0x0000018f3760fc10 4021       3       org.eclipse.core.runtime.Path::isValidSegment (20 bytes)
Event: 11.593 Thread 0x0000018f3760fc10 nmethod 4021 0x0000018f2153ad90 code [0x0000018f2153af40, 0x0000018f2153b0e8]
Event: 11.602 Thread 0x0000018f3760fc10 4024  s    3       org.eclipse.core.internal.filesystem.InternalFileSystemCore::getFileSystemRegistry (156 bytes)
Event: 11.604 Thread 0x0000018f3760fc10 nmethod 4024 0x0000018f2153b190 code [0x0000018f2153b540, 0x0000018f2153d8b8]
Event: 11.607 Thread 0x0000018f3760fc10 4026       3       org.eclipse.core.internal.dtree.DeltaDataTree::searchNodeAt (120 bytes)
Event: 11.607 Thread 0x0000018f3760fc10 nmethod 4026 0x0000018f2153e510 code [0x0000018f2153e740, 0x0000018f2153f138]
Event: 11.608 Thread 0x0000018f3760fc10 4025       3       java.util.concurrent.atomic.AtomicLong::getAndIncrement (12 bytes)
Event: 11.608 Thread 0x0000018f3760fc10 nmethod 4025 0x0000018f2153f510 code [0x0000018f2153f6a0, 0x0000018f2153f7b8]
Event: 11.615 Thread 0x0000018f3760fc10 4027       3       java.util.concurrent.ConcurrentHashMap$KeySetView::iterator (34 bytes)
Event: 11.615 Thread 0x0000018f3760fc10 nmethod 4027 0x0000018f2153f890 code [0x0000018f2153fa40, 0x0000018f2153fc68]
Event: 11.615 Thread 0x0000018f3760fc10 4028       3       java.util.concurrent.ConcurrentHashMap$KeyIterator::<init> (12 bytes)
Event: 11.615 Thread 0x0000018f3760fc10 nmethod 4028 0x0000018f2153fd90 code [0x0000018f2153ff20, 0x0000018f21540068]
Event: 11.616 Thread 0x0000018f3760fc10 4029       3       org.eclipse.core.internal.dtree.DeltaDataTree::includes (12 bytes)
Event: 11.616 Thread 0x0000018f3760fc10 nmethod 4029 0x0000018f21540110 code [0x0000018f215402c0, 0x0000018f21540488]
Event: 11.616 Thread 0x0000018f3760fc10 4030       3       sun.nio.fs.WindowsUriSupport::fromUri (312 bytes)
Event: 11.618 Thread 0x0000018f3760fc10 nmethod 4030 0x0000018f21540510 code [0x0000018f21540a60, 0x0000018f215430a8]
Event: 11.619 Thread 0x0000018f3760fc10 4031       3       java.lang.Class::getDeclaredConstructor (31 bytes)
Event: 11.620 Thread 0x0000018f3760fc10 nmethod 4031 0x0000018f21543e10 code [0x0000018f21544080, 0x0000018f21544998]
Event: 11.634 Thread 0x0000018f3760fc10 4032       3       org.eclipse.core.runtime.SubMonitor::internalWorked (33 bytes)
Event: 11.634 Thread 0x0000018f3760fc10 nmethod 4032 0x0000018f21544d90 code [0x0000018f21544f60, 0x0000018f215453a8]

GC Heap History (20 events):
Event: 5.115 GC heap before
{Heap before GC invocations=6 (full 1):
 PSYoungGen      total 29696K, used 25600K [0x00000000eab00000, 0x00000000ecc00000, 0x0000000100000000)
  eden space 25600K, 100% used [0x00000000eab00000,0x00000000ec400000,0x00000000ec400000)
  from space 4096K, 0% used [0x00000000ec800000,0x00000000ec800000,0x00000000ecc00000)
  to   space 4096K, 0% used [0x00000000ec400000,0x00000000ec400000,0x00000000ec800000)
 ParOldGen       total 68608K, used 6865K [0x00000000c0000000, 0x00000000c4300000, 0x00000000eab00000)
  object space 68608K, 10% used [0x00000000c0000000,0x00000000c06b4678,0x00000000c4300000)
 Metaspace       used 24254K, committed 24640K, reserved 1114112K
  class space    used 2379K, committed 2496K, reserved 1048576K
}
Event: 5.117 GC heap after
{Heap after GC invocations=6 (full 1):
 PSYoungGen      total 26112K, used 656K [0x00000000eab00000, 0x00000000ec880000, 0x0000000100000000)
  eden space 25088K, 0% used [0x00000000eab00000,0x00000000eab00000,0x00000000ec380000)
  from space 1024K, 64% used [0x00000000ec400000,0x00000000ec4a43a8,0x00000000ec500000)
  to   space 2560K, 0% used [0x00000000ec600000,0x00000000ec600000,0x00000000ec880000)
 ParOldGen       total 68608K, used 6873K [0x00000000c0000000, 0x00000000c4300000, 0x00000000eab00000)
  object space 68608K, 10% used [0x00000000c0000000,0x00000000c06b6678,0x00000000c4300000)
 Metaspace       used 24254K, committed 24640K, reserved 1114112K
  class space    used 2379K, committed 2496K, reserved 1048576K
}
Event: 5.503 GC heap before
{Heap before GC invocations=7 (full 1):
 PSYoungGen      total 26112K, used 25744K [0x00000000eab00000, 0x00000000ec880000, 0x0000000100000000)
  eden space 25088K, 100% used [0x00000000eab00000,0x00000000ec380000,0x00000000ec380000)
  from space 1024K, 64% used [0x00000000ec400000,0x00000000ec4a43a8,0x00000000ec500000)
  to   space 2560K, 0% used [0x00000000ec600000,0x00000000ec600000,0x00000000ec880000)
 ParOldGen       total 68608K, used 6873K [0x00000000c0000000, 0x00000000c4300000, 0x00000000eab00000)
  object space 68608K, 10% used [0x00000000c0000000,0x00000000c06b6678,0x00000000c4300000)
 Metaspace       used 26754K, committed 27136K, reserved 1114112K
  class space    used 2582K, committed 2688K, reserved 1048576K
}
Event: 5.505 GC heap after
{Heap after GC invocations=7 (full 1):
 PSYoungGen      total 27136K, used 2534K [0x00000000eab00000, 0x00000000ec900000, 0x0000000100000000)
  eden space 24576K, 0% used [0x00000000eab00000,0x00000000eab00000,0x00000000ec300000)
  from space 2560K, 99% used [0x00000000ec600000,0x00000000ec879b00,0x00000000ec880000)
  to   space 3072K, 0% used [0x00000000ec300000,0x00000000ec300000,0x00000000ec600000)
 ParOldGen       total 68608K, used 6881K [0x00000000c0000000, 0x00000000c4300000, 0x00000000eab00000)
  object space 68608K, 10% used [0x00000000c0000000,0x00000000c06b8678,0x00000000c4300000)
 Metaspace       used 26754K, committed 27136K, reserved 1114112K
  class space    used 2582K, committed 2688K, reserved 1048576K
}
Event: 6.702 GC heap before
{Heap before GC invocations=8 (full 1):
 PSYoungGen      total 27136K, used 27110K [0x00000000eab00000, 0x00000000ec900000, 0x0000000100000000)
  eden space 24576K, 100% used [0x00000000eab00000,0x00000000ec300000,0x00000000ec300000)
  from space 2560K, 99% used [0x00000000ec600000,0x00000000ec879b00,0x00000000ec880000)
  to   space 3072K, 0% used [0x00000000ec300000,0x00000000ec300000,0x00000000ec600000)
 ParOldGen       total 68608K, used 6881K [0x00000000c0000000, 0x00000000c4300000, 0x00000000eab00000)
  object space 68608K, 10% used [0x00000000c0000000,0x00000000c06b8678,0x00000000c4300000)
 Metaspace       used 30448K, committed 31040K, reserved 1114112K
  class space    used 2973K, committed 3200K, reserved 1048576K
}
Event: 6.706 GC heap after
{Heap after GC invocations=8 (full 1):
 PSYoungGen      total 27136K, used 3063K [0x00000000eab00000, 0x00000000ecb80000, 0x0000000100000000)
  eden space 24064K, 0% used [0x00000000eab00000,0x00000000eab00000,0x00000000ec280000)
  from space 3072K, 99% used [0x00000000ec300000,0x00000000ec5fddc0,0x00000000ec600000)
  to   space 4608K, 0% used [0x00000000ec700000,0x00000000ec700000,0x00000000ecb80000)
 ParOldGen       total 68608K, used 7930K [0x00000000c0000000, 0x00000000c4300000, 0x00000000eab00000)
  object space 68608K, 11% used [0x00000000c0000000,0x00000000c07beba8,0x00000000c4300000)
 Metaspace       used 30448K, committed 31040K, reserved 1114112K
  class space    used 2973K, committed 3200K, reserved 1048576K
}
Event: 8.221 GC heap before
{Heap before GC invocations=9 (full 1):
 PSYoungGen      total 27136K, used 27127K [0x00000000eab00000, 0x00000000ecb80000, 0x0000000100000000)
  eden space 24064K, 100% used [0x00000000eab00000,0x00000000ec280000,0x00000000ec280000)
  from space 3072K, 99% used [0x00000000ec300000,0x00000000ec5fddc0,0x00000000ec600000)
  to   space 4608K, 0% used [0x00000000ec700000,0x00000000ec700000,0x00000000ecb80000)
 ParOldGen       total 68608K, used 7930K [0x00000000c0000000, 0x00000000c4300000, 0x00000000eab00000)
  object space 68608K, 11% used [0x00000000c0000000,0x00000000c07beba8,0x00000000c4300000)
 Metaspace       used 34192K, committed 34816K, reserved 1114112K
  class space    used 3426K, committed 3712K, reserved 1048576K
}
Event: 8.227 GC heap after
{Heap after GC invocations=9 (full 1):
 PSYoungGen      total 28160K, used 4241K [0x00000000eab00000, 0x00000000ecb80000, 0x0000000100000000)
  eden space 23552K, 0% used [0x00000000eab00000,0x00000000eab00000,0x00000000ec200000)
  from space 4608K, 92% used [0x00000000ec700000,0x00000000ecb246c8,0x00000000ecb80000)
  to   space 4608K, 0% used [0x00000000ec280000,0x00000000ec280000,0x00000000ec700000)
 ParOldGen       total 68608K, used 7938K [0x00000000c0000000, 0x00000000c4300000, 0x00000000eab00000)
  object space 68608K, 11% used [0x00000000c0000000,0x00000000c07c0ba8,0x00000000c4300000)
 Metaspace       used 34192K, committed 34816K, reserved 1114112K
  class space    used 3426K, committed 3712K, reserved 1048576K
}
Event: 8.881 GC heap before
{Heap before GC invocations=10 (full 1):
 PSYoungGen      total 28160K, used 11742K [0x00000000eab00000, 0x00000000ecb80000, 0x0000000100000000)
  eden space 23552K, 31% used [0x00000000eab00000,0x00000000eb253510,0x00000000ec200000)
  from space 4608K, 92% used [0x00000000ec700000,0x00000000ecb246c8,0x00000000ecb80000)
  to   space 4608K, 0% used [0x00000000ec280000,0x00000000ec280000,0x00000000ec700000)
 ParOldGen       total 68608K, used 7938K [0x00000000c0000000, 0x00000000c4300000, 0x00000000eab00000)
  object space 68608K, 11% used [0x00000000c0000000,0x00000000c07c0ba8,0x00000000c4300000)
 Metaspace       used 35318K, committed 35840K, reserved 1114112K
  class space    used 3548K, committed 3776K, reserved 1048576K
}
Event: 8.887 GC heap after
{Heap after GC invocations=10 (full 1):
 PSYoungGen      total 27136K, used 3348K [0x00000000eab00000, 0x00000000eca00000, 0x0000000100000000)
  eden space 23552K, 0% used [0x00000000eab00000,0x00000000eab00000,0x00000000ec200000)
  from space 3584K, 93% used [0x00000000ec280000,0x00000000ec5c5328,0x00000000ec600000)
  to   space 4096K, 0% used [0x00000000ec600000,0x00000000ec600000,0x00000000eca00000)
 ParOldGen       total 68608K, used 9442K [0x00000000c0000000, 0x00000000c4300000, 0x00000000eab00000)
  object space 68608K, 13% used [0x00000000c0000000,0x00000000c0938b88,0x00000000c4300000)
 Metaspace       used 35318K, committed 35840K, reserved 1114112K
  class space    used 3548K, committed 3776K, reserved 1048576K
}
Event: 8.887 GC heap before
{Heap before GC invocations=11 (full 2):
 PSYoungGen      total 27136K, used 3348K [0x00000000eab00000, 0x00000000eca00000, 0x0000000100000000)
  eden space 23552K, 0% used [0x00000000eab00000,0x00000000eab00000,0x00000000ec200000)
  from space 3584K, 93% used [0x00000000ec280000,0x00000000ec5c5328,0x00000000ec600000)
  to   space 4096K, 0% used [0x00000000ec600000,0x00000000ec600000,0x00000000eca00000)
 ParOldGen       total 68608K, used 9442K [0x00000000c0000000, 0x00000000c4300000, 0x00000000eab00000)
  object space 68608K, 13% used [0x00000000c0000000,0x00000000c0938b88,0x00000000c4300000)
 Metaspace       used 35318K, committed 35840K, reserved 1114112K
  class space    used 3548K, committed 3776K, reserved 1048576K
}
Event: 8.910 GC heap after
{Heap after GC invocations=11 (full 2):
 PSYoungGen      total 27136K, used 0K [0x00000000eab00000, 0x00000000eca00000, 0x0000000100000000)
  eden space 23552K, 0% used [0x00000000eab00000,0x00000000eab00000,0x00000000ec200000)
  from space 3584K, 0% used [0x00000000ec280000,0x00000000ec280000,0x00000000ec600000)
  to   space 4096K, 0% used [0x00000000ec600000,0x00000000ec600000,0x00000000eca00000)
 ParOldGen       total 68608K, used 12518K [0x00000000c0000000, 0x00000000c4300000, 0x00000000eab00000)
  object space 68608K, 18% used [0x00000000c0000000,0x00000000c0c39988,0x00000000c4300000)
 Metaspace       used 35318K, committed 35840K, reserved 1114112K
  class space    used 3548K, committed 3776K, reserved 1048576K
}
Event: 9.860 GC heap before
{Heap before GC invocations=12 (full 2):
 PSYoungGen      total 27136K, used 23552K [0x00000000eab00000, 0x00000000eca00000, 0x0000000100000000)
  eden space 23552K, 100% used [0x00000000eab00000,0x00000000ec200000,0x00000000ec200000)
  from space 3584K, 0% used [0x00000000ec280000,0x00000000ec280000,0x00000000ec600000)
  to   space 4096K, 0% used [0x00000000ec600000,0x00000000ec600000,0x00000000eca00000)
 ParOldGen       total 68608K, used 12518K [0x00000000c0000000, 0x00000000c4300000, 0x00000000eab00000)
  object space 68608K, 18% used [0x00000000c0000000,0x00000000c0c39988,0x00000000c4300000)
 Metaspace       used 38492K, committed 39296K, reserved 1114112K
  class space    used 3911K, committed 4224K, reserved 1048576K
}
Event: 9.864 GC heap after
{Heap after GC invocations=12 (full 2):
 PSYoungGen      total 25600K, used 2349K [0x00000000eab00000, 0x00000000ec880000, 0x0000000100000000)
  eden space 23040K, 0% used [0x00000000eab00000,0x00000000eab00000,0x00000000ec180000)
  from space 2560K, 91% used [0x00000000ec600000,0x00000000ec84b6c0,0x00000000ec880000)
  to   space 3072K, 0% used [0x00000000ec280000,0x00000000ec280000,0x00000000ec580000)
 ParOldGen       total 68608K, used 12526K [0x00000000c0000000, 0x00000000c4300000, 0x00000000eab00000)
  object space 68608K, 18% used [0x00000000c0000000,0x00000000c0c3b988,0x00000000c4300000)
 Metaspace       used 38492K, committed 39296K, reserved 1114112K
  class space    used 3911K, committed 4224K, reserved 1048576K
}
Event: 10.368 GC heap before
{Heap before GC invocations=13 (full 2):
 PSYoungGen      total 25600K, used 25254K [0x00000000eab00000, 0x00000000ec880000, 0x0000000100000000)
  eden space 23040K, 99% used [0x00000000eab00000,0x00000000ec15e2e8,0x00000000ec180000)
  from space 2560K, 91% used [0x00000000ec600000,0x00000000ec84b6c0,0x00000000ec880000)
  to   space 3072K, 0% used [0x00000000ec280000,0x00000000ec280000,0x00000000ec580000)
 ParOldGen       total 68608K, used 12526K [0x00000000c0000000, 0x00000000c4300000, 0x00000000eab00000)
  object space 68608K, 18% used [0x00000000c0000000,0x00000000c0c3b988,0x00000000c4300000)
 Metaspace       used 40799K, committed 41600K, reserved 1114112K
  class space    used 4140K, committed 4480K, reserved 1048576K
}
Event: 10.372 GC heap after
{Heap after GC invocations=13 (full 2):
 PSYoungGen      total 25088K, used 2118K [0x00000000eab00000, 0x00000000ec680000, 0x0000000100000000)
  eden space 22528K, 0% used [0x00000000eab00000,0x00000000eab00000,0x00000000ec100000)
  from space 2560K, 82% used [0x00000000ec280000,0x00000000ec491bc8,0x00000000ec500000)
  to   space 1536K, 0% used [0x00000000ec500000,0x00000000ec500000,0x00000000ec680000)
 ParOldGen       total 68608K, used 14557K [0x00000000c0000000, 0x00000000c4300000, 0x00000000eab00000)
  object space 68608K, 21% used [0x00000000c0000000,0x00000000c0e37760,0x00000000c4300000)
 Metaspace       used 40799K, committed 41600K, reserved 1114112K
  class space    used 4140K, committed 4480K, reserved 1048576K
}
Event: 10.542 GC heap before
{Heap before GC invocations=14 (full 2):
 PSYoungGen      total 25088K, used 24646K [0x00000000eab00000, 0x00000000ec680000, 0x0000000100000000)
  eden space 22528K, 100% used [0x00000000eab00000,0x00000000ec100000,0x00000000ec100000)
  from space 2560K, 82% used [0x00000000ec280000,0x00000000ec491bc8,0x00000000ec500000)
  to   space 1536K, 0% used [0x00000000ec500000,0x00000000ec500000,0x00000000ec680000)
 ParOldGen       total 68608K, used 14557K [0x00000000c0000000, 0x00000000c4300000, 0x00000000eab00000)
  object space 68608K, 21% used [0x00000000c0000000,0x00000000c0e37760,0x00000000c4300000)
 Metaspace       used 40828K, committed 41600K, reserved 1114112K
  class space    used 4140K, committed 4480K, reserved 1048576K
}
Event: 10.544 GC heap after
{Heap after GC invocations=14 (full 2):
 PSYoungGen      total 23040K, used 795K [0x00000000eab00000, 0x00000000ec600000, 0x0000000100000000)
  eden space 22016K, 0% used [0x00000000eab00000,0x00000000eab00000,0x00000000ec080000)
  from space 1024K, 77% used [0x00000000ec500000,0x00000000ec5c6cd8,0x00000000ec600000)
  to   space 1536K, 0% used [0x00000000ec300000,0x00000000ec300000,0x00000000ec480000)
 ParOldGen       total 68608K, used 15797K [0x00000000c0000000, 0x00000000c4300000, 0x00000000eab00000)
  object space 68608K, 23% used [0x00000000c0000000,0x00000000c0f6d748,0x00000000c4300000)
 Metaspace       used 40828K, committed 41600K, reserved 1114112K
  class space    used 4140K, committed 4480K, reserved 1048576K
}
Event: 10.965 GC heap before
{Heap before GC invocations=15 (full 2):
 PSYoungGen      total 23040K, used 22811K [0x00000000eab00000, 0x00000000ec600000, 0x0000000100000000)
  eden space 22016K, 100% used [0x00000000eab00000,0x00000000ec080000,0x00000000ec080000)
  from space 1024K, 77% used [0x00000000ec500000,0x00000000ec5c6cd8,0x00000000ec600000)
  to   space 1536K, 0% used [0x00000000ec300000,0x00000000ec300000,0x00000000ec480000)
 ParOldGen       total 68608K, used 15797K [0x00000000c0000000, 0x00000000c4300000, 0x00000000eab00000)
  object space 68608K, 23% used [0x00000000c0000000,0x00000000c0f6d748,0x00000000c4300000)
 Metaspace       used 42252K, committed 42944K, reserved 1114112K
  class space    used 4309K, committed 4608K, reserved 1048576K
}
Event: 10.966 GC heap after
{Heap after GC invocations=15 (full 2):
 PSYoungGen      total 23552K, used 416K [0x00000000eab00000, 0x00000000ec580000, 0x0000000100000000)
  eden space 22016K, 0% used [0x00000000eab00000,0x00000000eab00000,0x00000000ec080000)
  from space 1536K, 27% used [0x00000000ec300000,0x00000000ec368010,0x00000000ec480000)
  to   space 1024K, 0% used [0x00000000ec480000,0x00000000ec480000,0x00000000ec580000)
 ParOldGen       total 68608K, used 15877K [0x00000000c0000000, 0x00000000c4300000, 0x00000000eab00000)
  object space 68608K, 23% used [0x00000000c0000000,0x00000000c0f81748,0x00000000c4300000)
 Metaspace       used 42252K, committed 42944K, reserved 1114112K
  class space    used 4309K, committed 4608K, reserved 1048576K
}

Dll operation events (10 events):
Event: 0.021 Loaded shared library c:\Users\saiki\.vscode\extensions\redhat.java-1.34.0-win32-x64\jre\17.0.12-win32-x86_64\bin\java.dll
Event: 0.384 Loaded shared library c:\Users\saiki\.vscode\extensions\redhat.java-1.34.0-win32-x64\jre\17.0.12-win32-x86_64\bin\zip.dll
Event: 0.412 Loaded shared library C:\Users\saiki\.vscode\extensions\redhat.java-1.34.0-win32-x64\jre\17.0.12-win32-x86_64\bin\instrument.dll
Event: 0.440 Loaded shared library C:\Users\saiki\.vscode\extensions\redhat.java-1.34.0-win32-x64\jre\17.0.12-win32-x86_64\bin\net.dll
Event: 0.442 Loaded shared library C:\Users\saiki\.vscode\extensions\redhat.java-1.34.0-win32-x64\jre\17.0.12-win32-x86_64\bin\nio.dll
Event: 0.451 Loaded shared library C:\Users\saiki\.vscode\extensions\redhat.java-1.34.0-win32-x64\jre\17.0.12-win32-x86_64\bin\zip.dll
Event: 0.513 Loaded shared library C:\Users\saiki\.vscode\extensions\redhat.java-1.34.0-win32-x64\jre\17.0.12-win32-x86_64\bin\jimage.dll
Event: 0.668 Loaded shared library c:\Users\saiki\.vscode\extensions\redhat.java-1.34.0-win32-x64\jre\17.0.12-win32-x86_64\bin\verify.dll
Event: 2.843 Loaded shared library C:\Users\saiki\AppData\Roaming\Code\User\globalStorage\redhat.java\1.34.0\config_ss_win\org.eclipse.equinox.launcher\org.eclipse.equinox.launcher.win32.win32.x86_64_1.2.1100.v20240722-2106\eclipse_11904.dll
Event: 6.911 Loaded shared library C:\Users\saiki\AppData\Local\Temp\jna-109198969\jna3924967570189532574.dll

Deoptimization events (20 events):
Event: 10.442 Thread 0x0000018f38795d30 DEOPT PACKING pc=0x0000018f2115e61b sp=0x000000263b8f97f0
Event: 10.442 Thread 0x0000018f38795d30 DEOPT UNPACKING pc=0x0000018f28266e43 sp=0x000000263b8f8cf0 mode 0
Event: 10.445 Thread 0x0000018f38795d30 DEOPT PACKING pc=0x0000018f2115e61b sp=0x000000263b8f97f0
Event: 10.445 Thread 0x0000018f38795d30 DEOPT UNPACKING pc=0x0000018f28266e43 sp=0x000000263b8f8cf0 mode 0
Event: 10.518 Thread 0x0000018f38795d30 DEOPT PACKING pc=0x0000018f2115e61b sp=0x000000263b8f97f0
Event: 10.518 Thread 0x0000018f38795d30 DEOPT UNPACKING pc=0x0000018f28266e43 sp=0x000000263b8f8cf0 mode 0
Event: 10.541 Thread 0x0000018f38795d30 DEOPT PACKING pc=0x0000018f2115e61b sp=0x000000263b8f97f0
Event: 10.541 Thread 0x0000018f38795d30 DEOPT UNPACKING pc=0x0000018f28266e43 sp=0x000000263b8f8cf0 mode 0
Event: 10.553 Thread 0x0000018f38795d30 DEOPT PACKING pc=0x0000018f2115e61b sp=0x000000263b8f97f0
Event: 10.553 Thread 0x0000018f38795d30 DEOPT UNPACKING pc=0x0000018f28266e43 sp=0x000000263b8f8cf0 mode 0
Event: 10.907 Thread 0x0000018f38798ac0 DEOPT PACKING pc=0x0000018f21196445 sp=0x000000263b7f9120
Event: 10.907 Thread 0x0000018f38798ac0 DEOPT UNPACKING pc=0x0000018f28266e43 sp=0x000000263b7f85d0 mode 0
Event: 10.929 Thread 0x0000018f38798ac0 DEOPT PACKING pc=0x0000018f21196445 sp=0x000000263b7fbb60
Event: 10.929 Thread 0x0000018f38798ac0 DEOPT UNPACKING pc=0x0000018f28266e43 sp=0x000000263b7fb010 mode 0
Event: 11.326 Thread 0x0000018f38798ac0 DEOPT PACKING pc=0x0000018f20ecaf13 sp=0x000000263b7fc350
Event: 11.326 Thread 0x0000018f38798ac0 DEOPT UNPACKING pc=0x0000018f28266e43 sp=0x000000263b7fb888 mode 0
Event: 11.488 Thread 0x0000018f38798ac0 Uncommon trap: trap_request=0xffffff45 fr.pc=0x0000018f28929094 relative=0x0000000000000d14
Event: 11.488 Thread 0x0000018f38798ac0 Uncommon trap: reason=unstable_if action=reinterpret pc=0x0000018f28929094 method=java.util.TreeMap.put(Ljava/lang/Object;Ljava/lang/Object;Z)Ljava/lang/Object; @ 27 c2
Event: 11.488 Thread 0x0000018f38798ac0 DEOPT PACKING pc=0x0000018f28929094 sp=0x000000263b7fd450
Event: 11.488 Thread 0x0000018f38798ac0 DEOPT UNPACKING pc=0x0000018f282666a3 sp=0x000000263b7fd3f0 mode 2

Classes loaded (20 events):
Event: 9.608 Loading class sun/net/www/protocol/http/Handler done
Event: 9.608 Loading class sun/net/www/protocol/https/Handler done
Event: 9.724 Loading class java/nio/charset/CharacterCodingException
Event: 9.725 Loading class java/nio/charset/CharacterCodingException done
Event: 9.725 Loading class java/io/SequenceInputStream
Event: 9.725 Loading class java/io/SequenceInputStream done
Event: 9.753 Loading class java/io/FileReader
Event: 9.753 Loading class java/io/FileReader done
Event: 9.755 Loading class java/lang/UnsupportedClassVersionError
Event: 9.756 Loading class java/lang/UnsupportedClassVersionError done
Event: 9.760 Loading class java/util/regex/PatternSyntaxException
Event: 9.760 Loading class java/util/regex/PatternSyntaxException done
Event: 9.763 Loading class jdk/internal/reflect/UnsafeQualifiedStaticIntegerFieldAccessorImpl
Event: 9.764 Loading class jdk/internal/reflect/UnsafeQualifiedStaticIntegerFieldAccessorImpl done
Event: 9.807 Loading class java/lang/ExceptionInInitializerError
Event: 9.808 Loading class java/lang/ExceptionInInitializerError done
Event: 10.988 Loading class java/util/Vector$1
Event: 10.988 Loading class java/util/Vector$1 done
Event: 11.539 Loading class java/util/regex/Pattern$Caret
Event: 11.539 Loading class java/util/regex/Pattern$Caret done

Classes unloaded (7 events):
Event: 4.639 Thread 0x0000018f1e0fecd0 Unloading class 0x0000000100219c00 'java/lang/invoke/LambdaForm$MH+0x0000000100219c00'
Event: 4.639 Thread 0x0000018f1e0fecd0 Unloading class 0x0000000100219800 'java/lang/invoke/LambdaForm$MH+0x0000000100219800'
Event: 4.639 Thread 0x0000018f1e0fecd0 Unloading class 0x0000000100219400 'java/lang/invoke/LambdaForm$MH+0x0000000100219400'
Event: 4.639 Thread 0x0000018f1e0fecd0 Unloading class 0x0000000100219000 'java/lang/invoke/LambdaForm$MH+0x0000000100219000'
Event: 4.639 Thread 0x0000018f1e0fecd0 Unloading class 0x0000000100218c00 'java/lang/invoke/LambdaForm$BMH+0x0000000100218c00'
Event: 4.639 Thread 0x0000018f1e0fecd0 Unloading class 0x0000000100218800 'java/lang/invoke/LambdaForm$DMH+0x0000000100218800'
Event: 4.639 Thread 0x0000018f1e0fecd0 Unloading class 0x0000000100211400 'java/lang/invoke/LambdaForm$DMH+0x0000000100211400'

Classes redefined (0 events):
No events

Internal exceptions (20 events):
Event: 9.778 Thread 0x0000018f38798ac0 Exception <a 'java/lang/NoSuchMethodError'{0x00000000ebd69c40}: 'void java.lang.invoke.DirectMethodHandle$Holder.invokeVirtual(java.lang.Object, java.lang.Object, java.lang.Object, java.lang.Object)'> (0x00000000ebd69c40) 
thrown [s\src\hotspot\share\interpreter\linkResolver.cpp, line 759]
Event: 9.812 Thread 0x0000018f387943e0 Exception <a 'sun/nio/fs/WindowsException'{0x00000000eb508470}> (0x00000000eb508470) 
thrown [s\src\hotspot\share\prims\jni.cpp, line 516]
Event: 9.812 Thread 0x0000018f387943e0 Exception <a 'sun/nio/fs/WindowsException'{0x00000000eb508d50}> (0x00000000eb508d50) 
thrown [s\src\hotspot\share\prims\jni.cpp, line 516]
Event: 9.813 Thread 0x0000018f387943e0 Exception <a 'sun/nio/fs/WindowsException'{0x00000000eb509a80}> (0x00000000eb509a80) 
thrown [s\src\hotspot\share\prims\jni.cpp, line 516]
Event: 9.813 Thread 0x0000018f387943e0 Exception <a 'sun/nio/fs/WindowsException'{0x00000000eb50a360}> (0x00000000eb50a360) 
thrown [s\src\hotspot\share\prims\jni.cpp, line 516]
Event: 9.815 Thread 0x0000018f38798ac0 Exception <a 'sun/nio/fs/WindowsException'{0x00000000ebe55f80}> (0x00000000ebe55f80) 
thrown [s\src\hotspot\share\prims\jni.cpp, line 516]
Event: 9.816 Thread 0x0000018f38798ac0 Exception <a 'sun/nio/fs/WindowsException'{0x00000000ebe565b8}> (0x00000000ebe565b8) 
thrown [s\src\hotspot\share\prims\jni.cpp, line 516]
Event: 9.817 Thread 0x0000018f38798ac0 Exception <a 'sun/nio/fs/WindowsException'{0x00000000ebe56f78}> (0x00000000ebe56f78) 
thrown [s\src\hotspot\share\prims\jni.cpp, line 516]
Event: 9.817 Thread 0x0000018f38798ac0 Exception <a 'sun/nio/fs/WindowsException'{0x00000000ebe575b0}> (0x00000000ebe575b0) 
thrown [s\src\hotspot\share\prims\jni.cpp, line 516]
Event: 9.888 Thread 0x0000018f38798ac0 Exception <a 'sun/nio/fs/WindowsException'{0x00000000eac51398}> (0x00000000eac51398) 
thrown [s\src\hotspot\share\prims\jni.cpp, line 516]
Event: 9.940 Thread 0x0000018f38798ac0 Exception <a 'sun/nio/fs/WindowsException'{0x00000000eadd2d90}> (0x00000000eadd2d90) 
thrown [s\src\hotspot\share\prims\jni.cpp, line 516]
Event: 9.941 Thread 0x0000018f387943e0 Exception <a 'sun/nio/fs/WindowsException'{0x00000000eae089f0}> (0x00000000eae089f0) 
thrown [s\src\hotspot\share\prims\jni.cpp, line 516]
Event: 9.955 Thread 0x0000018f38798ac0 Exception <a 'sun/nio/fs/WindowsException'{0x00000000eaf2c038}> (0x00000000eaf2c038) 
thrown [s\src\hotspot\share\prims\jni.cpp, line 516]
Event: 9.974 Thread 0x0000018f387943e0 Exception <a 'sun/nio/fs/WindowsException'{0x00000000eaebced8}> (0x00000000eaebced8) 
thrown [s\src\hotspot\share\prims\jni.cpp, line 516]
Event: 9.991 Thread 0x0000018f387943e0 Exception <a 'sun/nio/fs/WindowsException'{0x00000000eb09f5f0}> (0x00000000eb09f5f0) 
thrown [s\src\hotspot\share\prims\jni.cpp, line 516]
Event: 9.999 Thread 0x0000018f387943e0 Exception <a 'sun/nio/fs/WindowsException'{0x00000000eb10d380}> (0x00000000eb10d380) 
thrown [s\src\hotspot\share\prims\jni.cpp, line 516]
Event: 10.279 Thread 0x0000018f38798fd0 Exception <a 'java/lang/LinkageError'{0x00000000eb83e878}: loader lombok.launch.ShadowClassLoader @710f22e1 attempted duplicate class definition for lombok.launch.PatchFixesHider$ValPortal. (lombok.launch.PatchFixesHider$ValPortal is in unnamed module of loader lombok.launch.ShadowClassLoader @710f22e1, parent loader org.eclipse.osgi.internal.loader.EquinoxClassLoader @58482e5c)> (0x00000000eb83e878) 
thrown [s\src\hotspot\share\classfile\systemDictionary.cpp, line 1723]
Event: 10.283 Thread 0x0000018f38795d30 Exception <a 'java/lang/LinkageError'{0x00000000eb8953c0}: loader lombok.launch.ShadowClassLoader @710f22e1 attempted duplicate class definition for lombok.launch.PatchFixesHider$ValPortal. (lombok.launch.PatchFixesHider$ValPortal is in unnamed module of loader lombok.launch.ShadowClassLoader @710f22e1, parent loader org.eclipse.osgi.internal.loader.EquinoxClassLoader @58482e5c)> (0x00000000eb8953c0) 
thrown [s\src\hotspot\share\classfile\systemDictionary.cpp, line 1723]
Event: 10.743 Thread 0x0000018f38795d30 Exception <a 'java/lang/LinkageError'{0x00000000eb588410}: loader lombok.launch.ShadowClassLoader @710f22e1 attempted duplicate class definition for lombok.launch.PatchFixesHider$Transform. (lombok.launch.PatchFixesHider$Transform is in unnamed module of loader lombok.launch.ShadowClassLoader @710f22e1, parent loader org.eclipse.osgi.internal.loader.EquinoxClassLoader @58482e5c)> (0x00000000eb588410) 
thrown [s\src\hotspot\share\classfile\systemDictionary.cpp, line 1723]
Event: 11.488 Thread 0x0000018f38798ac0 Implicit null exception at 0x0000018f289283d0 to 0x0000018f28929078

VM Operations (20 events):
Event: 8.221 Executing VM operation: ParallelGCFailedAllocation
Event: 8.227 Executing VM operation: ParallelGCFailedAllocation done
Event: 8.452 Executing VM operation: HandshakeAllThreads
Event: 8.452 Executing VM operation: HandshakeAllThreads done
Event: 8.881 Executing VM operation: CollectForMetadataAllocation
Event: 8.913 Executing VM operation: CollectForMetadataAllocation done
Event: 9.018 Executing VM operation: HandshakeAllThreads
Event: 9.018 Executing VM operation: HandshakeAllThreads done
Event: 9.042 Executing VM operation: HandshakeAllThreads
Event: 9.042 Executing VM operation: HandshakeAllThreads done
Event: 9.850 Executing VM operation: ParallelGCFailedAllocation
Event: 9.865 Executing VM operation: ParallelGCFailedAllocation done
Event: 10.078 Executing VM operation: HandshakeAllThreads
Event: 10.081 Executing VM operation: HandshakeAllThreads done
Event: 10.368 Executing VM operation: ParallelGCFailedAllocation
Event: 10.373 Executing VM operation: ParallelGCFailedAllocation done
Event: 10.542 Executing VM operation: ParallelGCFailedAllocation
Event: 10.544 Executing VM operation: ParallelGCFailedAllocation done
Event: 10.962 Executing VM operation: ParallelGCFailedAllocation
Event: 10.967 Executing VM operation: ParallelGCFailedAllocation done

Events (20 events):
Event: 6.936 Thread 0x0000018f38619070 Thread added: 0x0000018f38619070
Event: 7.060 Thread 0x0000018f3861aed0 Thread added: 0x0000018f3861aed0
Event: 7.061 Thread 0x0000018f38619580 Thread added: 0x0000018f38619580
Event: 7.061 Thread 0x0000018f3861b3e0 Thread added: 0x0000018f3861b3e0
Event: 7.061 Thread 0x0000018f38619a90 Thread added: 0x0000018f38619a90
Event: 7.061 Thread 0x0000018f3861a4b0 Thread added: 0x0000018f3861a4b0
Event: 7.061 Thread 0x0000018f38619fa0 Thread added: 0x0000018f38619fa0
Event: 7.061 Thread 0x0000018f3861b8f0 Thread added: 0x0000018f3861b8f0
Event: 7.227 Thread 0x0000018f38796750 Thread added: 0x0000018f38796750
Event: 7.798 Thread 0x0000018f38792fa0 Thread added: 0x0000018f38792fa0
Event: 7.801 Thread 0x0000018f387943e0 Thread added: 0x0000018f387943e0
Event: 8.823 Thread 0x0000018f38798fd0 Thread added: 0x0000018f38798fd0
Event: 8.855 Thread 0x0000018f38798ac0 Thread added: 0x0000018f38798ac0
Event: 8.864 Thread 0x0000018f38795d30 Thread added: 0x0000018f38795d30
Event: 9.476 Thread 0x0000018f387934b0 Thread added: 0x0000018f387934b0
Event: 9.501 Thread 0x0000018f387934b0 Thread exited: 0x0000018f387934b0
Event: 9.592 Thread 0x0000018f38792580 Thread added: 0x0000018f38792580
Event: 9.602 Thread 0x0000018f39580e80 Thread added: 0x0000018f39580e80
Event: 9.677 Thread 0x0000018f380575e0 Thread exited: 0x0000018f380575e0
Event: 11.484 Thread 0x0000018f39580e80 Thread exited: 0x0000018f39580e80


Dynamic libraries:
0x00007ff68d2c0000 - 0x00007ff68d2ce000 	c:\Users\saiki\.vscode\extensions\redhat.java-1.34.0-win32-x64\jre\17.0.12-win32-x86_64\bin\java.exe
0x00007ffcf1130000 - 0x00007ffcf1347000 	C:\WINDOWS\SYSTEM32\ntdll.dll
0x00007ffcf03a0000 - 0x00007ffcf0464000 	C:\WINDOWS\System32\KERNEL32.DLL
0x00007ffcee450000 - 0x00007ffcee7fd000 	C:\WINDOWS\System32\KERNELBASE.dll
0x00007ffcee8d0000 - 0x00007ffcee9e1000 	C:\WINDOWS\System32\ucrtbase.dll
0x00007ffcdd1a0000 - 0x00007ffcdd1b7000 	c:\Users\saiki\.vscode\extensions\redhat.java-1.34.0-win32-x64\jre\17.0.12-win32-x86_64\bin\jli.dll
0x00007ffcef850000 - 0x00007ffcef9fe000 	C:\WINDOWS\System32\USER32.dll
0x00007ffceee30000 - 0x00007ffceee56000 	C:\WINDOWS\System32\win32u.dll
0x00007ffcf0290000 - 0x00007ffcf02b9000 	C:\WINDOWS\System32\GDI32.dll
0x00007ffceeb60000 - 0x00007ffceec79000 	C:\WINDOWS\System32\gdi32full.dll
0x00007ffcee830000 - 0x00007ffcee8ca000 	C:\WINDOWS\System32\msvcp_win.dll
0x00007ffcd77a0000 - 0x00007ffcd77bb000 	c:\Users\saiki\.vscode\extensions\redhat.java-1.34.0-win32-x64\jre\17.0.12-win32-x86_64\bin\VCRUNTIME140.dll
0x00007ffcce8d0000 - 0x00007ffcceb63000 	C:\WINDOWS\WinSxS\amd64_microsoft.windows.common-controls_6595b64144ccf1df_6.0.22621.3672_none_2713b9d173822955\COMCTL32.dll
0x00007ffcf00c0000 - 0x00007ffcf0167000 	C:\WINDOWS\System32\msvcrt.dll
0x00007ffcefb90000 - 0x00007ffcefbc1000 	C:\WINDOWS\System32\IMM32.DLL
0x00007ffce7490000 - 0x00007ffce749c000 	c:\Users\saiki\.vscode\extensions\redhat.java-1.34.0-win32-x64\jre\17.0.12-win32-x86_64\bin\vcruntime140_1.dll
0x00007ffcbb820000 - 0x00007ffcbb8ad000 	c:\Users\saiki\.vscode\extensions\redhat.java-1.34.0-win32-x64\jre\17.0.12-win32-x86_64\bin\msvcp140.dll
0x00007ffc82d30000 - 0x00007ffc8399a000 	c:\Users\saiki\.vscode\extensions\redhat.java-1.34.0-win32-x64\jre\17.0.12-win32-x86_64\bin\server\jvm.dll
0x00007ffcf01c0000 - 0x00007ffcf0272000 	C:\WINDOWS\System32\ADVAPI32.dll
0x00007ffcf0db0000 - 0x00007ffcf0e59000 	C:\WINDOWS\System32\sechost.dll
0x00007ffcee800000 - 0x00007ffcee828000 	C:\WINDOWS\System32\bcrypt.dll
0x00007ffcf0810000 - 0x00007ffcf0924000 	C:\WINDOWS\System32\RPCRT4.dll
0x00007ffcf04b0000 - 0x00007ffcf0521000 	C:\WINDOWS\System32\WS2_32.dll
0x00007ffcee270000 - 0x00007ffcee2bd000 	C:\WINDOWS\SYSTEM32\POWRPROF.dll
0x00007ffce7140000 - 0x00007ffce7174000 	C:\WINDOWS\SYSTEM32\WINMM.dll
0x00007ffce3060000 - 0x00007ffce306a000 	C:\WINDOWS\SYSTEM32\VERSION.dll
0x00007ffcee150000 - 0x00007ffcee163000 	C:\WINDOWS\SYSTEM32\UMPDC.dll
0x00007ffced460000 - 0x00007ffced478000 	C:\WINDOWS\SYSTEM32\kernel.appcore.dll
0x00007ffcdd330000 - 0x00007ffcdd33a000 	c:\Users\saiki\.vscode\extensions\redhat.java-1.34.0-win32-x64\jre\17.0.12-win32-x86_64\bin\jimage.dll
0x00007ffcebcf0000 - 0x00007ffcebf22000 	C:\WINDOWS\SYSTEM32\DBGHELP.DLL
0x00007ffcefbd0000 - 0x00007ffceff5e000 	C:\WINDOWS\System32\combase.dll
0x00007ffcf1010000 - 0x00007ffcf10e7000 	C:\WINDOWS\System32\OLEAUT32.dll
0x00007ffcdfc70000 - 0x00007ffcdfca2000 	C:\WINDOWS\SYSTEM32\dbgcore.DLL
0x00007ffceedb0000 - 0x00007ffceee2b000 	C:\WINDOWS\System32\bcryptPrimitives.dll
0x00007ffcd7790000 - 0x00007ffcd779e000 	c:\Users\saiki\.vscode\extensions\redhat.java-1.34.0-win32-x64\jre\17.0.12-win32-x86_64\bin\instrument.dll
0x00007ffcd6210000 - 0x00007ffcd6235000 	c:\Users\saiki\.vscode\extensions\redhat.java-1.34.0-win32-x64\jre\17.0.12-win32-x86_64\bin\java.dll
0x00007ffcbb800000 - 0x00007ffcbb818000 	c:\Users\saiki\.vscode\extensions\redhat.java-1.34.0-win32-x64\jre\17.0.12-win32-x86_64\bin\zip.dll
0x00007ffceef80000 - 0x00007ffcef7e7000 	C:\WINDOWS\System32\SHELL32.dll
0x00007ffcec380000 - 0x00007ffcecc7f000 	C:\WINDOWS\SYSTEM32\windows.storage.dll
0x00007ffcec240000 - 0x00007ffcec37f000 	C:\WINDOWS\SYSTEM32\wintypes.dll
0x00007ffcf0530000 - 0x00007ffcf0629000 	C:\WINDOWS\System32\SHCORE.dll
0x00007ffcef7f0000 - 0x00007ffcef84e000 	C:\WINDOWS\System32\shlwapi.dll
0x00007ffcee380000 - 0x00007ffcee3a7000 	C:\WINDOWS\SYSTEM32\profapi.dll
0x00007ffcd6540000 - 0x00007ffcd6559000 	C:\Users\saiki\.vscode\extensions\redhat.java-1.34.0-win32-x64\jre\17.0.12-win32-x86_64\bin\net.dll
0x00007ffcea390000 - 0x00007ffcea4c6000 	C:\WINDOWS\SYSTEM32\WINHTTP.dll
0x00007ffced8c0000 - 0x00007ffced929000 	C:\WINDOWS\system32\mswsock.dll
0x00007ffcd6110000 - 0x00007ffcd6126000 	C:\Users\saiki\.vscode\extensions\redhat.java-1.34.0-win32-x64\jre\17.0.12-win32-x86_64\bin\nio.dll
0x00007ffcd6510000 - 0x00007ffcd6520000 	c:\Users\saiki\.vscode\extensions\redhat.java-1.34.0-win32-x64\jre\17.0.12-win32-x86_64\bin\verify.dll
0x00007ffcd5fb0000 - 0x00007ffcd5ff5000 	C:\Users\saiki\AppData\Roaming\Code\User\globalStorage\redhat.java\1.34.0\config_ss_win\org.eclipse.equinox.launcher\org.eclipse.equinox.launcher.win32.win32.x86_64_1.2.1100.v20240722-2106\eclipse_11904.dll
0x00007ffcf0e60000 - 0x00007ffcf1005000 	C:\WINDOWS\System32\ole32.dll
0x00007ffcedc10000 - 0x00007ffcedc2b000 	C:\WINDOWS\SYSTEM32\CRYPTSP.dll
0x00007ffced3c0000 - 0x00007ffced3f5000 	C:\WINDOWS\system32\rsaenh.dll
0x00007ffced960000 - 0x00007ffced988000 	C:\WINDOWS\SYSTEM32\USERENV.dll
0x00007ffcedac0000 - 0x00007ffcedacc000 	C:\WINDOWS\SYSTEM32\CRYPTBASE.dll
0x00007ffcecee0000 - 0x00007ffcecf0d000 	C:\WINDOWS\SYSTEM32\IPHLPAPI.DLL
0x00007ffcf0280000 - 0x00007ffcf0289000 	C:\WINDOWS\System32\NSI.dll
0x00007ffce7b30000 - 0x00007ffce7b49000 	C:\WINDOWS\SYSTEM32\dhcpcsvc6.DLL
0x00007ffce7660000 - 0x00007ffce767f000 	C:\WINDOWS\SYSTEM32\dhcpcsvc.DLL
0x00007ffcecf10000 - 0x00007ffced008000 	C:\WINDOWS\SYSTEM32\DNSAPI.dll
0x00007ffca5720000 - 0x00007ffca5765000 	C:\Users\saiki\AppData\Local\Temp\jna-109198969\jna3924967570189532574.dll
0x00007ffcf04a0000 - 0x00007ffcf04a8000 	C:\WINDOWS\System32\PSAPI.DLL

dbghelp: loaded successfully - version: 4.0.5 - missing functions: none
symbol engine: initialized successfully - sym options: 0x614 - pdb path: .;c:\Users\saiki\.vscode\extensions\redhat.java-1.34.0-win32-x64\jre\17.0.12-win32-x86_64\bin;C:\WINDOWS\SYSTEM32;C:\WINDOWS\WinSxS\amd64_microsoft.windows.common-controls_6595b64144ccf1df_6.0.22621.3672_none_2713b9d173822955;c:\Users\saiki\.vscode\extensions\redhat.java-1.34.0-win32-x64\jre\17.0.12-win32-x86_64\bin\server;C:\Users\saiki\AppData\Roaming\Code\User\globalStorage\redhat.java\1.34.0\config_ss_win\org.eclipse.equinox.launcher\org.eclipse.equinox.launcher.win32.win32.x86_64_1.2.1100.v20240722-2106;C:\Users\saiki\AppData\Local\Temp\jna-109198969

VM Arguments:
jvm_args: --add-modules=ALL-SYSTEM --add-opens=java.base/java.util=ALL-UNNAMED --add-opens=java.base/java.lang=ALL-UNNAMED --add-opens=java.base/sun.nio.fs=ALL-UNNAMED -Declipse.application=org.eclipse.jdt.ls.core.id1 -Dosgi.bundles.defaultStartLevel=4 -Declipse.product=org.eclipse.jdt.ls.core.product -Djava.import.generatesMetadataFilesAtProjectRoot=false -DDetectVMInstallationsJob.disabled=true -Dfile.encoding=utf8 -XX:+UseParallelGC -XX:GCTimeRatio=4 -XX:AdaptiveSizePolicyWeight=90 -Dsun.zip.disableMemoryMapping=true -Xmx1G -Xms100m -Xlog:disable -javaagent:c:\Users\saiki\.vscode\extensions\redhat.java-1.34.0-win32-x64\lombok\lombok-1.18.33.jar 
java_command: c:\Users\saiki\.vscode\extensions\redhat.java-1.34.0-win32-x64\server\plugins\org.eclipse.equinox.launcher_1.6.900.v20240613-2009.jar -configuration c:\Users\saiki\AppData\Roaming\Code\User\globalStorage\redhat.java\1.34.0\config_ss_win -data c:\Users\saiki\AppData\Roaming\Code\User\workspaceStorage\e3fd7e6f57146df4fcd031bbb4822ab2\redhat.java\ss_ws --pipe=\\.\pipe\lsp-f9fe998f1ea6f2259d62e49bb849964a-sock
java_class_path (initial): c:\Users\saiki\.vscode\extensions\redhat.java-1.34.0-win32-x64\server\plugins\org.eclipse.equinox.launcher_1.6.900.v20240613-2009.jar
Launcher Type: SUN_STANDARD

[Global flags]
    uintx AdaptiveSizePolicyWeight                 = 90                                        {product} {command line}
     intx CICompilerCount                          = 3                                         {product} {ergonomic}
    uintx GCTimeRatio                              = 4                                         {product} {command line}
   size_t InitialHeapSize                          = 104857600                                 {product} {command line}
   size_t MaxHeapSize                              = 1073741824                                {product} {command line}
   size_t MaxNewSize                               = 357564416                                 {product} {ergonomic}
   size_t MinHeapDeltaBytes                        = 524288                                    {product} {ergonomic}
   size_t MinHeapSize                              = 104857600                                 {product} {command line}
   size_t NewSize                                  = 34603008                                  {product} {ergonomic}
    uintx NonNMethodCodeHeapSize                   = 5832780                                {pd product} {ergonomic}
    uintx NonProfiledCodeHeapSize                  = 122912730                              {pd product} {ergonomic}
   size_t OldSize                                  = 70254592                                  {product} {ergonomic}
    uintx ProfiledCodeHeapSize                     = 122912730                              {pd product} {ergonomic}
    uintx ReservedCodeCacheSize                    = 251658240                              {pd product} {ergonomic}
     bool SegmentedCodeCache                       = true                                      {product} {ergonomic}
   size_t SoftMaxHeapSize                          = 1073741824                             {manageable} {ergonomic}
     bool UseCompressedClassPointers               = true                           {product lp64_product} {ergonomic}
     bool UseCompressedOops                        = true                           {product lp64_product} {ergonomic}
     bool UseLargePagesIndividualAllocation        = false                                  {pd product} {ergonomic}
     bool UseParallelGC                            = true                                      {product} {command line}

Logging:
Log output configuration:
 #0: stdout all=off uptime,level,tags
 #1: stderr all=off uptime,level,tags

Environment Variables:
JAVA_HOME=C:\Program Files\Java\jdk-22
PATH=C:\Program Files\Eclipse Adoptium\jdk-21.0.4.7-hotspot\bin;C:\Program Files\Eclipse Adoptium\jdk-21.0.4.7-hotspot\\bin;C:\Program Files\MongoDB\Server\7.0\bin;C:\Program Files\Common Files\Oracle\Java\javapath;C:\Program Files (x86)\Common Files\Oracle\Java\java8path;C:\Program Files (x86)\Common Files\Oracle\Java\javapath;C:\WINDOWS\system32;C:\WINDOWS;C:\WINDOWS\System32\Wbem;C:\WINDOWS\System32\WindowsPowerShell\v1.0\;C:\WINDOWS\System32\OpenSSH\;C:\Program Files\Microsoft SQL Server\150\Tools\Binn\;C:\Program Files\Microsoft SQL Server\Client SDK\ODBC\170\Tools\Binn\;C:\winlibs-x86_64-mcf-seh-gcc-13.2.0-llvm-16.0.6-mingw-w64ucrt-11.0.1-r2 (1)\mingw64\bin;C:\Strawberry\c\bin;C:\Strawberry\perl\site\bin;C:\Strawberry\perl\bin;C:\MinGW\bin;C:\Program Files\PowerShell\7-preview\preview;C:\Program Files\dotnet\;C:\Program Files\PuTTY\;C:\Users\saiki\AppData\Local\Android\Sdk\platform-tools;C:\Users\saiki\AppData\Local\Android\Sdk\platforms;C:\Users\saiki\AppData\Local\Android\Sdk\cmdline-tools\latest\bin;C:\Users\saiki\AppData\Local\Android\Sdk\emulator;C:\Program Files\Git\cmd;C:\ProgramData\chocolatey\bin;C:\Users\saiki\AppData\Roaming\nvm;C:\Program Files\nodejs;C:\Program Files\nodejs\;C:\Users\saiki\miniconda3;C:\Users\saiki\miniconda3\Scripts;C:\Users\saiki\miniconda3\Library\bin;C:\Program Files\PowerShell\7\;C:\Users\saiki\Desktop\CSP-584-Assignments\Assignment-1\apache-maven-3.9.9\bin;C:\Users\saiki\AppData\Local\Programs\Python\Python310\Scripts\;C:\Users\saiki\AppData\Local\Programs\Python\Python310\;C:\Users\saiki\dev\flutter\bin;C:\Program Files\Java\jdk-22\bin;C:\Users\saiki\AppData\Local\Programs\Python\Launcher\;C:\Program Files\MySQL\MySQL Shell 8.0\bin\;C:\Users\saiki\AppData\Local\Microsoft\WindowsApps;C:\Program Files\JetBrains\CLion 2023.3.4\bin;;C:\Program Files\JetBrains\PyCharm 2023.3.4\bin;;C:\Users\saiki\.dotnet\tools;C:\Program Files\JetBrains\IntelliJ IDEA 2024.1\bin;;C:\Users\saiki\AppData\Local\GitHubDesktop\bin;C:\Users\saiki\AppData\
USERNAME=saiki
OS=Windows_NT
PROCESSOR_IDENTIFIER=AMD64 Family 23 Model 96 Stepping 1, AuthenticAMD
TMP=C:\Users\saiki\AppData\Local\Temp
TEMP=C:\Users\saiki\AppData\Local\Temp



Periodic native trim disabled


---------------  S Y S T E M  ---------------

OS:
 Windows 11 , 64 bit Build 22621 (10.0.22621.3958)
OS uptime: 2 days 12:49 hours
Hyper-V role detected

CPU: total 6 (initial active 6) (6 cores per cpu, 1 threads per core) family 23 model 96 stepping 1 microcode 0x0, cx8, cmov, fxsr, mmx, 3dnowpref, sse, sse2, sse3, ssse3, sse4a, sse4.1, sse4.2, popcnt, lzcnt, tsc, tscinvbit, avx, avx2, aes, clmul, bmi1, bmi2, adx, sha, fma, vzeroupper, clflush, clflushopt, hv
Processor Information for all 6 processors :
  Max Mhz: 2375, Current Mhz: 2375, Mhz Limit: 2375

Memory: 4k page, system-wide physical 7564M (147M free)
TotalPageFile size 31116M (AvailPageFile size 1M)
current process WorkingSet (physical memory assigned to process): 184M, peak: 207M
current process commit charge ("private bytes"): 281M, peak: 299M

vm_info: OpenJDK 64-Bit Server VM (17.0.12+7) for windows-amd64 JRE (17.0.12+7), built on Jul 16 2024 22:08:24 by "admin" with MS VC++ 16.10 / 16.11 (VS2019)

END.
